[0.703s] [34mcolcon[0m [1;30mDEBUG[0m [32mCommand line arguments: ['C:\\Python37\\Scripts\\colcon', 'build'][0m
[0.703s] [34mcolcon[0m [1;30mDEBUG[0m [32mParsed command line arguments: Namespace(ament_cmake_args=None, base_paths=['.'], build_base='build', catkin_cmake_args=None, catkin_skip_building_tests=False, cmake_args=None, cmake_clean_cache=False, cmake_clean_first=False, cmake_force_configure=False, cmake_target=None, cmake_target_skip_unavailable=False, continue_on_error=False, event_handlers=None, executor='parallel', ignore_user_meta=False, install_base='install', log_base=None, log_level=None, main=<bound method BuildVerb.main of <colcon_core.verb.build.BuildVerb object at 0x000001F8C0366D88>>, merge_install=False, metas=['./colcon.meta'], packages_above=None, packages_above_and_dependencies=None, packages_above_depth=None, packages_end=None, packages_ignore=None, packages_ignore_regex=None, packages_select=None, packages_select_build_failed=False, packages_select_by_dep=None, packages_select_regex=None, packages_select_test_failures=False, packages_skip=None, packages_skip_build_finished=False, packages_skip_by_dep=None, packages_skip_regex=None, packages_skip_test_passed=False, packages_skip_up_to=None, packages_start=None, packages_up_to=None, packages_up_to_regex=None, parallel_workers=12, paths=None, symlink_install=False, test_result_base=None, verb_extension=<colcon_core.verb.build.BuildVerb object at 0x000001F8C0366D88>, verb_name='build', verb_parser=<colcon_defaults.argument_parser.defaults.DefaultArgumentsDecorator object at 0x000001F8C03693C8>)[0m
[0.765s] [34mcolcon.colcon_core.package_discovery[0m [1;30mLevel 1[0m discover_packages(colcon_meta) check parameters
[0.765s] [34mcolcon.colcon_core.package_discovery[0m [1;30mLevel 1[0m discover_packages(recursive) check parameters
[0.765s] [34mcolcon.colcon_core.package_discovery[0m [1;30mLevel 1[0m discover_packages(ignore) check parameters
[0.765s] [34mcolcon.colcon_core.package_discovery[0m [1;30mLevel 1[0m discover_packages(path) check parameters
[0.765s] [34mcolcon.colcon_core.package_discovery[0m [1;30mLevel 1[0m discover_packages(colcon_meta) discover
[0.765s] [34mcolcon.colcon_core.package_discovery[0m [1;30mLevel 1[0m discover_packages(recursive) discover
[0.765s] [34mcolcon.colcon_core.package_discovery[0m [1;30mINFO[0m Crawling recursively for packages in 'C:\Users\SSAFY\Desktop\project\S09P22B201\ros\catkin_ws'
[0.765s] [34mcolcon.colcon_core.package_identification[0m [1;30mLevel 1[0m _identify(.) by extensions ['ignore', 'ignore_ament_install']
[0.765s] [34mcolcon.colcon_core.package_identification[0m [1;30mLevel 1[0m _identify(.) by extension 'ignore'
[0.765s] [34mcolcon.colcon_core.package_identification[0m [1;30mLevel 1[0m _identify(.) by extension 'ignore_ament_install'
[0.765s] [34mcolcon.colcon_core.package_identification[0m [1;30mLevel 1[0m _identify(.) by extensions ['colcon_pkg']
[0.765s] [34mcolcon.colcon_core.package_identification[0m [1;30mLevel 1[0m _identify(.) by extension 'colcon_pkg'
[0.765s] [34mcolcon.colcon_core.package_identification[0m [1;30mLevel 1[0m _identify(.) by extensions ['colcon_meta']
[0.765s] [34mcolcon.colcon_core.package_identification[0m [1;30mLevel 1[0m _identify(.) by extension 'colcon_meta'
[0.765s] [34mcolcon.colcon_core.package_identification[0m [1;30mLevel 1[0m _identify(.) by extensions ['ros']
[0.765s] [34mcolcon.colcon_core.package_identification[0m [1;30mLevel 1[0m _identify(.) by extension 'ros'
[0.797s] [34mcolcon.colcon_core.package_identification[0m [1;30mLevel 1[0m _identify(.) by extensions ['cmake', 'python']
[0.797s] [34mcolcon.colcon_core.package_identification[0m [1;30mLevel 1[0m _identify(.) by extension 'cmake'
[0.797s] [34mcolcon.colcon_core.package_identification[0m [1;30mLevel 1[0m _identify(.) by extension 'python'
[0.797s] [34mcolcon.colcon_core.package_identification[0m [1;30mLevel 1[0m _identify(.) by extensions ['python_setup_py']
[0.797s] [34mcolcon.colcon_core.package_identification[0m [1;30mLevel 1[0m _identify(.) by extension 'python_setup_py'
[0.797s] [34mcolcon.colcon_core.package_identification[0m [1;30mLevel 1[0m _identify(build) by extensions ['ignore', 'ignore_ament_install']
[0.797s] [34mcolcon.colcon_core.package_identification[0m [1;30mLevel 1[0m _identify(build) by extension 'ignore'
[0.797s] [34mcolcon.colcon_core.package_identification[0m [1;30mLevel 1[0m _identify(build) ignored
[0.797s] [34mcolcon.colcon_core.package_identification[0m [1;30mLevel 1[0m _identify(install) by extensions ['ignore', 'ignore_ament_install']
[0.797s] [34mcolcon.colcon_core.package_identification[0m [1;30mLevel 1[0m _identify(install) by extension 'ignore'
[0.797s] [34mcolcon.colcon_core.package_identification[0m [1;30mLevel 1[0m _identify(install) ignored
[0.797s] [34mcolcon.colcon_core.package_identification[0m [1;30mLevel 1[0m _identify(log) by extensions ['ignore', 'ignore_ament_install']
[0.797s] [34mcolcon.colcon_core.package_identification[0m [1;30mLevel 1[0m _identify(log) by extension 'ignore'
[0.797s] [34mcolcon.colcon_core.package_identification[0m [1;30mLevel 1[0m _identify(log) ignored
[0.797s] [34mcolcon.colcon_core.package_identification[0m [1;30mLevel 1[0m _identify(src) by extensions ['ignore', 'ignore_ament_install']
[0.797s] [34mcolcon.colcon_core.package_identification[0m [1;30mLevel 1[0m _identify(src) by extension 'ignore'
[0.797s] [34mcolcon.colcon_core.package_identification[0m [1;30mLevel 1[0m _identify(src) by extension 'ignore_ament_install'
[0.797s] [34mcolcon.colcon_core.package_identification[0m [1;30mLevel 1[0m _identify(src) by extensions ['colcon_pkg']
[0.797s] [34mcolcon.colcon_core.package_identification[0m [1;30mLevel 1[0m _identify(src) by extension 'colcon_pkg'
[0.797s] [34mcolcon.colcon_core.package_identification[0m [1;30mLevel 1[0m _identify(src) by extensions ['colcon_meta']
[0.797s] [34mcolcon.colcon_core.package_identification[0m [1;30mLevel 1[0m _identify(src) by extension 'colcon_meta'
[0.797s] [34mcolcon.colcon_core.package_identification[0m [1;30mLevel 1[0m _identify(src) by extensions ['ros']
[0.797s] [34mcolcon.colcon_core.package_identification[0m [1;30mLevel 1[0m _identify(src) by extension 'ros'
[0.797s] [34mcolcon.colcon_core.package_identification[0m [1;30mLevel 1[0m _identify(src) by extensions ['cmake', 'python']
[0.797s] [34mcolcon.colcon_core.package_identification[0m [1;30mLevel 1[0m _identify(src) by extension 'cmake'
[0.797s] [34mcolcon.colcon_core.package_identification[0m [1;30mLevel 1[0m _identify(src) by extension 'python'
[0.797s] [34mcolcon.colcon_core.package_identification[0m [1;30mLevel 1[0m _identify(src) by extensions ['python_setup_py']
[0.797s] [34mcolcon.colcon_core.package_identification[0m [1;30mLevel 1[0m _identify(src) by extension 'python_setup_py'
[0.797s] [34mcolcon.colcon_core.package_identification[0m [1;30mLevel 1[0m _identify(src\ssafy_bridge) by extensions ['ignore', 'ignore_ament_install']
[0.797s] [34mcolcon.colcon_core.package_identification[0m [1;30mLevel 1[0m _identify(src\ssafy_bridge) by extension 'ignore'
[0.797s] [34mcolcon.colcon_core.package_identification[0m [1;30mLevel 1[0m _identify(src\ssafy_bridge) by extension 'ignore_ament_install'
[0.797s] [34mcolcon.colcon_core.package_identification[0m [1;30mLevel 1[0m _identify(src\ssafy_bridge) by extensions ['colcon_pkg']
[0.797s] [34mcolcon.colcon_core.package_identification[0m [1;30mLevel 1[0m _identify(src\ssafy_bridge) by extension 'colcon_pkg'
[0.797s] [34mcolcon.colcon_core.package_identification[0m [1;30mLevel 1[0m _identify(src\ssafy_bridge) by extensions ['colcon_meta']
[0.797s] [34mcolcon.colcon_core.package_identification[0m [1;30mLevel 1[0m _identify(src\ssafy_bridge) by extension 'colcon_meta'
[0.797s] [34mcolcon.colcon_core.package_identification[0m [1;30mLevel 1[0m _identify(src\ssafy_bridge) by extensions ['ros']
[0.797s] [34mcolcon.colcon_core.package_identification[0m [1;30mLevel 1[0m _identify(src\ssafy_bridge) by extension 'ros'
[0.797s] [34mcolcon.colcon_core.package_identification[0m [1;30mDEBUG[0m [32mPackage 'src\ssafy_bridge' with type 'ros.ament_python' and name 'ssafy_bridge'[0m
[0.797s] [34mcolcon.colcon_core.package_identification[0m [1;30mLevel 1[0m _identify(src\ssafy_msgs) by extensions ['ignore', 'ignore_ament_install']
[0.797s] [34mcolcon.colcon_core.package_identification[0m [1;30mLevel 1[0m _identify(src\ssafy_msgs) by extension 'ignore'
[0.797s] [34mcolcon.colcon_core.package_identification[0m [1;30mLevel 1[0m _identify(src\ssafy_msgs) by extension 'ignore_ament_install'
[0.797s] [34mcolcon.colcon_core.package_identification[0m [1;30mLevel 1[0m _identify(src\ssafy_msgs) by extensions ['colcon_pkg']
[0.797s] [34mcolcon.colcon_core.package_identification[0m [1;30mLevel 1[0m _identify(src\ssafy_msgs) by extension 'colcon_pkg'
[0.797s] [34mcolcon.colcon_core.package_identification[0m [1;30mLevel 1[0m _identify(src\ssafy_msgs) by extensions ['colcon_meta']
[0.797s] [34mcolcon.colcon_core.package_identification[0m [1;30mLevel 1[0m _identify(src\ssafy_msgs) by extension 'colcon_meta'
[0.797s] [34mcolcon.colcon_core.package_identification[0m [1;30mLevel 1[0m _identify(src\ssafy_msgs) by extensions ['ros']
[0.797s] [34mcolcon.colcon_core.package_identification[0m [1;30mLevel 1[0m _identify(src\ssafy_msgs) by extension 'ros'
[0.797s] [34mcolcon.colcon_core.package_identification[0m [1;30mDEBUG[0m [32mPackage 'src\ssafy_msgs' with type 'ros.ament_cmake' and name 'ssafy_msgs'[0m
[0.797s] [34mcolcon.colcon_core.package_identification[0m [1;30mLevel 1[0m _identify(src\ssak3) by extensions ['ignore', 'ignore_ament_install']
[0.797s] [34mcolcon.colcon_core.package_identification[0m [1;30mLevel 1[0m _identify(src\ssak3) by extension 'ignore'
[0.797s] [34mcolcon.colcon_core.package_identification[0m [1;30mLevel 1[0m _identify(src\ssak3) by extension 'ignore_ament_install'
[0.797s] [34mcolcon.colcon_core.package_identification[0m [1;30mLevel 1[0m _identify(src\ssak3) by extensions ['colcon_pkg']
[0.797s] [34mcolcon.colcon_core.package_identification[0m [1;30mLevel 1[0m _identify(src\ssak3) by extension 'colcon_pkg'
[0.797s] [34mcolcon.colcon_core.package_identification[0m [1;30mLevel 1[0m _identify(src\ssak3) by extensions ['colcon_meta']
[0.797s] [34mcolcon.colcon_core.package_identification[0m [1;30mLevel 1[0m _identify(src\ssak3) by extension 'colcon_meta'
[0.797s] [34mcolcon.colcon_core.package_identification[0m [1;30mLevel 1[0m _identify(src\ssak3) by extensions ['ros']
[0.797s] [34mcolcon.colcon_core.package_identification[0m [1;30mLevel 1[0m _identify(src\ssak3) by extension 'ros'
[0.797s] [34mcolcon.colcon_core.package_identification[0m [1;30mDEBUG[0m [32mPackage 'src\ssak3' with type 'ros.ament_python' and name 'ssak3'[0m
[0.797s] [34mcolcon.colcon_core.package_identification[0m [1;30mLevel 1[0m _identify(src\sub1) by extensions ['ignore', 'ignore_ament_install']
[0.797s] [34mcolcon.colcon_core.package_identification[0m [1;30mLevel 1[0m _identify(src\sub1) by extension 'ignore'
[0.797s] [34mcolcon.colcon_core.package_identification[0m [1;30mLevel 1[0m _identify(src\sub1) by extension 'ignore_ament_install'
[0.797s] [34mcolcon.colcon_core.package_identification[0m [1;30mLevel 1[0m _identify(src\sub1) by extensions ['colcon_pkg']
[0.797s] [34mcolcon.colcon_core.package_identification[0m [1;30mLevel 1[0m _identify(src\sub1) by extension 'colcon_pkg'
[0.797s] [34mcolcon.colcon_core.package_identification[0m [1;30mLevel 1[0m _identify(src\sub1) by extensions ['colcon_meta']
[0.797s] [34mcolcon.colcon_core.package_identification[0m [1;30mLevel 1[0m _identify(src\sub1) by extension 'colcon_meta'
[0.797s] [34mcolcon.colcon_core.package_identification[0m [1;30mLevel 1[0m _identify(src\sub1) by extensions ['ros']
[0.797s] [34mcolcon.colcon_core.package_identification[0m [1;30mLevel 1[0m _identify(src\sub1) by extension 'ros'
[0.797s] [34mcolcon.colcon_core.package_identification[0m [1;30mDEBUG[0m [32mPackage 'src\sub1' with type 'ros.ament_python' and name 'sub1'[0m
[0.797s] [34mcolcon.colcon_core.package_identification[0m [1;30mLevel 1[0m _identify(src\sub2) by extensions ['ignore', 'ignore_ament_install']
[0.797s] [34mcolcon.colcon_core.package_identification[0m [1;30mLevel 1[0m _identify(src\sub2) by extension 'ignore'
[0.797s] [34mcolcon.colcon_core.package_identification[0m [1;30mLevel 1[0m _identify(src\sub2) by extension 'ignore_ament_install'
[0.797s] [34mcolcon.colcon_core.package_identification[0m [1;30mLevel 1[0m _identify(src\sub2) by extensions ['colcon_pkg']
[0.797s] [34mcolcon.colcon_core.package_identification[0m [1;30mLevel 1[0m _identify(src\sub2) by extension 'colcon_pkg'
[0.797s] [34mcolcon.colcon_core.package_identification[0m [1;30mLevel 1[0m _identify(src\sub2) by extensions ['colcon_meta']
[0.797s] [34mcolcon.colcon_core.package_identification[0m [1;30mLevel 1[0m _identify(src\sub2) by extension 'colcon_meta'
[0.797s] [34mcolcon.colcon_core.package_identification[0m [1;30mLevel 1[0m _identify(src\sub2) by extensions ['ros']
[0.797s] [34mcolcon.colcon_core.package_identification[0m [1;30mLevel 1[0m _identify(src\sub2) by extension 'ros'
[0.797s] [34mcolcon.colcon_core.package_identification[0m [1;30mDEBUG[0m [32mPackage 'src\sub2' with type 'ros.ament_python' and name 'sub2'[0m
[0.812s] [34mcolcon.colcon_core.package_identification[0m [1;30mLevel 1[0m _identify(src\sub3) by extensions ['ignore', 'ignore_ament_install']
[0.812s] [34mcolcon.colcon_core.package_identification[0m [1;30mLevel 1[0m _identify(src\sub3) by extension 'ignore'
[0.812s] [34mcolcon.colcon_core.package_identification[0m [1;30mLevel 1[0m _identify(src\sub3) by extension 'ignore_ament_install'
[0.812s] [34mcolcon.colcon_core.package_identification[0m [1;30mLevel 1[0m _identify(src\sub3) by extensions ['colcon_pkg']
[0.812s] [34mcolcon.colcon_core.package_identification[0m [1;30mLevel 1[0m _identify(src\sub3) by extension 'colcon_pkg'
[0.812s] [34mcolcon.colcon_core.package_identification[0m [1;30mLevel 1[0m _identify(src\sub3) by extensions ['colcon_meta']
[0.812s] [34mcolcon.colcon_core.package_identification[0m [1;30mLevel 1[0m _identify(src\sub3) by extension 'colcon_meta'
[0.812s] [34mcolcon.colcon_core.package_identification[0m [1;30mLevel 1[0m _identify(src\sub3) by extensions ['ros']
[0.812s] [34mcolcon.colcon_core.package_identification[0m [1;30mLevel 1[0m _identify(src\sub3) by extension 'ros'
[0.812s] [34mcolcon.colcon_core.package_identification[0m [1;30mDEBUG[0m [32mPackage 'src\sub3' with type 'ros.ament_python' and name 'sub3'[0m
[0.812s] [34mcolcon.colcon_core.package_discovery[0m [1;30mLevel 1[0m discover_packages(recursive) using defaults
[0.812s] [34mcolcon.colcon_core.package_discovery[0m [1;30mLevel 1[0m discover_packages(ignore) discover
[0.812s] [34mcolcon.colcon_core.package_discovery[0m [1;30mLevel 1[0m discover_packages(ignore) using defaults
[0.812s] [34mcolcon.colcon_core.package_discovery[0m [1;30mLevel 1[0m discover_packages(path) discover
[0.812s] [34mcolcon.colcon_core.package_discovery[0m [1;30mLevel 1[0m discover_packages(path) using defaults
[0.875s] [34mcolcon.colcon_core.verb[0m [1;30mLevel 5[0m set package 'ssafy_bridge' build argument 'cmake_args' from command line to 'None'
[0.875s] [34mcolcon.colcon_core.verb[0m [1;30mLevel 5[0m set package 'ssafy_bridge' build argument 'cmake_target' from command line to 'None'
[0.875s] [34mcolcon.colcon_core.verb[0m [1;30mLevel 5[0m set package 'ssafy_bridge' build argument 'cmake_target_skip_unavailable' from command line to 'False'
[0.875s] [34mcolcon.colcon_core.verb[0m [1;30mLevel 5[0m set package 'ssafy_bridge' build argument 'cmake_clean_cache' from command line to 'False'
[0.875s] [34mcolcon.colcon_core.verb[0m [1;30mLevel 5[0m set package 'ssafy_bridge' build argument 'cmake_clean_first' from command line to 'False'
[0.875s] [34mcolcon.colcon_core.verb[0m [1;30mLevel 5[0m set package 'ssafy_bridge' build argument 'cmake_force_configure' from command line to 'False'
[0.875s] [34mcolcon.colcon_core.verb[0m [1;30mLevel 5[0m set package 'ssafy_bridge' build argument 'ament_cmake_args' from command line to 'None'
[0.875s] [34mcolcon.colcon_core.verb[0m [1;30mLevel 5[0m set package 'ssafy_bridge' build argument 'catkin_cmake_args' from command line to 'None'
[0.875s] [34mcolcon.colcon_core.verb[0m [1;30mLevel 5[0m set package 'ssafy_bridge' build argument 'catkin_skip_building_tests' from command line to 'False'
[0.875s] [34mcolcon.colcon_core.verb[0m [1;30mDEBUG[0m [32mBuilding package 'ssafy_bridge' with the following arguments: {'ament_cmake_args': None, 'build_base': 'C:\\Users\\SSAFY\\Desktop\\project\\S09P22B201\\ros\\catkin_ws\\build\\ssafy_bridge', 'catkin_cmake_args': None, 'catkin_skip_building_tests': False, 'cmake_args': None, 'cmake_clean_cache': False, 'cmake_clean_first': False, 'cmake_force_configure': False, 'cmake_target': None, 'cmake_target_skip_unavailable': False, 'install_base': 'C:\\Users\\SSAFY\\Desktop\\project\\S09P22B201\\ros\\catkin_ws\\install\\ssafy_bridge', 'merge_install': False, 'path': 'C:\\Users\\SSAFY\\Desktop\\project\\S09P22B201\\ros\\catkin_ws\\src\\ssafy_bridge', 'symlink_install': False, 'test_result_base': None}[0m
[0.890s] [34mcolcon.colcon_core.verb[0m [1;30mLevel 5[0m set package 'ssafy_msgs' build argument 'cmake_args' from command line to 'None'
[0.890s] [34mcolcon.colcon_core.verb[0m [1;30mLevel 5[0m set package 'ssafy_msgs' build argument 'cmake_target' from command line to 'None'
[0.890s] [34mcolcon.colcon_core.verb[0m [1;30mLevel 5[0m set package 'ssafy_msgs' build argument 'cmake_target_skip_unavailable' from command line to 'False'
[0.890s] [34mcolcon.colcon_core.verb[0m [1;30mLevel 5[0m set package 'ssafy_msgs' build argument 'cmake_clean_cache' from command line to 'False'
[0.890s] [34mcolcon.colcon_core.verb[0m [1;30mLevel 5[0m set package 'ssafy_msgs' build argument 'cmake_clean_first' from command line to 'False'
[0.890s] [34mcolcon.colcon_core.verb[0m [1;30mLevel 5[0m set package 'ssafy_msgs' build argument 'cmake_force_configure' from command line to 'False'
[0.890s] [34mcolcon.colcon_core.verb[0m [1;30mLevel 5[0m set package 'ssafy_msgs' build argument 'ament_cmake_args' from command line to 'None'
[0.890s] [34mcolcon.colcon_core.verb[0m [1;30mLevel 5[0m set package 'ssafy_msgs' build argument 'catkin_cmake_args' from command line to 'None'
[0.890s] [34mcolcon.colcon_core.verb[0m [1;30mLevel 5[0m set package 'ssafy_msgs' build argument 'catkin_skip_building_tests' from command line to 'False'
[0.890s] [34mcolcon.colcon_core.verb[0m [1;30mDEBUG[0m [32mBuilding package 'ssafy_msgs' with the following arguments: {'ament_cmake_args': None, 'build_base': 'C:\\Users\\SSAFY\\Desktop\\project\\S09P22B201\\ros\\catkin_ws\\build\\ssafy_msgs', 'catkin_cmake_args': None, 'catkin_skip_building_tests': False, 'cmake_args': None, 'cmake_clean_cache': False, 'cmake_clean_first': False, 'cmake_force_configure': False, 'cmake_target': None, 'cmake_target_skip_unavailable': False, 'install_base': 'C:\\Users\\SSAFY\\Desktop\\project\\S09P22B201\\ros\\catkin_ws\\install\\ssafy_msgs', 'merge_install': False, 'path': 'C:\\Users\\SSAFY\\Desktop\\project\\S09P22B201\\ros\\catkin_ws\\src\\ssafy_msgs', 'symlink_install': False, 'test_result_base': None}[0m
[0.906s] [34mcolcon.colcon_core.verb[0m [1;30mLevel 5[0m set package 'ssak3' build argument 'cmake_args' from command line to 'None'
[0.906s] [34mcolcon.colcon_core.verb[0m [1;30mLevel 5[0m set package 'ssak3' build argument 'cmake_target' from command line to 'None'
[0.906s] [34mcolcon.colcon_core.verb[0m [1;30mLevel 5[0m set package 'ssak3' build argument 'cmake_target_skip_unavailable' from command line to 'False'
[0.906s] [34mcolcon.colcon_core.verb[0m [1;30mLevel 5[0m set package 'ssak3' build argument 'cmake_clean_cache' from command line to 'False'
[0.906s] [34mcolcon.colcon_core.verb[0m [1;30mLevel 5[0m set package 'ssak3' build argument 'cmake_clean_first' from command line to 'False'
[0.906s] [34mcolcon.colcon_core.verb[0m [1;30mLevel 5[0m set package 'ssak3' build argument 'cmake_force_configure' from command line to 'False'
[0.906s] [34mcolcon.colcon_core.verb[0m [1;30mLevel 5[0m set package 'ssak3' build argument 'ament_cmake_args' from command line to 'None'
[0.906s] [34mcolcon.colcon_core.verb[0m [1;30mLevel 5[0m set package 'ssak3' build argument 'catkin_cmake_args' from command line to 'None'
[0.906s] [34mcolcon.colcon_core.verb[0m [1;30mLevel 5[0m set package 'ssak3' build argument 'catkin_skip_building_tests' from command line to 'False'
[0.906s] [34mcolcon.colcon_core.verb[0m [1;30mDEBUG[0m [32mBuilding package 'ssak3' with the following arguments: {'ament_cmake_args': None, 'build_base': 'C:\\Users\\SSAFY\\Desktop\\project\\S09P22B201\\ros\\catkin_ws\\build\\ssak3', 'catkin_cmake_args': None, 'catkin_skip_building_tests': False, 'cmake_args': None, 'cmake_clean_cache': False, 'cmake_clean_first': False, 'cmake_force_configure': False, 'cmake_target': None, 'cmake_target_skip_unavailable': False, 'install_base': 'C:\\Users\\SSAFY\\Desktop\\project\\S09P22B201\\ros\\catkin_ws\\install\\ssak3', 'merge_install': False, 'path': 'C:\\Users\\SSAFY\\Desktop\\project\\S09P22B201\\ros\\catkin_ws\\src\\ssak3', 'symlink_install': False, 'test_result_base': None}[0m
[0.922s] [34mcolcon.colcon_core.verb[0m [1;30mLevel 5[0m set package 'sub1' build argument 'cmake_args' from command line to 'None'
[0.922s] [34mcolcon.colcon_core.verb[0m [1;30mLevel 5[0m set package 'sub1' build argument 'cmake_target' from command line to 'None'
[0.922s] [34mcolcon.colcon_core.verb[0m [1;30mLevel 5[0m set package 'sub1' build argument 'cmake_target_skip_unavailable' from command line to 'False'
[0.922s] [34mcolcon.colcon_core.verb[0m [1;30mLevel 5[0m set package 'sub1' build argument 'cmake_clean_cache' from command line to 'False'
[0.922s] [34mcolcon.colcon_core.verb[0m [1;30mLevel 5[0m set package 'sub1' build argument 'cmake_clean_first' from command line to 'False'
[0.922s] [34mcolcon.colcon_core.verb[0m [1;30mLevel 5[0m set package 'sub1' build argument 'cmake_force_configure' from command line to 'False'
[0.922s] [34mcolcon.colcon_core.verb[0m [1;30mLevel 5[0m set package 'sub1' build argument 'ament_cmake_args' from command line to 'None'
[0.922s] [34mcolcon.colcon_core.verb[0m [1;30mLevel 5[0m set package 'sub1' build argument 'catkin_cmake_args' from command line to 'None'
[0.922s] [34mcolcon.colcon_core.verb[0m [1;30mLevel 5[0m set package 'sub1' build argument 'catkin_skip_building_tests' from command line to 'False'
[0.922s] [34mcolcon.colcon_core.verb[0m [1;30mDEBUG[0m [32mBuilding package 'sub1' with the following arguments: {'ament_cmake_args': None, 'build_base': 'C:\\Users\\SSAFY\\Desktop\\project\\S09P22B201\\ros\\catkin_ws\\build\\sub1', 'catkin_cmake_args': None, 'catkin_skip_building_tests': False, 'cmake_args': None, 'cmake_clean_cache': False, 'cmake_clean_first': False, 'cmake_force_configure': False, 'cmake_target': None, 'cmake_target_skip_unavailable': False, 'install_base': 'C:\\Users\\SSAFY\\Desktop\\project\\S09P22B201\\ros\\catkin_ws\\install\\sub1', 'merge_install': False, 'path': 'C:\\Users\\SSAFY\\Desktop\\project\\S09P22B201\\ros\\catkin_ws\\src\\sub1', 'symlink_install': False, 'test_result_base': None}[0m
[0.937s] [34mcolcon.colcon_core.verb[0m [1;30mLevel 5[0m set package 'sub2' build argument 'cmake_args' from command line to 'None'
[0.937s] [34mcolcon.colcon_core.verb[0m [1;30mLevel 5[0m set package 'sub2' build argument 'cmake_target' from command line to 'None'
[0.937s] [34mcolcon.colcon_core.verb[0m [1;30mLevel 5[0m set package 'sub2' build argument 'cmake_target_skip_unavailable' from command line to 'False'
[0.937s] [34mcolcon.colcon_core.verb[0m [1;30mLevel 5[0m set package 'sub2' build argument 'cmake_clean_cache' from command line to 'False'
[0.937s] [34mcolcon.colcon_core.verb[0m [1;30mLevel 5[0m set package 'sub2' build argument 'cmake_clean_first' from command line to 'False'
[0.937s] [34mcolcon.colcon_core.verb[0m [1;30mLevel 5[0m set package 'sub2' build argument 'cmake_force_configure' from command line to 'False'
[0.937s] [34mcolcon.colcon_core.verb[0m [1;30mLevel 5[0m set package 'sub2' build argument 'ament_cmake_args' from command line to 'None'
[0.937s] [34mcolcon.colcon_core.verb[0m [1;30mLevel 5[0m set package 'sub2' build argument 'catkin_cmake_args' from command line to 'None'
[0.937s] [34mcolcon.colcon_core.verb[0m [1;30mLevel 5[0m set package 'sub2' build argument 'catkin_skip_building_tests' from command line to 'False'
[0.937s] [34mcolcon.colcon_core.verb[0m [1;30mDEBUG[0m [32mBuilding package 'sub2' with the following arguments: {'ament_cmake_args': None, 'build_base': 'C:\\Users\\SSAFY\\Desktop\\project\\S09P22B201\\ros\\catkin_ws\\build\\sub2', 'catkin_cmake_args': None, 'catkin_skip_building_tests': False, 'cmake_args': None, 'cmake_clean_cache': False, 'cmake_clean_first': False, 'cmake_force_configure': False, 'cmake_target': None, 'cmake_target_skip_unavailable': False, 'install_base': 'C:\\Users\\SSAFY\\Desktop\\project\\S09P22B201\\ros\\catkin_ws\\install\\sub2', 'merge_install': False, 'path': 'C:\\Users\\SSAFY\\Desktop\\project\\S09P22B201\\ros\\catkin_ws\\src\\sub2', 'symlink_install': False, 'test_result_base': None}[0m
[0.953s] [34mcolcon.colcon_core.verb[0m [1;30mLevel 5[0m set package 'sub3' build argument 'cmake_args' from command line to 'None'
[0.953s] [34mcolcon.colcon_core.verb[0m [1;30mLevel 5[0m set package 'sub3' build argument 'cmake_target' from command line to 'None'
[0.953s] [34mcolcon.colcon_core.verb[0m [1;30mLevel 5[0m set package 'sub3' build argument 'cmake_target_skip_unavailable' from command line to 'False'
[0.953s] [34mcolcon.colcon_core.verb[0m [1;30mLevel 5[0m set package 'sub3' build argument 'cmake_clean_cache' from command line to 'False'
[0.953s] [34mcolcon.colcon_core.verb[0m [1;30mLevel 5[0m set package 'sub3' build argument 'cmake_clean_first' from command line to 'False'
[0.953s] [34mcolcon.colcon_core.verb[0m [1;30mLevel 5[0m set package 'sub3' build argument 'cmake_force_configure' from command line to 'False'
[0.953s] [34mcolcon.colcon_core.verb[0m [1;30mLevel 5[0m set package 'sub3' build argument 'ament_cmake_args' from command line to 'None'
[0.953s] [34mcolcon.colcon_core.verb[0m [1;30mLevel 5[0m set package 'sub3' build argument 'catkin_cmake_args' from command line to 'None'
[0.953s] [34mcolcon.colcon_core.verb[0m [1;30mLevel 5[0m set package 'sub3' build argument 'catkin_skip_building_tests' from command line to 'False'
[0.953s] [34mcolcon.colcon_core.verb[0m [1;30mDEBUG[0m [32mBuilding package 'sub3' with the following arguments: {'ament_cmake_args': None, 'build_base': 'C:\\Users\\SSAFY\\Desktop\\project\\S09P22B201\\ros\\catkin_ws\\build\\sub3', 'catkin_cmake_args': None, 'catkin_skip_building_tests': False, 'cmake_args': None, 'cmake_clean_cache': False, 'cmake_clean_first': False, 'cmake_force_configure': False, 'cmake_target': None, 'cmake_target_skip_unavailable': False, 'install_base': 'C:\\Users\\SSAFY\\Desktop\\project\\S09P22B201\\ros\\catkin_ws\\install\\sub3', 'merge_install': False, 'path': 'C:\\Users\\SSAFY\\Desktop\\project\\S09P22B201\\ros\\catkin_ws\\src\\sub3', 'symlink_install': False, 'test_result_base': None}[0m
[0.953s] [34mcolcon.colcon_core.executor[0m [1;30mINFO[0m Executing jobs using 'parallel' executor
[0.984s] [34mcolcon.colcon_parallel_executor.executor.parallel[0m [1;30mDEBUG[0m [32mrun_until_complete[0m
[0.984s] [34mcolcon.colcon_ros.task.ament_python.build[0m [1;30mINFO[0m Building ROS package in 'C:\Users\SSAFY\Desktop\project\S09P22B201\ros\catkin_ws\src\ssafy_bridge' with build type 'ament_python'
[0.984s] [34mcolcon.colcon_core.shell[0m [1;30mLevel 1[0m create_environment_hook('ssafy_bridge', 'ament_prefix_path')
[0.984s] [34mcolcon.colcon_core.plugin_system[0m [1;30mINFO[0m Skipping extension 'colcon_core.shell.sh': Not used on Windows systems
[0.984s] [34mcolcon.colcon_core.shell[0m [1;30mINFO[0m Creating environment hook 'C:\Users\SSAFY\Desktop\project\S09P22B201\ros\catkin_ws\install\ssafy_bridge\share\ssafy_bridge\hook\ament_prefix_path.ps1'
[0.984s] [34mcolcon.colcon_core.shell[0m [1;30mINFO[0m Creating environment hook 'C:\Users\SSAFY\Desktop\project\S09P22B201\ros\catkin_ws\install\ssafy_bridge\share\ssafy_bridge\hook\ament_prefix_path.bat'
[0.984s] [34mcolcon.colcon_core.shell[0m [1;30mINFO[0m Creating environment descriptor 'C:\Users\SSAFY\Desktop\project\S09P22B201\ros\catkin_ws\install\ssafy_bridge\share\ssafy_bridge\hook\ament_prefix_path.dsv'
[1.000s] [34mcolcon.colcon_core.shell[0m [1;30mINFO[0m Skip shell extension 'powershell' for command environment: Not usable outside of PowerShell
[1.015s] [34mcolcon.colcon_ros.prefix_path.ament[0m [1;30mWARNING[0m [33mThe path 'C:\Users\SSAFY\Desktop\project\S09P22B201\ros\catkin_ws\install\sub3' in the environment variable AMENT_PREFIX_PATH doesn't exist[0m
[1.015s] [34mcolcon.colcon_ros.prefix_path.ament[0m [1;30mWARNING[0m [33mThe path 'C:\Users\SSAFY\Desktop\project\S09P22B201\ros\catkin_ws\install\sub2' in the environment variable AMENT_PREFIX_PATH doesn't exist[0m
[1.015s] [34mcolcon.colcon_ros.prefix_path.ament[0m [1;30mWARNING[0m [33mThe path 'C:\Users\SSAFY\Desktop\project\S09P22B201\ros\catkin_ws\install\sub1' in the environment variable AMENT_PREFIX_PATH doesn't exist[0m
[1.015s] [34mcolcon.colcon_ros.prefix_path.ament[0m [1;30mWARNING[0m [33mThe path 'C:\Users\SSAFY\Desktop\project\S09P22B201\ros\catkin_ws\install\ssafy_msgs' in the environment variable AMENT_PREFIX_PATH doesn't exist[0m
[1.015s] [34mcolcon.colcon_ros.prefix_path.catkin[0m [1;30mWARNING[0m [33mThe path 'C:\Users\SSAFY\Desktop\project\S09P22B201\ros\catkin_ws\install\ssafy_msgs' in the environment variable CMAKE_PREFIX_PATH doesn't exist[0m
[1.140s] [34mcolcon.colcon_ros.task.ament_cmake.build[0m [1;30mINFO[0m Building ROS package in 'C:\Users\SSAFY\Desktop\project\S09P22B201\ros\catkin_ws\src\ssafy_msgs' with build type 'ament_cmake'
[1.140s] [34mcolcon.colcon_cmake.task.cmake.build[0m [1;30mINFO[0m Building CMake package in 'C:\Users\SSAFY\Desktop\project\S09P22B201\ros\catkin_ws\src\ssafy_msgs'
[1.156s] [34mcolcon.colcon_core.shell[0m [1;30mINFO[0m Skip shell extension 'powershell' for command environment: Not usable outside of PowerShell
[1.281s] [34mcolcon.colcon_ros.task.ament_python.build[0m [1;30mINFO[0m Building ROS package in 'C:\Users\SSAFY\Desktop\project\S09P22B201\ros\catkin_ws\src\ssak3' with build type 'ament_python'
[1.281s] [34mcolcon.colcon_core.shell[0m [1;30mLevel 1[0m create_environment_hook('ssak3', 'ament_prefix_path')
[1.297s] [34mcolcon.colcon_core.shell[0m [1;30mINFO[0m Creating environment hook 'C:\Users\SSAFY\Desktop\project\S09P22B201\ros\catkin_ws\install\ssak3\share\ssak3\hook\ament_prefix_path.ps1'
[1.297s] [34mcolcon.colcon_core.shell[0m [1;30mINFO[0m Creating environment hook 'C:\Users\SSAFY\Desktop\project\S09P22B201\ros\catkin_ws\install\ssak3\share\ssak3\hook\ament_prefix_path.bat'
[1.297s] [34mcolcon.colcon_core.shell[0m [1;30mINFO[0m Creating environment descriptor 'C:\Users\SSAFY\Desktop\project\S09P22B201\ros\catkin_ws\install\ssak3\share\ssak3\hook\ament_prefix_path.dsv'
[1.312s] [34mcolcon.colcon_core.shell[0m [1;30mINFO[0m Skip shell extension 'powershell' for command environment: Not usable outside of PowerShell
[1.438s] [34mcolcon.colcon_ros.task.ament_python.build[0m [1;30mINFO[0m Building ROS package in 'C:\Users\SSAFY\Desktop\project\S09P22B201\ros\catkin_ws\src\sub1' with build type 'ament_python'
[1.438s] [34mcolcon.colcon_core.shell[0m [1;30mLevel 1[0m create_environment_hook('sub1', 'ament_prefix_path')
[1.454s] [34mcolcon.colcon_core.shell[0m [1;30mINFO[0m Creating environment hook 'C:\Users\SSAFY\Desktop\project\S09P22B201\ros\catkin_ws\install\sub1\share\sub1\hook\ament_prefix_path.ps1'
[1.454s] [34mcolcon.colcon_core.shell[0m [1;30mINFO[0m Creating environment hook 'C:\Users\SSAFY\Desktop\project\S09P22B201\ros\catkin_ws\install\sub1\share\sub1\hook\ament_prefix_path.bat'
[1.454s] [34mcolcon.colcon_core.shell[0m [1;30mINFO[0m Creating environment descriptor 'C:\Users\SSAFY\Desktop\project\S09P22B201\ros\catkin_ws\install\sub1\share\sub1\hook\ament_prefix_path.dsv'
[1.470s] [34mcolcon.colcon_core.shell[0m [1;30mINFO[0m Skip shell extension 'powershell' for command environment: Not usable outside of PowerShell
[1.610s] [34mcolcon.colcon_ros.task.ament_python.build[0m [1;30mINFO[0m Building ROS package in 'C:\Users\SSAFY\Desktop\project\S09P22B201\ros\catkin_ws\src\sub2' with build type 'ament_python'
[1.610s] [34mcolcon.colcon_core.shell[0m [1;30mLevel 1[0m create_environment_hook('sub2', 'ament_prefix_path')
[1.610s] [34mcolcon.colcon_core.shell[0m [1;30mINFO[0m Creating environment hook 'C:\Users\SSAFY\Desktop\project\S09P22B201\ros\catkin_ws\install\sub2\share\sub2\hook\ament_prefix_path.ps1'
[1.610s] [34mcolcon.colcon_core.shell[0m [1;30mINFO[0m Creating environment hook 'C:\Users\SSAFY\Desktop\project\S09P22B201\ros\catkin_ws\install\sub2\share\sub2\hook\ament_prefix_path.bat'
[1.610s] [34mcolcon.colcon_core.shell[0m [1;30mINFO[0m Creating environment descriptor 'C:\Users\SSAFY\Desktop\project\S09P22B201\ros\catkin_ws\install\sub2\share\sub2\hook\ament_prefix_path.dsv'
[1.626s] [34mcolcon.colcon_core.shell[0m [1;30mINFO[0m Skip shell extension 'powershell' for command environment: Not usable outside of PowerShell
[1.766s] [34mcolcon.colcon_ros.task.ament_python.build[0m [1;30mINFO[0m Building ROS package in 'C:\Users\SSAFY\Desktop\project\S09P22B201\ros\catkin_ws\src\sub3' with build type 'ament_python'
[1.766s] [34mcolcon.colcon_core.shell[0m [1;30mLevel 1[0m create_environment_hook('sub3', 'ament_prefix_path')
[1.766s] [34mcolcon.colcon_core.shell[0m [1;30mINFO[0m Creating environment hook 'C:\Users\SSAFY\Desktop\project\S09P22B201\ros\catkin_ws\install\sub3\share\sub3\hook\ament_prefix_path.ps1'
[1.782s] [34mcolcon.colcon_core.shell[0m [1;30mINFO[0m Creating environment hook 'C:\Users\SSAFY\Desktop\project\S09P22B201\ros\catkin_ws\install\sub3\share\sub3\hook\ament_prefix_path.bat'
[1.782s] [34mcolcon.colcon_core.shell[0m [1;30mINFO[0m Creating environment descriptor 'C:\Users\SSAFY\Desktop\project\S09P22B201\ros\catkin_ws\install\sub3\share\sub3\hook\ament_prefix_path.dsv'
[1.782s] [34mcolcon.colcon_core.shell[0m [1;30mINFO[0m Skip shell extension 'powershell' for command environment: Not usable outside of PowerShell
[2.377s] [34mcolcon.colcon_core.task.python.build[0m [1;30mINFO[0m Building Python package in 'C:\Users\SSAFY\Desktop\project\S09P22B201\ros\catkin_ws\src\sub2'
[2.377s] [34mcolcon.colcon_core.shell[0m [1;30mINFO[0m Skip shell extension 'powershell' for command environment: Not usable outside of PowerShell
[2.893s] [34mcolcon.colcon_core.task.python.build[0m [1;30mINFO[0m Building Python package in 'C:\Users\SSAFY\Desktop\project\S09P22B201\ros\catkin_ws\src\sub1'
[2.893s] [34mcolcon.colcon_core.shell[0m [1;30mINFO[0m Skip shell extension 'powershell' for command environment: Not usable outside of PowerShell
[3.049s] [34mcolcon.colcon_core.event_handler.log_command[0m [1;30mDEBUG[0m [32mInvoking command in 'C:\Users\SSAFY\Desktop\project\S09P22B201\ros\catkin_ws\build\ssafy_msgs': CMAKE_PREFIX_PATH=%CMAKE_PREFIX_PATH%;C:\Users\SSAFY\Desktop\project\S09P22B201\ros\catkin_ws\install\sub3;C:\Users\SSAFY\Desktop\project\S09P22B201\ros\catkin_ws\install\sub2;C:\Users\SSAFY\Desktop\project\S09P22B201\ros\catkin_ws\install\sub1;C:\Users\SSAFY\Desktop\project\S09P22B201\ros\catkin_ws\install\ssafy_bridge installDir=%installDir%
IntelliJ IDEA=C:\Program Files\JetBrains\IntelliJ IDEA 2023.1.3\bin; C:\Program Files\CMake\bin\cmake.EXE C:\Users\SSAFY\Desktop\project\S09P22B201\ros\catkin_ws\src\ssafy_msgs -DCMAKE_INSTALL_PREFIX=C:\Users\SSAFY\Desktop\project\S09P22B201\ros\catkin_ws\install\ssafy_msgs -G Visual Studio 16 2019[0m
[3.424s] [34mcolcon.colcon_core.task.python.build[0m [1;30mINFO[0m Building Python package in 'C:\Users\SSAFY\Desktop\project\S09P22B201\ros\catkin_ws\src\ssak3'
[3.439s] [34mcolcon.colcon_core.shell[0m [1;30mINFO[0m Skip shell extension 'powershell' for command environment: Not usable outside of PowerShell
[3.974s] [34mcolcon.colcon_core.task.python.build[0m [1;30mINFO[0m Building Python package in 'C:\Users\SSAFY\Desktop\project\S09P22B201\ros\catkin_ws\src\ssafy_bridge'
[3.989s] [34mcolcon.colcon_core.shell[0m [1;30mINFO[0m Skip shell extension 'powershell' for command environment: Not usable outside of PowerShell
[4.627s] [34mcolcon.colcon_core.task.python.build[0m [1;30mINFO[0m Building Python package in 'C:\Users\SSAFY\Desktop\project\S09P22B201\ros\catkin_ws\src\sub3'
[4.643s] [34mcolcon.colcon_core.shell[0m [1;30mINFO[0m Skip shell extension 'powershell' for command environment: Not usable outside of PowerShell
[4.825s] [34mcolcon.colcon_core.event_handler.log_command[0m [1;30mDEBUG[0m [32mInvoking command in 'C:\Users\SSAFY\Desktop\project\S09P22B201\ros\catkin_ws\src\sub2': PYTHONPATH=C:\Users\SSAFY\Desktop\project\S09P22B201\ros\catkin_ws\build\sub2\prefix_override;C:\Users\SSAFY\Desktop\project\S09P22B201\ros\catkin_ws\install\sub2\Lib\site-packages;%PYTHONPATH% installDir=%installDir%
IntelliJ IDEA=C:\Program Files\JetBrains\IntelliJ IDEA 2023.1.3\bin; c:\python37\python.exe setup.py egg_info --egg-base ..\..\build\sub2 build --build-base C:\Users\SSAFY\Desktop\project\S09P22B201\ros\catkin_ws\build\sub2\build install --record C:\Users\SSAFY\Desktop\project\S09P22B201\ros\catkin_ws\build\sub2\install.log --install-scripts $base/lib/sub2 --single-version-externally-managed[0m
[5.559s] [34mcolcon.colcon_core.event_handler.log_command[0m [1;30mDEBUG[0m [32mInvoking command in 'C:\Users\SSAFY\Desktop\project\S09P22B201\ros\catkin_ws\src\sub1': PYTHONPATH=C:\Users\SSAFY\Desktop\project\S09P22B201\ros\catkin_ws\build\sub1\prefix_override;C:\Users\SSAFY\Desktop\project\S09P22B201\ros\catkin_ws\install\sub1\Lib\site-packages;%PYTHONPATH% installDir=%installDir%
IntelliJ IDEA=C:\Program Files\JetBrains\IntelliJ IDEA 2023.1.3\bin; c:\python37\python.exe setup.py egg_info --egg-base ..\..\build\sub1 build --build-base C:\Users\SSAFY\Desktop\project\S09P22B201\ros\catkin_ws\build\sub1\build install --record C:\Users\SSAFY\Desktop\project\S09P22B201\ros\catkin_ws\build\sub1\install.log --install-scripts $base/lib/sub1 --single-version-externally-managed[0m
[5.606s] [34mcolcon.colcon_core.event_handler.log_command[0m [1;30mDEBUG[0m [32mInvoking command in 'C:\Users\SSAFY\Desktop\project\S09P22B201\ros\catkin_ws\src\ssak3': PYTHONPATH=C:\Users\SSAFY\Desktop\project\S09P22B201\ros\catkin_ws\build\ssak3\prefix_override;C:\Users\SSAFY\Desktop\project\S09P22B201\ros\catkin_ws\install\ssak3\Lib\site-packages;%PYTHONPATH% installDir=%installDir%
IntelliJ IDEA=C:\Program Files\JetBrains\IntelliJ IDEA 2023.1.3\bin; c:\python37\python.exe setup.py egg_info --egg-base ..\..\build\ssak3 build --build-base C:\Users\SSAFY\Desktop\project\S09P22B201\ros\catkin_ws\build\ssak3\build install --record C:\Users\SSAFY\Desktop\project\S09P22B201\ros\catkin_ws\build\ssak3\install.log --install-scripts $base/lib/ssak3 --single-version-externally-managed[0m
[5.622s] [34mcolcon.colcon_core.event_handler.log_command[0m [1;30mDEBUG[0m [32mInvoking command in 'C:\Users\SSAFY\Desktop\project\S09P22B201\ros\catkin_ws\src\ssafy_bridge': PYTHONPATH=C:\Users\SSAFY\Desktop\project\S09P22B201\ros\catkin_ws\build\ssafy_bridge\prefix_override;C:\Users\SSAFY\Desktop\project\S09P22B201\ros\catkin_ws\install\ssafy_bridge\Lib\site-packages;%PYTHONPATH% installDir=%installDir%
IntelliJ IDEA=C:\Program Files\JetBrains\IntelliJ IDEA 2023.1.3\bin; c:\python37\python.exe setup.py egg_info --egg-base ..\..\build\ssafy_bridge build --build-base C:\Users\SSAFY\Desktop\project\S09P22B201\ros\catkin_ws\build\ssafy_bridge\build install --record C:\Users\SSAFY\Desktop\project\S09P22B201\ros\catkin_ws\build\ssafy_bridge\install.log --install-scripts $base/lib/ssafy_bridge --single-version-externally-managed[0m
[5.668s] [34mcolcon.colcon_core.event_handler.log_command[0m [1;30mDEBUG[0m [32mInvoking command in 'C:\Users\SSAFY\Desktop\project\S09P22B201\ros\catkin_ws\src\sub3': PYTHONPATH=C:\Users\SSAFY\Desktop\project\S09P22B201\ros\catkin_ws\build\sub3\prefix_override;C:\Users\SSAFY\Desktop\project\S09P22B201\ros\catkin_ws\install\sub3\Lib\site-packages;%PYTHONPATH% installDir=%installDir%
IntelliJ IDEA=C:\Program Files\JetBrains\IntelliJ IDEA 2023.1.3\bin; c:\python37\python.exe setup.py egg_info --egg-base ..\..\build\sub3 build --build-base C:\Users\SSAFY\Desktop\project\S09P22B201\ros\catkin_ws\build\sub3\build install --record C:\Users\SSAFY\Desktop\project\S09P22B201\ros\catkin_ws\build\sub3\install.log --install-scripts $base/lib/sub3 --single-version-externally-managed[0m
[5.731s] [34mcolcon.colcon_core.event_handler.log_command[0m [1;30mDEBUG[0m [32mInvoked command in 'C:\Users\SSAFY\Desktop\project\S09P22B201\ros\catkin_ws\src\sub2' returned '0': PYTHONPATH=C:\Users\SSAFY\Desktop\project\S09P22B201\ros\catkin_ws\build\sub2\prefix_override;C:\Users\SSAFY\Desktop\project\S09P22B201\ros\catkin_ws\install\sub2\Lib\site-packages;%PYTHONPATH% installDir=%installDir%
IntelliJ IDEA=C:\Program Files\JetBrains\IntelliJ IDEA 2023.1.3\bin; c:\python37\python.exe setup.py egg_info --egg-base ..\..\build\sub2 build --build-base C:\Users\SSAFY\Desktop\project\S09P22B201\ros\catkin_ws\build\sub2\build install --record C:\Users\SSAFY\Desktop\project\S09P22B201\ros\catkin_ws\build\sub2\install.log --install-scripts $base/lib/sub2 --single-version-externally-managed[0m
[5.747s] [34mcolcon.colcon_core.environment[0m [1;30mLevel 1[0m checking 'C:\Users\SSAFY\Desktop\project\S09P22B201\ros\catkin_ws\install\sub2' for CMake module files
[5.747s] [34mcolcon.colcon_core.environment[0m [1;30mLevel 1[0m checking 'C:\Users\SSAFY\Desktop\project\S09P22B201\ros\catkin_ws\install\sub2' for CMake config files
[5.762s] [34mcolcon.colcon_core.environment[0m [1;30mLevel 1[0m checking 'C:\Users\SSAFY\Desktop\project\S09P22B201\ros\catkin_ws\install\sub2\bin'
[5.762s] [34mcolcon.colcon_core.environment[0m [1;30mLevel 1[0m checking 'C:\Users\SSAFY\Desktop\project\S09P22B201\ros\catkin_ws\install\sub2\bin'
[5.762s] [34mcolcon.colcon_core.environment[0m [1;30mLevel 1[0m checking 'C:\Users\SSAFY\Desktop\project\S09P22B201\ros\catkin_ws\install\sub2\lib\pkgconfig\sub2.pc'
[5.762s] [34mcolcon.colcon_core.environment[0m [1;30mLevel 1[0m checking 'C:\Users\SSAFY\Desktop\project\S09P22B201\ros\catkin_ws\install\sub2\Lib\site-packages'
[5.762s] [34mcolcon.colcon_core.shell[0m [1;30mLevel 1[0m create_environment_hook('sub2', 'pythonpath')
[5.778s] [34mcolcon.colcon_core.shell[0m [1;30mINFO[0m Creating environment hook 'C:\Users\SSAFY\Desktop\project\S09P22B201\ros\catkin_ws\install\sub2\share\sub2\hook\pythonpath.ps1'
[5.778s] [34mcolcon.colcon_core.shell[0m [1;30mINFO[0m Creating environment hook 'C:\Users\SSAFY\Desktop\project\S09P22B201\ros\catkin_ws\install\sub2\share\sub2\hook\pythonpath.bat'
[5.778s] [34mcolcon.colcon_core.shell[0m [1;30mINFO[0m Creating environment descriptor 'C:\Users\SSAFY\Desktop\project\S09P22B201\ros\catkin_ws\install\sub2\share\sub2\hook\pythonpath.dsv'
[5.778s] [34mcolcon.colcon_core.environment[0m [1;30mLevel 1[0m checking 'C:\Users\SSAFY\Desktop\project\S09P22B201\ros\catkin_ws\install\sub2\Scripts'
[5.778s] [34mcolcon.colcon_core.environment[0m [1;30mLevel 1[0m create_environment_scripts_only(sub2)
[5.793s] [34mcolcon.colcon_core.shell[0m [1;30mINFO[0m Creating package script 'C:\Users\SSAFY\Desktop\project\S09P22B201\ros\catkin_ws\install\sub2\share\sub2\package.ps1'
[5.793s] [34mcolcon.colcon_core.shell[0m [1;30mINFO[0m Creating package script 'C:\Users\SSAFY\Desktop\project\S09P22B201\ros\catkin_ws\install\sub2\share\sub2\package.bat'
[5.793s] [34mcolcon.colcon_core.shell[0m [1;30mINFO[0m Creating package descriptor 'C:\Users\SSAFY\Desktop\project\S09P22B201\ros\catkin_ws\install\sub2\share\sub2\package.dsv'
[5.793s] [34mcolcon.colcon_core.environment[0m [1;30mLevel 1[0m create_file_with_runtime_dependencies(C:\Users\SSAFY\Desktop\project\S09P22B201\ros\catkin_ws\install\sub2\share\colcon-core\packages\sub2)
[6.340s] [34mcolcon.colcon_core.environment[0m [1;30mLevel 1[0m checking 'C:\Users\SSAFY\Desktop\project\S09P22B201\ros\catkin_ws\install\ssak3' for CMake module files
[6.340s] [34mcolcon.colcon_core.event_handler.log_command[0m [1;30mDEBUG[0m [32mInvoked command in 'C:\Users\SSAFY\Desktop\project\S09P22B201\ros\catkin_ws\src\ssak3' returned '0': PYTHONPATH=C:\Users\SSAFY\Desktop\project\S09P22B201\ros\catkin_ws\build\ssak3\prefix_override;C:\Users\SSAFY\Desktop\project\S09P22B201\ros\catkin_ws\install\ssak3\Lib\site-packages;%PYTHONPATH% installDir=%installDir%
IntelliJ IDEA=C:\Program Files\JetBrains\IntelliJ IDEA 2023.1.3\bin; c:\python37\python.exe setup.py egg_info --egg-base ..\..\build\ssak3 build --build-base C:\Users\SSAFY\Desktop\project\S09P22B201\ros\catkin_ws\build\ssak3\build install --record C:\Users\SSAFY\Desktop\project\S09P22B201\ros\catkin_ws\build\ssak3\install.log --install-scripts $base/lib/ssak3 --single-version-externally-managed[0m
[6.340s] [34mcolcon.colcon_core.environment[0m [1;30mLevel 1[0m checking 'C:\Users\SSAFY\Desktop\project\S09P22B201\ros\catkin_ws\install\ssak3' for CMake config files
[6.340s] [34mcolcon.colcon_core.environment[0m [1;30mLevel 1[0m checking 'C:\Users\SSAFY\Desktop\project\S09P22B201\ros\catkin_ws\install\ssak3\bin'
[6.340s] [34mcolcon.colcon_core.environment[0m [1;30mLevel 1[0m checking 'C:\Users\SSAFY\Desktop\project\S09P22B201\ros\catkin_ws\install\ssak3\bin'
[6.340s] [34mcolcon.colcon_core.environment[0m [1;30mLevel 1[0m checking 'C:\Users\SSAFY\Desktop\project\S09P22B201\ros\catkin_ws\install\ssak3\lib\pkgconfig\ssak3.pc'
[6.340s] [34mcolcon.colcon_core.environment[0m [1;30mLevel 1[0m checking 'C:\Users\SSAFY\Desktop\project\S09P22B201\ros\catkin_ws\install\ssak3\Lib\site-packages'
[6.340s] [34mcolcon.colcon_core.shell[0m [1;30mLevel 1[0m create_environment_hook('ssak3', 'pythonpath')
[6.356s] [34mcolcon.colcon_core.shell[0m [1;30mINFO[0m Creating environment hook 'C:\Users\SSAFY\Desktop\project\S09P22B201\ros\catkin_ws\install\ssak3\share\ssak3\hook\pythonpath.ps1'
[6.356s] [34mcolcon.colcon_core.shell[0m [1;30mINFO[0m Creating environment hook 'C:\Users\SSAFY\Desktop\project\S09P22B201\ros\catkin_ws\install\ssak3\share\ssak3\hook\pythonpath.bat'
[6.356s] [34mcolcon.colcon_core.shell[0m [1;30mINFO[0m Creating environment descriptor 'C:\Users\SSAFY\Desktop\project\S09P22B201\ros\catkin_ws\install\ssak3\share\ssak3\hook\pythonpath.dsv'
[6.356s] [34mcolcon.colcon_core.environment[0m [1;30mLevel 1[0m checking 'C:\Users\SSAFY\Desktop\project\S09P22B201\ros\catkin_ws\install\ssak3\Scripts'
[6.356s] [34mcolcon.colcon_core.environment[0m [1;30mLevel 1[0m create_environment_scripts_only(ssak3)
[6.371s] [34mcolcon.colcon_core.shell[0m [1;30mINFO[0m Creating package script 'C:\Users\SSAFY\Desktop\project\S09P22B201\ros\catkin_ws\install\ssak3\share\ssak3\package.ps1'
[6.371s] [34mcolcon.colcon_core.shell[0m [1;30mINFO[0m Creating package script 'C:\Users\SSAFY\Desktop\project\S09P22B201\ros\catkin_ws\install\ssak3\share\ssak3\package.bat'
[6.371s] [34mcolcon.colcon_core.shell[0m [1;30mINFO[0m Creating package descriptor 'C:\Users\SSAFY\Desktop\project\S09P22B201\ros\catkin_ws\install\ssak3\share\ssak3\package.dsv'
[6.371s] [34mcolcon.colcon_core.environment[0m [1;30mLevel 1[0m create_file_with_runtime_dependencies(C:\Users\SSAFY\Desktop\project\S09P22B201\ros\catkin_ws\install\ssak3\share\colcon-core\packages\ssak3)
[6.400s] [34mcolcon.colcon_core.environment[0m [1;30mLevel 1[0m checking 'C:\Users\SSAFY\Desktop\project\S09P22B201\ros\catkin_ws\install\sub1' for CMake module files
[6.404s] [34mcolcon.colcon_core.environment[0m [1;30mLevel 1[0m checking 'C:\Users\SSAFY\Desktop\project\S09P22B201\ros\catkin_ws\install\sub1' for CMake config files
[6.404s] [34mcolcon.colcon_core.environment[0m [1;30mLevel 1[0m checking 'C:\Users\SSAFY\Desktop\project\S09P22B201\ros\catkin_ws\install\sub1\bin'
[6.404s] [34mcolcon.colcon_core.environment[0m [1;30mLevel 1[0m checking 'C:\Users\SSAFY\Desktop\project\S09P22B201\ros\catkin_ws\install\sub1\bin'
[6.404s] [34mcolcon.colcon_core.environment[0m [1;30mLevel 1[0m checking 'C:\Users\SSAFY\Desktop\project\S09P22B201\ros\catkin_ws\install\sub1\lib\pkgconfig\sub1.pc'
[6.404s] [34mcolcon.colcon_core.environment[0m [1;30mLevel 1[0m checking 'C:\Users\SSAFY\Desktop\project\S09P22B201\ros\catkin_ws\install\sub1\Lib\site-packages'
[6.404s] [34mcolcon.colcon_core.shell[0m [1;30mLevel 1[0m create_environment_hook('sub1', 'pythonpath')
[6.404s] [34mcolcon.colcon_core.shell[0m [1;30mINFO[0m Creating environment hook 'C:\Users\SSAFY\Desktop\project\S09P22B201\ros\catkin_ws\install\sub1\share\sub1\hook\pythonpath.ps1'
[6.419s] [34mcolcon.colcon_core.event_handler.log_command[0m [1;30mDEBUG[0m [32mInvoked command in 'C:\Users\SSAFY\Desktop\project\S09P22B201\ros\catkin_ws\src\sub1' returned '0': PYTHONPATH=C:\Users\SSAFY\Desktop\project\S09P22B201\ros\catkin_ws\build\sub1\prefix_override;C:\Users\SSAFY\Desktop\project\S09P22B201\ros\catkin_ws\install\sub1\Lib\site-packages;%PYTHONPATH% installDir=%installDir%
IntelliJ IDEA=C:\Program Files\JetBrains\IntelliJ IDEA 2023.1.3\bin; c:\python37\python.exe setup.py egg_info --egg-base ..\..\build\sub1 build --build-base C:\Users\SSAFY\Desktop\project\S09P22B201\ros\catkin_ws\build\sub1\build install --record C:\Users\SSAFY\Desktop\project\S09P22B201\ros\catkin_ws\build\sub1\install.log --install-scripts $base/lib/sub1 --single-version-externally-managed[0m
[6.419s] [34mcolcon.colcon_core.shell[0m [1;30mINFO[0m Creating environment hook 'C:\Users\SSAFY\Desktop\project\S09P22B201\ros\catkin_ws\install\sub1\share\sub1\hook\pythonpath.bat'
[6.419s] [34mcolcon.colcon_core.shell[0m [1;30mINFO[0m Creating environment descriptor 'C:\Users\SSAFY\Desktop\project\S09P22B201\ros\catkin_ws\install\sub1\share\sub1\hook\pythonpath.dsv'
[6.419s] [34mcolcon.colcon_core.environment[0m [1;30mLevel 1[0m checking 'C:\Users\SSAFY\Desktop\project\S09P22B201\ros\catkin_ws\install\sub1\Scripts'
[6.419s] [34mcolcon.colcon_core.environment[0m [1;30mLevel 1[0m create_environment_scripts_only(sub1)
[6.419s] [34mcolcon.colcon_core.shell[0m [1;30mINFO[0m Creating package script 'C:\Users\SSAFY\Desktop\project\S09P22B201\ros\catkin_ws\install\sub1\share\sub1\package.ps1'
[6.419s] [34mcolcon.colcon_core.shell[0m [1;30mINFO[0m Creating package script 'C:\Users\SSAFY\Desktop\project\S09P22B201\ros\catkin_ws\install\sub1\share\sub1\package.bat'
[6.419s] [34mcolcon.colcon_core.shell[0m [1;30mINFO[0m Creating package descriptor 'C:\Users\SSAFY\Desktop\project\S09P22B201\ros\catkin_ws\install\sub1\share\sub1\package.dsv'
[6.435s] [34mcolcon.colcon_core.environment[0m [1;30mLevel 1[0m create_file_with_runtime_dependencies(C:\Users\SSAFY\Desktop\project\S09P22B201\ros\catkin_ws\install\sub1\share\colcon-core\packages\sub1)
[6.451s] [34mcolcon.colcon_core.environment[0m [1;30mLevel 1[0m checking 'C:\Users\SSAFY\Desktop\project\S09P22B201\ros\catkin_ws\install\ssafy_bridge' for CMake module files
[6.451s] [34mcolcon.colcon_core.environment[0m [1;30mLevel 1[0m checking 'C:\Users\SSAFY\Desktop\project\S09P22B201\ros\catkin_ws\install\ssafy_bridge' for CMake config files
[6.451s] [34mcolcon.colcon_core.event_handler.log_command[0m [1;30mDEBUG[0m [32mInvoked command in 'C:\Users\SSAFY\Desktop\project\S09P22B201\ros\catkin_ws\src\ssafy_bridge' returned '0': PYTHONPATH=C:\Users\SSAFY\Desktop\project\S09P22B201\ros\catkin_ws\build\ssafy_bridge\prefix_override;C:\Users\SSAFY\Desktop\project\S09P22B201\ros\catkin_ws\install\ssafy_bridge\Lib\site-packages;%PYTHONPATH% installDir=%installDir%
IntelliJ IDEA=C:\Program Files\JetBrains\IntelliJ IDEA 2023.1.3\bin; c:\python37\python.exe setup.py egg_info --egg-base ..\..\build\ssafy_bridge build --build-base C:\Users\SSAFY\Desktop\project\S09P22B201\ros\catkin_ws\build\ssafy_bridge\build install --record C:\Users\SSAFY\Desktop\project\S09P22B201\ros\catkin_ws\build\ssafy_bridge\install.log --install-scripts $base/lib/ssafy_bridge --single-version-externally-managed[0m
[6.451s] [34mcolcon.colcon_core.environment[0m [1;30mLevel 1[0m checking 'C:\Users\SSAFY\Desktop\project\S09P22B201\ros\catkin_ws\install\ssafy_bridge\bin'
[6.451s] [34mcolcon.colcon_core.environment[0m [1;30mLevel 1[0m checking 'C:\Users\SSAFY\Desktop\project\S09P22B201\ros\catkin_ws\install\ssafy_bridge\bin'
[6.451s] [34mcolcon.colcon_core.environment[0m [1;30mLevel 1[0m checking 'C:\Users\SSAFY\Desktop\project\S09P22B201\ros\catkin_ws\install\ssafy_bridge\lib\pkgconfig\ssafy_bridge.pc'
[6.451s] [34mcolcon.colcon_core.environment[0m [1;30mLevel 1[0m checking 'C:\Users\SSAFY\Desktop\project\S09P22B201\ros\catkin_ws\install\ssafy_bridge\Lib\site-packages'
[6.451s] [34mcolcon.colcon_core.shell[0m [1;30mLevel 1[0m create_environment_hook('ssafy_bridge', 'pythonpath')
[6.466s] [34mcolcon.colcon_core.shell[0m [1;30mINFO[0m Creating environment hook 'C:\Users\SSAFY\Desktop\project\S09P22B201\ros\catkin_ws\install\ssafy_bridge\share\ssafy_bridge\hook\pythonpath.ps1'
[6.466s] [34mcolcon.colcon_core.shell[0m [1;30mINFO[0m Creating environment hook 'C:\Users\SSAFY\Desktop\project\S09P22B201\ros\catkin_ws\install\ssafy_bridge\share\ssafy_bridge\hook\pythonpath.bat'
[6.466s] [34mcolcon.colcon_core.shell[0m [1;30mINFO[0m Creating environment descriptor 'C:\Users\SSAFY\Desktop\project\S09P22B201\ros\catkin_ws\install\ssafy_bridge\share\ssafy_bridge\hook\pythonpath.dsv'
[6.466s] [34mcolcon.colcon_core.environment[0m [1;30mLevel 1[0m checking 'C:\Users\SSAFY\Desktop\project\S09P22B201\ros\catkin_ws\install\ssafy_bridge\Scripts'
[6.466s] [34mcolcon.colcon_core.environment[0m [1;30mLevel 1[0m create_environment_scripts_only(ssafy_bridge)
[6.482s] [34mcolcon.colcon_core.shell[0m [1;30mINFO[0m Creating package script 'C:\Users\SSAFY\Desktop\project\S09P22B201\ros\catkin_ws\install\ssafy_bridge\share\ssafy_bridge\package.ps1'
[6.482s] [34mcolcon.colcon_core.shell[0m [1;30mINFO[0m Creating package script 'C:\Users\SSAFY\Desktop\project\S09P22B201\ros\catkin_ws\install\ssafy_bridge\share\ssafy_bridge\package.bat'
[6.482s] [34mcolcon.colcon_core.shell[0m [1;30mINFO[0m Creating package descriptor 'C:\Users\SSAFY\Desktop\project\S09P22B201\ros\catkin_ws\install\ssafy_bridge\share\ssafy_bridge\package.dsv'
[6.482s] [34mcolcon.colcon_core.environment[0m [1;30mLevel 1[0m create_file_with_runtime_dependencies(C:\Users\SSAFY\Desktop\project\S09P22B201\ros\catkin_ws\install\ssafy_bridge\share\colcon-core\packages\ssafy_bridge)
[6.497s] [34mcolcon.colcon_core.environment[0m [1;30mLevel 1[0m checking 'C:\Users\SSAFY\Desktop\project\S09P22B201\ros\catkin_ws\install\sub3' for CMake module files
[6.497s] [34mcolcon.colcon_core.event_handler.log_command[0m [1;30mDEBUG[0m [32mInvoked command in 'C:\Users\SSAFY\Desktop\project\S09P22B201\ros\catkin_ws\src\sub3' returned '0': PYTHONPATH=C:\Users\SSAFY\Desktop\project\S09P22B201\ros\catkin_ws\build\sub3\prefix_override;C:\Users\SSAFY\Desktop\project\S09P22B201\ros\catkin_ws\install\sub3\Lib\site-packages;%PYTHONPATH% installDir=%installDir%
IntelliJ IDEA=C:\Program Files\JetBrains\IntelliJ IDEA 2023.1.3\bin; c:\python37\python.exe setup.py egg_info --egg-base ..\..\build\sub3 build --build-base C:\Users\SSAFY\Desktop\project\S09P22B201\ros\catkin_ws\build\sub3\build install --record C:\Users\SSAFY\Desktop\project\S09P22B201\ros\catkin_ws\build\sub3\install.log --install-scripts $base/lib/sub3 --single-version-externally-managed[0m
[6.497s] [34mcolcon.colcon_core.environment[0m [1;30mLevel 1[0m checking 'C:\Users\SSAFY\Desktop\project\S09P22B201\ros\catkin_ws\install\sub3' for CMake config files
[6.497s] [34mcolcon.colcon_core.environment[0m [1;30mLevel 1[0m checking 'C:\Users\SSAFY\Desktop\project\S09P22B201\ros\catkin_ws\install\sub3\bin'
[6.497s] [34mcolcon.colcon_core.environment[0m [1;30mLevel 1[0m checking 'C:\Users\SSAFY\Desktop\project\S09P22B201\ros\catkin_ws\install\sub3\bin'
[6.497s] [34mcolcon.colcon_core.environment[0m [1;30mLevel 1[0m checking 'C:\Users\SSAFY\Desktop\project\S09P22B201\ros\catkin_ws\install\sub3\lib\pkgconfig\sub3.pc'
[6.497s] [34mcolcon.colcon_core.environment[0m [1;30mLevel 1[0m checking 'C:\Users\SSAFY\Desktop\project\S09P22B201\ros\catkin_ws\install\sub3\Lib\site-packages'
[6.497s] [34mcolcon.colcon_core.shell[0m [1;30mLevel 1[0m create_environment_hook('sub3', 'pythonpath')
[6.513s] [34mcolcon.colcon_core.shell[0m [1;30mINFO[0m Creating environment hook 'C:\Users\SSAFY\Desktop\project\S09P22B201\ros\catkin_ws\install\sub3\share\sub3\hook\pythonpath.ps1'
[6.513s] [34mcolcon.colcon_core.shell[0m [1;30mINFO[0m Creating environment hook 'C:\Users\SSAFY\Desktop\project\S09P22B201\ros\catkin_ws\install\sub3\share\sub3\hook\pythonpath.bat'
[6.513s] [34mcolcon.colcon_core.shell[0m [1;30mINFO[0m Creating environment descriptor 'C:\Users\SSAFY\Desktop\project\S09P22B201\ros\catkin_ws\install\sub3\share\sub3\hook\pythonpath.dsv'
[6.513s] [34mcolcon.colcon_core.environment[0m [1;30mLevel 1[0m checking 'C:\Users\SSAFY\Desktop\project\S09P22B201\ros\catkin_ws\install\sub3\Scripts'
[6.513s] [34mcolcon.colcon_core.environment[0m [1;30mLevel 1[0m create_environment_scripts_only(sub3)
[6.513s] [34mcolcon.colcon_core.shell[0m [1;30mINFO[0m Creating package script 'C:\Users\SSAFY\Desktop\project\S09P22B201\ros\catkin_ws\install\sub3\share\sub3\package.ps1'
[6.529s] [34mcolcon.colcon_core.shell[0m [1;30mINFO[0m Creating package script 'C:\Users\SSAFY\Desktop\project\S09P22B201\ros\catkin_ws\install\sub3\share\sub3\package.bat'
[6.529s] [34mcolcon.colcon_core.shell[0m [1;30mINFO[0m Creating package descriptor 'C:\Users\SSAFY\Desktop\project\S09P22B201\ros\catkin_ws\install\sub3\share\sub3\package.dsv'
[6.529s] [34mcolcon.colcon_core.environment[0m [1;30mLevel 1[0m create_file_with_runtime_dependencies(C:\Users\SSAFY\Desktop\project\S09P22B201\ros\catkin_ws\install\sub3\share\colcon-core\packages\sub3)
[13.665s] [34mcolcon.colcon_core.event_handler.log_command[0m [1;30mDEBUG[0m [32mInvoked command in 'C:\Users\SSAFY\Desktop\project\S09P22B201\ros\catkin_ws\build\ssafy_msgs' returned '0': CMAKE_PREFIX_PATH=%CMAKE_PREFIX_PATH%;C:\Users\SSAFY\Desktop\project\S09P22B201\ros\catkin_ws\install\sub3;C:\Users\SSAFY\Desktop\project\S09P22B201\ros\catkin_ws\install\sub2;C:\Users\SSAFY\Desktop\project\S09P22B201\ros\catkin_ws\install\sub1;C:\Users\SSAFY\Desktop\project\S09P22B201\ros\catkin_ws\install\ssafy_bridge installDir=%installDir%
IntelliJ IDEA=C:\Program Files\JetBrains\IntelliJ IDEA 2023.1.3\bin; C:\Program Files\CMake\bin\cmake.EXE C:\Users\SSAFY\Desktop\project\S09P22B201\ros\catkin_ws\src\ssafy_msgs -DCMAKE_INSTALL_PREFIX=C:\Users\SSAFY\Desktop\project\S09P22B201\ros\catkin_ws\install\ssafy_msgs -G Visual Studio 16 2019[0m
[13.681s] [34mcolcon.colcon_core.event_handler.log_command[0m [1;30mDEBUG[0m [32mInvoking command in 'C:\Users\SSAFY\Desktop\project\S09P22B201\ros\catkin_ws\build\ssafy_msgs': CL=/MP CMAKE_PREFIX_PATH=%CMAKE_PREFIX_PATH%;C:\Users\SSAFY\Desktop\project\S09P22B201\ros\catkin_ws\install\sub3;C:\Users\SSAFY\Desktop\project\S09P22B201\ros\catkin_ws\install\sub2;C:\Users\SSAFY\Desktop\project\S09P22B201\ros\catkin_ws\install\sub1;C:\Users\SSAFY\Desktop\project\S09P22B201\ros\catkin_ws\install\ssafy_bridge installDir=%installDir%
IntelliJ IDEA=C:\Program Files\JetBrains\IntelliJ IDEA 2023.1.3\bin; C:\Program Files\CMake\bin\cmake.EXE --build C:\Users\SSAFY\Desktop\project\S09P22B201\ros\catkin_ws\build\ssafy_msgs --config Release[0m
[62.366s] [34mcolcon.colcon_core.event_handler.log_command[0m [1;30mDEBUG[0m [32mInvoked command in 'C:\Users\SSAFY\Desktop\project\S09P22B201\ros\catkin_ws\build\ssafy_msgs' returned '0': CL=/MP CMAKE_PREFIX_PATH=%CMAKE_PREFIX_PATH%;C:\Users\SSAFY\Desktop\project\S09P22B201\ros\catkin_ws\install\sub3;C:\Users\SSAFY\Desktop\project\S09P22B201\ros\catkin_ws\install\sub2;C:\Users\SSAFY\Desktop\project\S09P22B201\ros\catkin_ws\install\sub1;C:\Users\SSAFY\Desktop\project\S09P22B201\ros\catkin_ws\install\ssafy_bridge installDir=%installDir%
IntelliJ IDEA=C:\Program Files\JetBrains\IntelliJ IDEA 2023.1.3\bin; C:\Program Files\CMake\bin\cmake.EXE --build C:\Users\SSAFY\Desktop\project\S09P22B201\ros\catkin_ws\build\ssafy_msgs --config Release[0m
[62.397s] [34mcolcon.colcon_core.event_handler.log_command[0m [1;30mDEBUG[0m [32mInvoking command in 'C:\Users\SSAFY\Desktop\project\S09P22B201\ros\catkin_ws\build\ssafy_msgs': CMAKE_PREFIX_PATH=%CMAKE_PREFIX_PATH%;C:\Users\SSAFY\Desktop\project\S09P22B201\ros\catkin_ws\install\sub3;C:\Users\SSAFY\Desktop\project\S09P22B201\ros\catkin_ws\install\sub2;C:\Users\SSAFY\Desktop\project\S09P22B201\ros\catkin_ws\install\sub1;C:\Users\SSAFY\Desktop\project\S09P22B201\ros\catkin_ws\install\ssafy_bridge installDir=%installDir%
IntelliJ IDEA=C:\Program Files\JetBrains\IntelliJ IDEA 2023.1.3\bin; C:\Program Files\CMake\bin\cmake.EXE --install C:\Users\SSAFY\Desktop\project\S09P22B201\ros\catkin_ws\build\ssafy_msgs --config Release[0m
[63.179s] [34mcolcon.colcon_core.environment[0m [1;30mLevel 1[0m create_environment_scripts_only(ssafy_msgs)
[63.194s] [34mcolcon.colcon_core.environment[0m [1;30mLevel 1[0m checking 'C:\Users\SSAFY\Desktop\project\S09P22B201\ros\catkin_ws\install\ssafy_msgs' for CMake module files
[63.194s] [34mcolcon.colcon_core.event_handler.log_command[0m [1;30mDEBUG[0m [32mInvoked command in 'C:\Users\SSAFY\Desktop\project\S09P22B201\ros\catkin_ws\build\ssafy_msgs' returned '0': CMAKE_PREFIX_PATH=%CMAKE_PREFIX_PATH%;C:\Users\SSAFY\Desktop\project\S09P22B201\ros\catkin_ws\install\sub3;C:\Users\SSAFY\Desktop\project\S09P22B201\ros\catkin_ws\install\sub2;C:\Users\SSAFY\Desktop\project\S09P22B201\ros\catkin_ws\install\sub1;C:\Users\SSAFY\Desktop\project\S09P22B201\ros\catkin_ws\install\ssafy_bridge installDir=%installDir%
IntelliJ IDEA=C:\Program Files\JetBrains\IntelliJ IDEA 2023.1.3\bin; C:\Program Files\CMake\bin\cmake.EXE --install C:\Users\SSAFY\Desktop\project\S09P22B201\ros\catkin_ws\build\ssafy_msgs --config Release[0m
[63.194s] [34mcolcon.colcon_core.environment[0m [1;30mLevel 1[0m checking 'C:\Users\SSAFY\Desktop\project\S09P22B201\ros\catkin_ws\install\ssafy_msgs' for CMake config files
[63.194s] [34mcolcon.colcon_core.shell[0m [1;30mLevel 1[0m create_environment_hook('ssafy_msgs', 'cmake_prefix_path')
[63.210s] [34mcolcon.colcon_core.shell[0m [1;30mINFO[0m Creating environment hook 'C:\Users\SSAFY\Desktop\project\S09P22B201\ros\catkin_ws\install\ssafy_msgs\share\ssafy_msgs\hook\cmake_prefix_path.ps1'
[63.210s] [34mcolcon.colcon_core.shell[0m [1;30mINFO[0m Creating environment hook 'C:\Users\SSAFY\Desktop\project\S09P22B201\ros\catkin_ws\install\ssafy_msgs\share\ssafy_msgs\hook\cmake_prefix_path.bat'
[63.210s] [34mcolcon.colcon_core.shell[0m [1;30mINFO[0m Creating environment descriptor 'C:\Users\SSAFY\Desktop\project\S09P22B201\ros\catkin_ws\install\ssafy_msgs\share\ssafy_msgs\hook\cmake_prefix_path.dsv'
[63.210s] [34mcolcon.colcon_core.environment[0m [1;30mLevel 1[0m checking 'C:\Users\SSAFY\Desktop\project\S09P22B201\ros\catkin_ws\install\ssafy_msgs\bin'
[63.210s] [34mcolcon.colcon_core.shell[0m [1;30mLevel 1[0m create_environment_hook('ssafy_msgs', 'path_dll')
[63.225s] [34mcolcon.colcon_core.shell[0m [1;30mINFO[0m Creating environment hook 'C:\Users\SSAFY\Desktop\project\S09P22B201\ros\catkin_ws\install\ssafy_msgs\share\ssafy_msgs\hook\path_dll.ps1'
[63.225s] [34mcolcon.colcon_core.shell[0m [1;30mINFO[0m Creating environment hook 'C:\Users\SSAFY\Desktop\project\S09P22B201\ros\catkin_ws\install\ssafy_msgs\share\ssafy_msgs\hook\path_dll.bat'
[63.225s] [34mcolcon.colcon_core.shell[0m [1;30mINFO[0m Creating environment descriptor 'C:\Users\SSAFY\Desktop\project\S09P22B201\ros\catkin_ws\install\ssafy_msgs\share\ssafy_msgs\hook\path_dll.dsv'
[63.225s] [34mcolcon.colcon_core.environment[0m [1;30mLevel 1[0m checking 'C:\Users\SSAFY\Desktop\project\S09P22B201\ros\catkin_ws\install\ssafy_msgs\bin'
[63.225s] [34mcolcon.colcon_core.shell[0m [1;30mLevel 1[0m create_environment_hook('ssafy_msgs', 'path')
[63.225s] [34mcolcon.colcon_core.shell[0m [1;30mINFO[0m Creating environment hook 'C:\Users\SSAFY\Desktop\project\S09P22B201\ros\catkin_ws\install\ssafy_msgs\share\ssafy_msgs\hook\path.ps1'
[63.225s] [34mcolcon.colcon_core.shell[0m [1;30mINFO[0m Creating environment hook 'C:\Users\SSAFY\Desktop\project\S09P22B201\ros\catkin_ws\install\ssafy_msgs\share\ssafy_msgs\hook\path.bat'
[63.225s] [34mcolcon.colcon_core.shell[0m [1;30mINFO[0m Creating environment descriptor 'C:\Users\SSAFY\Desktop\project\S09P22B201\ros\catkin_ws\install\ssafy_msgs\share\ssafy_msgs\hook\path.dsv'
[63.225s] [34mcolcon.colcon_core.environment[0m [1;30mLevel 1[0m checking 'C:\Users\SSAFY\Desktop\project\S09P22B201\ros\catkin_ws\install\ssafy_msgs\lib\pkgconfig\ssafy_msgs.pc'
[63.225s] [34mcolcon.colcon_core.environment[0m [1;30mLevel 1[0m checking 'C:\Users\SSAFY\Desktop\project\S09P22B201\ros\catkin_ws\install\ssafy_msgs\Lib\site-packages'
[63.225s] [34mcolcon.colcon_core.shell[0m [1;30mLevel 1[0m create_environment_hook('ssafy_msgs', 'pythonpath')
[63.241s] [34mcolcon.colcon_core.shell[0m [1;30mINFO[0m Creating environment hook 'C:\Users\SSAFY\Desktop\project\S09P22B201\ros\catkin_ws\install\ssafy_msgs\share\ssafy_msgs\hook\pythonpath.ps1'
[63.241s] [34mcolcon.colcon_core.shell[0m [1;30mINFO[0m Creating environment hook 'C:\Users\SSAFY\Desktop\project\S09P22B201\ros\catkin_ws\install\ssafy_msgs\share\ssafy_msgs\hook\pythonpath.bat'
[63.241s] [34mcolcon.colcon_core.shell[0m [1;30mINFO[0m Creating environment descriptor 'C:\Users\SSAFY\Desktop\project\S09P22B201\ros\catkin_ws\install\ssafy_msgs\share\ssafy_msgs\hook\pythonpath.dsv'
[63.241s] [34mcolcon.colcon_core.environment[0m [1;30mLevel 1[0m checking 'C:\Users\SSAFY\Desktop\project\S09P22B201\ros\catkin_ws\install\ssafy_msgs\Scripts'
[63.257s] [34mcolcon.colcon_core.shell[0m [1;30mINFO[0m Creating package script 'C:\Users\SSAFY\Desktop\project\S09P22B201\ros\catkin_ws\install\ssafy_msgs\share\ssafy_msgs\package.ps1'
[63.257s] [34mcolcon.colcon_core.shell[0m [1;30mINFO[0m Creating package script 'C:\Users\SSAFY\Desktop\project\S09P22B201\ros\catkin_ws\install\ssafy_msgs\share\ssafy_msgs\package.bat'
[63.257s] [34mcolcon.colcon_core.shell[0m [1;30mINFO[0m Creating package descriptor 'C:\Users\SSAFY\Desktop\project\S09P22B201\ros\catkin_ws\install\ssafy_msgs\share\ssafy_msgs\package.dsv'
[63.257s] [34mcolcon.colcon_core.environment[0m [1;30mLevel 1[0m create_file_with_runtime_dependencies(C:\Users\SSAFY\Desktop\project\S09P22B201\ros\catkin_ws\install\ssafy_msgs\share\colcon-core\packages\ssafy_msgs)
[63.257s] [34mcolcon.colcon_core.environment[0m [1;30mLevel 1[0m create_environment_scripts_only(ssafy_msgs)
[63.272s] [34mcolcon.colcon_core.environment[0m [1;30mLevel 1[0m checking 'C:\Users\SSAFY\Desktop\project\S09P22B201\ros\catkin_ws\install\ssafy_msgs' for CMake module files
[63.272s] [34mcolcon.colcon_core.environment[0m [1;30mLevel 1[0m checking 'C:\Users\SSAFY\Desktop\project\S09P22B201\ros\catkin_ws\install\ssafy_msgs' for CMake config files
[63.288s] [34mcolcon.colcon_core.shell[0m [1;30mLevel 1[0m create_environment_hook('ssafy_msgs', 'cmake_prefix_path')
[63.288s] [34mcolcon.colcon_core.shell[0m [1;30mINFO[0m Creating environment hook 'C:\Users\SSAFY\Desktop\project\S09P22B201\ros\catkin_ws\install\ssafy_msgs\share\ssafy_msgs\hook\cmake_prefix_path.ps1'
[63.288s] [34mcolcon.colcon_core.shell[0m [1;30mINFO[0m Creating environment hook 'C:\Users\SSAFY\Desktop\project\S09P22B201\ros\catkin_ws\install\ssafy_msgs\share\ssafy_msgs\hook\cmake_prefix_path.bat'
[63.288s] [34mcolcon.colcon_core.shell[0m [1;30mINFO[0m Creating environment descriptor 'C:\Users\SSAFY\Desktop\project\S09P22B201\ros\catkin_ws\install\ssafy_msgs\share\ssafy_msgs\hook\cmake_prefix_path.dsv'
[63.288s] [34mcolcon.colcon_core.environment[0m [1;30mLevel 1[0m checking 'C:\Users\SSAFY\Desktop\project\S09P22B201\ros\catkin_ws\install\ssafy_msgs\bin'
[63.288s] [34mcolcon.colcon_core.shell[0m [1;30mLevel 1[0m create_environment_hook('ssafy_msgs', 'path_dll')
[63.304s] [34mcolcon.colcon_core.shell[0m [1;30mINFO[0m Creating environment hook 'C:\Users\SSAFY\Desktop\project\S09P22B201\ros\catkin_ws\install\ssafy_msgs\share\ssafy_msgs\hook\path_dll.ps1'
[63.304s] [34mcolcon.colcon_core.shell[0m [1;30mINFO[0m Creating environment hook 'C:\Users\SSAFY\Desktop\project\S09P22B201\ros\catkin_ws\install\ssafy_msgs\share\ssafy_msgs\hook\path_dll.bat'
[63.304s] [34mcolcon.colcon_core.shell[0m [1;30mINFO[0m Creating environment descriptor 'C:\Users\SSAFY\Desktop\project\S09P22B201\ros\catkin_ws\install\ssafy_msgs\share\ssafy_msgs\hook\path_dll.dsv'
[63.304s] [34mcolcon.colcon_core.environment[0m [1;30mLevel 1[0m checking 'C:\Users\SSAFY\Desktop\project\S09P22B201\ros\catkin_ws\install\ssafy_msgs\bin'
[63.304s] [34mcolcon.colcon_core.shell[0m [1;30mLevel 1[0m create_environment_hook('ssafy_msgs', 'path')
[63.304s] [34mcolcon.colcon_core.shell[0m [1;30mINFO[0m Creating environment hook 'C:\Users\SSAFY\Desktop\project\S09P22B201\ros\catkin_ws\install\ssafy_msgs\share\ssafy_msgs\hook\path.ps1'
[63.319s] [34mcolcon.colcon_core.shell[0m [1;30mINFO[0m Creating environment hook 'C:\Users\SSAFY\Desktop\project\S09P22B201\ros\catkin_ws\install\ssafy_msgs\share\ssafy_msgs\hook\path.bat'
[63.319s] [34mcolcon.colcon_core.shell[0m [1;30mINFO[0m Creating environment descriptor 'C:\Users\SSAFY\Desktop\project\S09P22B201\ros\catkin_ws\install\ssafy_msgs\share\ssafy_msgs\hook\path.dsv'
[63.319s] [34mcolcon.colcon_core.environment[0m [1;30mLevel 1[0m checking 'C:\Users\SSAFY\Desktop\project\S09P22B201\ros\catkin_ws\install\ssafy_msgs\lib\pkgconfig\ssafy_msgs.pc'
[63.319s] [34mcolcon.colcon_core.environment[0m [1;30mLevel 1[0m checking 'C:\Users\SSAFY\Desktop\project\S09P22B201\ros\catkin_ws\install\ssafy_msgs\Lib\site-packages'
[63.319s] [34mcolcon.colcon_core.shell[0m [1;30mLevel 1[0m create_environment_hook('ssafy_msgs', 'pythonpath')
[63.319s] [34mcolcon.colcon_core.shell[0m [1;30mINFO[0m Creating environment hook 'C:\Users\SSAFY\Desktop\project\S09P22B201\ros\catkin_ws\install\ssafy_msgs\share\ssafy_msgs\hook\pythonpath.ps1'
[63.319s] [34mcolcon.colcon_core.shell[0m [1;30mINFO[0m Creating environment hook 'C:\Users\SSAFY\Desktop\project\S09P22B201\ros\catkin_ws\install\ssafy_msgs\share\ssafy_msgs\hook\pythonpath.bat'
[63.319s] [34mcolcon.colcon_core.shell[0m [1;30mINFO[0m Creating environment descriptor 'C:\Users\SSAFY\Desktop\project\S09P22B201\ros\catkin_ws\install\ssafy_msgs\share\ssafy_msgs\hook\pythonpath.dsv'
[63.319s] [34mcolcon.colcon_core.environment[0m [1;30mLevel 1[0m checking 'C:\Users\SSAFY\Desktop\project\S09P22B201\ros\catkin_ws\install\ssafy_msgs\Scripts'
[63.335s] [34mcolcon.colcon_core.shell[0m [1;30mINFO[0m Creating package script 'C:\Users\SSAFY\Desktop\project\S09P22B201\ros\catkin_ws\install\ssafy_msgs\share\ssafy_msgs\package.ps1'
[63.335s] [34mcolcon.colcon_core.shell[0m [1;30mINFO[0m Creating package script 'C:\Users\SSAFY\Desktop\project\S09P22B201\ros\catkin_ws\install\ssafy_msgs\share\ssafy_msgs\package.bat'
[63.335s] [34mcolcon.colcon_core.shell[0m [1;30mINFO[0m Creating package descriptor 'C:\Users\SSAFY\Desktop\project\S09P22B201\ros\catkin_ws\install\ssafy_msgs\share\ssafy_msgs\package.dsv'
[63.335s] [34mcolcon.colcon_core.environment[0m [1;30mLevel 1[0m create_file_with_runtime_dependencies(C:\Users\SSAFY\Desktop\project\S09P22B201\ros\catkin_ws\install\ssafy_msgs\share\colcon-core\packages\ssafy_msgs)
[63.335s] [34mcolcon.colcon_parallel_executor.executor.parallel[0m [1;30mDEBUG[0m [32mrun_until_complete finished with '0'[0m
[63.335s] [34mcolcon.colcon_core.event_reactor[0m [1;30mDEBUG[0m [32mjoining thread[0m
[63.350s] [34mcolcon.colcon_core.plugin_system[0m [1;30mINFO[0m Skipping extension 'colcon_notification.desktop_notification.notify2': 'notify2' not found
[63.350s] [34mcolcon.colcon_core.plugin_system[0m [1;30mINFO[0m Skipping extension 'colcon_notification.desktop_notification.notify_send': Not used on non-Linux systems
[63.350s] [34mcolcon.colcon_core.plugin_system[0m [1;30mINFO[0m Skipping extension 'colcon_notification.desktop_notification.terminal_notifier': Not used on non-Darwin systems
[63.350s] [34mcolcon.colcon_notification.desktop_notification[0m [1;30mINFO[0m Sending desktop notification using 'win32'
[68.403s] [34mcolcon.colcon_core.event_reactor[0m [1;30mDEBUG[0m [32mjoined thread[0m
[68.406s] [34mcolcon.colcon_core.shell[0m [1;30mINFO[0m Creating prefix script 'C:\Users\SSAFY\Desktop\project\S09P22B201\ros\catkin_ws\install\local_setup.ps1'
[68.413s] [34mcolcon.colcon_core.shell[0m [1;30mINFO[0m Creating prefix util module 'C:\Users\SSAFY\Desktop\project\S09P22B201\ros\catkin_ws\install\_local_setup_util_ps1.py'
[68.413s] [34mcolcon.colcon_core.shell[0m [1;30mINFO[0m Creating prefix chain script 'C:\Users\SSAFY\Desktop\project\S09P22B201\ros\catkin_ws\install\setup.ps1'
[68.413s] [34mcolcon.colcon_core.shell[0m [1;30mINFO[0m Creating prefix script 'C:\Users\SSAFY\Desktop\project\S09P22B201\ros\catkin_ws\install\local_setup.bat'
[68.429s] [34mcolcon.colcon_core.shell[0m [1;30mINFO[0m Creating prefix util module 'C:\Users\SSAFY\Desktop\project\S09P22B201\ros\catkin_ws\install\_local_setup_util_bat.py'
[68.429s] [34mcolcon.colcon_core.shell[0m [1;30mINFO[0m Creating prefix chain script 'C:\Users\SSAFY\Desktop\project\S09P22B201\ros\catkin_ws\install\setup.bat'
