[1.594s] Invoking command in 'C:\Users\SSAFY\Desktop\tt\catkin_ws\catkin_ws\build\ssafy_msgs': installDir=%installDir%
IntelliJ IDEA=C:\Program Files\JetBrains\IntelliJ IDEA 2023.1.3\bin; C:\Program Files\CMake\bin\cmake.EXE C:\Users\SSAFY\Desktop\tt\catkin_ws\catkin_ws\src\ssafy_msgs -DCMAKE_INSTALL_PREFIX=C:\Users\SSAFY\Desktop\tt\catkin_ws\catkin_ws\install\ssafy_msgs
[2.141s] -- Selecting Windows SDK version 10.0.19041.0 to target Windows 10.0.19045.
[2.141s] -- Found ament_cmake: 0.8.2 (C:/dev/ros2-windows/share/ament_cmake/cmake)
[2.141s] -- Found PythonInterp: C:/Python37/python.exe (found suitable version "3.7.5", minimum required is "3") 
[2.141s] -- Using PYTHON_EXECUTABLE: C:/Python37/python.exe
[2.141s] -- Found rosidl_default_generators: 0.8.0 (C:/dev/ros2-windows/share/rosidl_default_generators/cmake)
[2.141s] -- Found RTI Connext: C:/Program Files/rti_connext_dds-5.3.1
[2.687s] -- Found rosidl_adapter: 0.8.2 (C:/dev/ros2-windows/share/rosidl_adapter/cmake)
[2.687s] -- Found PrismTech OpenSplice: C:/dev/opensplice/HDE/x86_64.win64
[2.703s] -- Found std_msgs: 0.8.1 (C:/dev/ros2-windows/share/std_msgs/cmake)
[2.750s] -- Found geometry_msgs: 0.8.1 (C:/dev/ros2-windows/share/geometry_msgs/cmake)
[2.859s] -- Found PythonInterp: C:/Python37/python.exe (found version "3.7.5") 
[3.328s] -- Using all available rosidl_typesupport_c: rosidl_typesupport_connext_c;rosidl_typesupport_fastrtps_c;rosidl_typesupport_introspection_c;rosidl_typesupport_opensplice_c
[3.469s] -- Using all available rosidl_typesupport_cpp: rosidl_typesupport_connext_cpp;rosidl_typesupport_fastrtps_cpp;rosidl_typesupport_introspection_cpp;rosidl_typesupport_opensplice_cpp
[5.234s] -- Found rmw_implementation_cmake: 0.8.1 (C:/dev/ros2-windows/share/rmw_implementation_cmake/cmake)
[5.281s] -- Found PythonInterp: C:/Python37/python.exe (found suitable version "3.7.5", minimum required is "3.5") 
[5.281s] -- Found python_cmake_module: 0.8.0 (C:/dev/ros2-windows/share/python_cmake_module/cmake)
[5.359s] -- Using PYTHON_EXECUTABLE: C:/Python37/python.exe
[5.359s] -- Using PYTHON_INCLUDE_DIRS: C:/Python37/include
[5.375s] -- Using PYTHON_LIBRARIES: C:/Python37/libs/python37.lib
[5.875s] -- Using numpy include directory: C:\Python37\lib\site-packages\numpy\core\include
[5.906s] -- Found ament_lint_auto: 0.8.1 (C:/dev/ros2-windows/share/ament_lint_auto/cmake)
[6.000s] -- Added test 'lint_cmake' to check CMake code style
[6.016s] -- Added test 'xmllint' to check XML markup files
[6.094s] -- Configuring done
[7.406s] -- Generating done
[7.406s] -- Build files have been written to: C:/Users/SSAFY/Desktop/tt/catkin_ws/catkin_ws/build/ssafy_msgs
[7.422s] Invoked command in 'C:\Users\SSAFY\Desktop\tt\catkin_ws\catkin_ws\build\ssafy_msgs' returned '0': installDir=%installDir%
IntelliJ IDEA=C:\Program Files\JetBrains\IntelliJ IDEA 2023.1.3\bin; C:\Program Files\CMake\bin\cmake.EXE C:\Users\SSAFY\Desktop\tt\catkin_ws\catkin_ws\src\ssafy_msgs -DCMAKE_INSTALL_PREFIX=C:\Users\SSAFY\Desktop\tt\catkin_ws\catkin_ws\install\ssafy_msgs
[7.422s] Invoking command in 'C:\Users\SSAFY\Desktop\tt\catkin_ws\catkin_ws\build\ssafy_msgs': CL=/MP installDir=%installDir%
IntelliJ IDEA=C:\Program Files\JetBrains\IntelliJ IDEA 2023.1.3\bin; C:\Program Files\CMake\bin\cmake.EXE --build C:\Users\SSAFY\Desktop\tt\catkin_ws\catkin_ws\build\ssafy_msgs --config Release
[7.562s] .NET Framework¿ë Microsoft (R) Build Engine ¹öÀü 16.11.2+f32259642
[7.562s] Copyright (C) Microsoft Corporation. All rights reserved.
[7.562s] 
[7.984s]   Checking Build System
[8.250s]   Building Custom Rule C:/Users/SSAFY/Desktop/tt/catkin_ws/catkin_ws/src/ssafy_msgs/CMakeLists.txt
[8.437s]   Building Custom Rule C:/Users/SSAFY/Desktop/tt/catkin_ws/catkin_ws/src/ssafy_msgs/CMakeLists.txt
[8.562s]   ssafy_msgs__rosidl_generator_c.vcxproj -> C:\Users\SSAFY\Desktop\tt\catkin_ws\catkin_ws\build\ssafy_msgs\Release\ssafy_msgs__rosidl_generator_c.dll
[8.672s]   Building Custom Rule C:/Users/SSAFY/Desktop/tt/catkin_ws/catkin_ws/src/ssafy_msgs/CMakeLists.txt
[8.750s]   ssafy_msgs__rosidl_typesupport_c.vcxproj -> C:\Users\SSAFY\Desktop\tt\catkin_ws\catkin_ws\build\ssafy_msgs\Release\ssafy_msgs__rosidl_typesupport_c.dll
[8.922s]   Building Custom Rule C:/Users/SSAFY/Desktop/tt/catkin_ws/catkin_ws/src/ssafy_msgs/CMakeLists.txt
[9.109s]   Building Custom Rule C:/Users/SSAFY/Desktop/tt/catkin_ws/catkin_ws/src/ssafy_msgs/CMakeLists.txt
[9.312s]   ssafy_msgs__rosidl_typesupport_connext_cpp.vcxproj -> C:\Users\SSAFY\Desktop\tt\catkin_ws\catkin_ws\build\ssafy_msgs\Release\ssafy_msgs__rosidl_typesupport_connext_cpp.dll
[9.391s]   Building Custom Rule C:/Users/SSAFY/Desktop/tt/catkin_ws/catkin_ws/src/ssafy_msgs/CMakeLists.txt
[9.547s]   ssafy_msgs__rosidl_typesupport_connext_c.vcxproj -> C:\Users\SSAFY\Desktop\tt\catkin_ws\catkin_ws\build\ssafy_msgs\Release\ssafy_msgs__rosidl_typesupport_connext_c.dll
[9.641s]   Building Custom Rule C:/Users/SSAFY/Desktop/tt/catkin_ws/catkin_ws/src/ssafy_msgs/CMakeLists.txt
[9.719s]   ssafy_msgs__rosidl_typesupport_cpp.vcxproj -> C:\Users\SSAFY\Desktop\tt\catkin_ws\catkin_ws\build\ssafy_msgs\Release\ssafy_msgs__rosidl_typesupport_cpp.dll
[9.859s]   Building Custom Rule C:/Users/SSAFY/Desktop/tt/catkin_ws/catkin_ws/src/ssafy_msgs/CMakeLists.txt
[9.953s]   ssafy_msgs__rosidl_typesupport_fastrtps_cpp.vcxproj -> C:\Users\SSAFY\Desktop\tt\catkin_ws\catkin_ws\build\ssafy_msgs\Release\ssafy_msgs__rosidl_typesupport_fastrtps_cpp.dll
[10.016s]   Building Custom Rule C:/Users/SSAFY/Desktop/tt/catkin_ws/catkin_ws/src/ssafy_msgs/CMakeLists.txt
[10.109s]   ssafy_msgs__rosidl_typesupport_fastrtps_c.vcxproj -> C:\Users\SSAFY\Desktop\tt\catkin_ws\catkin_ws\build\ssafy_msgs\Release\ssafy_msgs__rosidl_typesupport_fastrtps_c.dll
[10.234s]   Building Custom Rule C:/Users/SSAFY/Desktop/tt/catkin_ws/catkin_ws/src/ssafy_msgs/CMakeLists.txt
[10.344s]   ssafy_msgs__rosidl_typesupport_introspection_c.vcxproj -> C:\Users\SSAFY\Desktop\tt\catkin_ws\catkin_ws\build\ssafy_msgs\Release\ssafy_msgs__rosidl_typesupport_introspection_c.dll
[10.469s]   Building Custom Rule C:/Users/SSAFY/Desktop/tt/catkin_ws/catkin_ws/src/ssafy_msgs/CMakeLists.txt
[10.562s]   ssafy_msgs__rosidl_typesupport_introspection_cpp.vcxproj -> C:\Users\SSAFY\Desktop\tt\catkin_ws\catkin_ws\build\ssafy_msgs\Release\ssafy_msgs__rosidl_typesupport_introspection_cpp.dll
[10.750s]   Building Custom Rule C:/Users/SSAFY/Desktop/tt/catkin_ws/catkin_ws/src/ssafy_msgs/CMakeLists.txt
[10.937s]   Building Custom Rule C:/Users/SSAFY/Desktop/tt/catkin_ws/catkin_ws/src/ssafy_msgs/CMakeLists.txt
[11.094s]   ssafy_msgs__rosidl_typesupport_opensplice_cpp.vcxproj -> C:\Users\SSAFY\Desktop\tt\catkin_ws\catkin_ws\build\ssafy_msgs\Release\ssafy_msgs__rosidl_typesupport_opensplice_cpp.dll
[11.172s]   Building Custom Rule C:/Users/SSAFY/Desktop/tt/catkin_ws/catkin_ws/src/ssafy_msgs/CMakeLists.txt
[11.312s]   ssafy_msgs__rosidl_typesupport_opensplice_c.vcxproj -> C:\Users\SSAFY\Desktop\tt\catkin_ws\catkin_ws\build\ssafy_msgs\Release\ssafy_msgs__rosidl_typesupport_opensplice_c.dll
[11.422s]   Building Custom Rule C:/Users/SSAFY/Desktop/tt/catkin_ws/catkin_ws/src/ssafy_msgs/CMakeLists.txt
[11.687s]   Building Custom Rule C:/Users/SSAFY/Desktop/tt/catkin_ws/catkin_ws/src/ssafy_msgs/CMakeLists.txt
[11.781s]   ssafy_msgs__python.vcxproj -> C:\Users\SSAFY\Desktop\tt\catkin_ws\catkin_ws\build\ssafy_msgs\rosidl_generator_py\ssafy_msgs\ssafy_msgs__python.dll
[11.906s]   Building Custom Rule C:/Users/SSAFY/Desktop/tt/catkin_ws/catkin_ws/src/ssafy_msgs/CMakeLists.txt
[11.984s]   ssafy_msgs__rosidl_typesupport_c__pyext.vcxproj -> C:\Users\SSAFY\Desktop\tt\catkin_ws\catkin_ws\build\ssafy_msgs\rosidl_generator_py\ssafy_msgs\ssafy_msgs_s__rosidl_typesupport_c.pyd
[12.078s]   Building Custom Rule C:/Users/SSAFY/Desktop/tt/catkin_ws/catkin_ws/src/ssafy_msgs/CMakeLists.txt
[12.172s]   ssafy_msgs__rosidl_typesupport_connext_c__pyext.vcxproj -> C:\Users\SSAFY\Desktop\tt\catkin_ws\catkin_ws\build\ssafy_msgs\rosidl_generator_py\ssafy_msgs\ssafy_msgs_s__rosidl_typesupport_connext_c.pyd
[12.266s]   Building Custom Rule C:/Users/SSAFY/Desktop/tt/catkin_ws/catkin_ws/src/ssafy_msgs/CMakeLists.txt
[12.359s]   ssafy_msgs__rosidl_typesupport_fastrtps_c__pyext.vcxproj -> C:\Users\SSAFY\Desktop\tt\catkin_ws\catkin_ws\build\ssafy_msgs\rosidl_generator_py\ssafy_msgs\ssafy_msgs_s__rosidl_typesupport_fastrtps_c.pyd
[12.469s]   Building Custom Rule C:/Users/SSAFY/Desktop/tt/catkin_ws/catkin_ws/src/ssafy_msgs/CMakeLists.txt
[12.547s]   ssafy_msgs__rosidl_typesupport_introspection_c__pyext.vcxproj -> C:\Users\SSAFY\Desktop\tt\catkin_ws\catkin_ws\build\ssafy_msgs\rosidl_generator_py\ssafy_msgs\ssafy_msgs_s__rosidl_typesupport_introspection_c.pyd
[12.656s]   Building Custom Rule C:/Users/SSAFY/Desktop/tt/catkin_ws/catkin_ws/src/ssafy_msgs/CMakeLists.txt
[12.734s]   ssafy_msgs__rosidl_typesupport_opensplice_c__pyext.vcxproj -> C:\Users\SSAFY\Desktop\tt\catkin_ws\catkin_ws\build\ssafy_msgs\rosidl_generator_py\ssafy_msgs\ssafy_msgs_s__rosidl_typesupport_opensplice_c.pyd
[12.812s]   Building Custom Rule C:/Users/SSAFY/Desktop/tt/catkin_ws/catkin_ws/src/ssafy_msgs/CMakeLists.txt
[12.906s] Invoked command in 'C:\Users\SSAFY\Desktop\tt\catkin_ws\catkin_ws\build\ssafy_msgs' returned '0': CL=/MP installDir=%installDir%
IntelliJ IDEA=C:\Program Files\JetBrains\IntelliJ IDEA 2023.1.3\bin; C:\Program Files\CMake\bin\cmake.EXE --build C:\Users\SSAFY\Desktop\tt\catkin_ws\catkin_ws\build\ssafy_msgs --config Release
[12.937s] Invoking command in 'C:\Users\SSAFY\Desktop\tt\catkin_ws\catkin_ws\build\ssafy_msgs': installDir=%installDir%
IntelliJ IDEA=C:\Program Files\JetBrains\IntelliJ IDEA 2023.1.3\bin; C:\Program Files\CMake\bin\cmake.EXE --install C:\Users\SSAFY\Desktop\tt\catkin_ws\catkin_ws\build\ssafy_msgs --config Release
[12.969s] -- Up-to-date: C:/Users/SSAFY/Desktop/tt/catkin_ws/catkin_ws/install/ssafy_msgs/share/ament_index/resource_index/rosidl_interfaces/ssafy_msgs
[12.969s] -- Up-to-date: C:/Users/SSAFY/Desktop/tt/catkin_ws/catkin_ws/install/ssafy_msgs/lib/ssafy_msgs__rosidl_typesupport_c.lib
[12.969s] -- Up-to-date: C:/Users/SSAFY/Desktop/tt/catkin_ws/catkin_ws/install/ssafy_msgs/bin/ssafy_msgs__rosidl_typesupport_c.dll
[12.969s] -- Up-to-date: C:/Users/SSAFY/Desktop/tt/catkin_ws/catkin_ws/install/ssafy_msgs/lib/ssafy_msgs__rosidl_typesupport_cpp.lib
[12.969s] -- Up-to-date: C:/Users/SSAFY/Desktop/tt/catkin_ws/catkin_ws/install/ssafy_msgs/bin/ssafy_msgs__rosidl_typesupport_cpp.dll
[12.969s] -- Up-to-date: C:/Users/SSAFY/Desktop/tt/catkin_ws/catkin_ws/install/ssafy_msgs/include/ssafy_msgs
[12.969s] -- Up-to-date: C:/Users/SSAFY/Desktop/tt/catkin_ws/catkin_ws/install/ssafy_msgs/include/ssafy_msgs/msg
[12.969s] -- Up-to-date: C:/Users/SSAFY/Desktop/tt/catkin_ws/catkin_ws/install/ssafy_msgs/include/ssafy_msgs/msg/b_box__rosidl_typesupport_connext_c.h
[12.969s] -- Up-to-date: C:/Users/SSAFY/Desktop/tt/catkin_ws/catkin_ws/install/ssafy_msgs/include/ssafy_msgs/msg/custom_object_info__rosidl_typesupport_connext_c.h
[12.969s] -- Up-to-date: C:/Users/SSAFY/Desktop/tt/catkin_ws/catkin_ws/install/ssafy_msgs/include/ssafy_msgs/msg/dds_connext
[12.969s] -- Up-to-date: C:/Users/SSAFY/Desktop/tt/catkin_ws/catkin_ws/install/ssafy_msgs/include/ssafy_msgs/msg/enviroment_status__rosidl_typesupport_connext_c.h
[12.969s] -- Up-to-date: C:/Users/SSAFY/Desktop/tt/catkin_ws/catkin_ws/install/ssafy_msgs/include/ssafy_msgs/msg/hand_control__rosidl_typesupport_connext_c.h
[12.969s] -- Up-to-date: C:/Users/SSAFY/Desktop/tt/catkin_ws/catkin_ws/install/ssafy_msgs/include/ssafy_msgs/msg/num__rosidl_typesupport_connext_c.h
[12.969s] -- Up-to-date: C:/Users/SSAFY/Desktop/tt/catkin_ws/catkin_ws/install/ssafy_msgs/include/ssafy_msgs/msg/object_info__rosidl_typesupport_connext_c.h
[12.969s] -- Up-to-date: C:/Users/SSAFY/Desktop/tt/catkin_ws/catkin_ws/install/ssafy_msgs/include/ssafy_msgs/msg/rosidl_typesupport_connext_c__visibility_control.h
[12.969s] -- Up-to-date: C:/Users/SSAFY/Desktop/tt/catkin_ws/catkin_ws/install/ssafy_msgs/include/ssafy_msgs/msg/turtlebot_status__rosidl_typesupport_connext_c.h
[12.969s] -- Up-to-date: C:/Users/SSAFY/Desktop/tt/catkin_ws/catkin_ws/install/ssafy_msgs/lib/ssafy_msgs__rosidl_typesupport_connext_c.lib
[12.984s] -- Up-to-date: C:/Users/SSAFY/Desktop/tt/catkin_ws/catkin_ws/install/ssafy_msgs/bin/ssafy_msgs__rosidl_typesupport_connext_c.dll
[12.984s] -- Up-to-date: C:/Users/SSAFY/Desktop/tt/catkin_ws/catkin_ws/install/ssafy_msgs/include/ssafy_msgs
[12.984s] -- Up-to-date: C:/Users/SSAFY/Desktop/tt/catkin_ws/catkin_ws/install/ssafy_msgs/include/ssafy_msgs/msg
[12.984s] -- Up-to-date: C:/Users/SSAFY/Desktop/tt/catkin_ws/catkin_ws/install/ssafy_msgs/include/ssafy_msgs/msg/b_box.h
[12.984s] -- Up-to-date: C:/Users/SSAFY/Desktop/tt/catkin_ws/catkin_ws/install/ssafy_msgs/include/ssafy_msgs/msg/b_box__functions.c
[12.984s] -- Up-to-date: C:/Users/SSAFY/Desktop/tt/catkin_ws/catkin_ws/install/ssafy_msgs/include/ssafy_msgs/msg/b_box__functions.h
[12.984s] -- Up-to-date: C:/Users/SSAFY/Desktop/tt/catkin_ws/catkin_ws/install/ssafy_msgs/include/ssafy_msgs/msg/b_box__struct.h
[12.984s] -- Up-to-date: C:/Users/SSAFY/Desktop/tt/catkin_ws/catkin_ws/install/ssafy_msgs/include/ssafy_msgs/msg/b_box__type_support.h
[12.984s] -- Up-to-date: C:/Users/SSAFY/Desktop/tt/catkin_ws/catkin_ws/install/ssafy_msgs/include/ssafy_msgs/msg/custom_object_info.h
[12.984s] -- Up-to-date: C:/Users/SSAFY/Desktop/tt/catkin_ws/catkin_ws/install/ssafy_msgs/include/ssafy_msgs/msg/custom_object_info__functions.c
[12.984s] -- Up-to-date: C:/Users/SSAFY/Desktop/tt/catkin_ws/catkin_ws/install/ssafy_msgs/include/ssafy_msgs/msg/custom_object_info__functions.h
[12.984s] -- Up-to-date: C:/Users/SSAFY/Desktop/tt/catkin_ws/catkin_ws/install/ssafy_msgs/include/ssafy_msgs/msg/custom_object_info__struct.h
[12.984s] -- Up-to-date: C:/Users/SSAFY/Desktop/tt/catkin_ws/catkin_ws/install/ssafy_msgs/include/ssafy_msgs/msg/custom_object_info__type_support.h
[12.984s] -- Up-to-date: C:/Users/SSAFY/Desktop/tt/catkin_ws/catkin_ws/install/ssafy_msgs/include/ssafy_msgs/msg/enviroment_status.h
[12.984s] -- Up-to-date: C:/Users/SSAFY/Desktop/tt/catkin_ws/catkin_ws/install/ssafy_msgs/include/ssafy_msgs/msg/enviroment_status__functions.c
[12.984s] -- Up-to-date: C:/Users/SSAFY/Desktop/tt/catkin_ws/catkin_ws/install/ssafy_msgs/include/ssafy_msgs/msg/enviroment_status__functions.h
[12.984s] -- Up-to-date: C:/Users/SSAFY/Desktop/tt/catkin_ws/catkin_ws/install/ssafy_msgs/include/ssafy_msgs/msg/enviroment_status__struct.h
[12.984s] -- Up-to-date: C:/Users/SSAFY/Desktop/tt/catkin_ws/catkin_ws/install/ssafy_msgs/include/ssafy_msgs/msg/enviroment_status__type_support.h
[12.984s] -- Up-to-date: C:/Users/SSAFY/Desktop/tt/catkin_ws/catkin_ws/install/ssafy_msgs/include/ssafy_msgs/msg/hand_control.h
[12.984s] -- Up-to-date: C:/Users/SSAFY/Desktop/tt/catkin_ws/catkin_ws/install/ssafy_msgs/include/ssafy_msgs/msg/hand_control__functions.c
[12.984s] -- Up-to-date: C:/Users/SSAFY/Desktop/tt/catkin_ws/catkin_ws/install/ssafy_msgs/include/ssafy_msgs/msg/hand_control__functions.h
[12.984s] -- Up-to-date: C:/Users/SSAFY/Desktop/tt/catkin_ws/catkin_ws/install/ssafy_msgs/include/ssafy_msgs/msg/hand_control__struct.h
[12.984s] -- Up-to-date: C:/Users/SSAFY/Desktop/tt/catkin_ws/catkin_ws/install/ssafy_msgs/include/ssafy_msgs/msg/hand_control__type_support.h
[12.984s] -- Up-to-date: C:/Users/SSAFY/Desktop/tt/catkin_ws/catkin_ws/install/ssafy_msgs/include/ssafy_msgs/msg/num.h
[12.984s] -- Up-to-date: C:/Users/SSAFY/Desktop/tt/catkin_ws/catkin_ws/install/ssafy_msgs/include/ssafy_msgs/msg/num__functions.c
[12.984s] -- Up-to-date: C:/Users/SSAFY/Desktop/tt/catkin_ws/catkin_ws/install/ssafy_msgs/include/ssafy_msgs/msg/num__functions.h
[12.984s] -- Up-to-date: C:/Users/SSAFY/Desktop/tt/catkin_ws/catkin_ws/install/ssafy_msgs/include/ssafy_msgs/msg/num__struct.h
[12.984s] -- Up-to-date: C:/Users/SSAFY/Desktop/tt/catkin_ws/catkin_ws/install/ssafy_msgs/include/ssafy_msgs/msg/num__type_support.h
[12.984s] -- Up-to-date: C:/Users/SSAFY/Desktop/tt/catkin_ws/catkin_ws/install/ssafy_msgs/include/ssafy_msgs/msg/object_info.h
[13.000s] -- Up-to-date: C:/Users/SSAFY/Desktop/tt/catkin_ws/catkin_ws/install/ssafy_msgs/include/ssafy_msgs/msg/object_info__functions.c
[13.000s] -- Up-to-date: C:/Users/SSAFY/Desktop/tt/catkin_ws/catkin_ws/install/ssafy_msgs/include/ssafy_msgs/msg/object_info__functions.h
[13.000s] -- Up-to-date: C:/Users/SSAFY/Desktop/tt/catkin_ws/catkin_ws/install/ssafy_msgs/include/ssafy_msgs/msg/object_info__struct.h
[13.000s] -- Up-to-date: C:/Users/SSAFY/Desktop/tt/catkin_ws/catkin_ws/install/ssafy_msgs/include/ssafy_msgs/msg/object_info__type_support.h
[13.000s] -- Up-to-date: C:/Users/SSAFY/Desktop/tt/catkin_ws/catkin_ws/install/ssafy_msgs/include/ssafy_msgs/msg/rosidl_generator_c__visibility_control.h
[13.000s] -- Up-to-date: C:/Users/SSAFY/Desktop/tt/catkin_ws/catkin_ws/install/ssafy_msgs/include/ssafy_msgs/msg/turtlebot_status.h
[13.000s] -- Up-to-date: C:/Users/SSAFY/Desktop/tt/catkin_ws/catkin_ws/install/ssafy_msgs/include/ssafy_msgs/msg/turtlebot_status__functions.c
[13.000s] -- Up-to-date: C:/Users/SSAFY/Desktop/tt/catkin_ws/catkin_ws/install/ssafy_msgs/include/ssafy_msgs/msg/turtlebot_status__functions.h
[13.000s] -- Up-to-date: C:/Users/SSAFY/Desktop/tt/catkin_ws/catkin_ws/install/ssafy_msgs/include/ssafy_msgs/msg/turtlebot_status__struct.h
[13.000s] -- Up-to-date: C:/Users/SSAFY/Desktop/tt/catkin_ws/catkin_ws/install/ssafy_msgs/include/ssafy_msgs/msg/turtlebot_status__type_support.h
[13.000s] -- Up-to-date: C:/Users/SSAFY/Desktop/tt/catkin_ws/catkin_ws/install/ssafy_msgs/lib/ssafy_msgs__rosidl_generator_c.lib
[13.000s] -- Up-to-date: C:/Users/SSAFY/Desktop/tt/catkin_ws/catkin_ws/install/ssafy_msgs/bin/ssafy_msgs__rosidl_generator_c.dll
[13.000s] -- Up-to-date: C:/Users/SSAFY/Desktop/tt/catkin_ws/catkin_ws/install/ssafy_msgs/share/ssafy_msgs/msg/dds_connext
[13.000s] -- Up-to-date: C:/Users/SSAFY/Desktop/tt/catkin_ws/catkin_ws/install/ssafy_msgs/share/ssafy_msgs/msg/dds_connext/BBox_.idl
[13.000s] -- Up-to-date: C:/Users/SSAFY/Desktop/tt/catkin_ws/catkin_ws/install/ssafy_msgs/share/ssafy_msgs/msg/dds_connext/CustomObjectInfo_.idl
[13.000s] -- Up-to-date: C:/Users/SSAFY/Desktop/tt/catkin_ws/catkin_ws/install/ssafy_msgs/share/ssafy_msgs/msg/dds_connext/EnviromentStatus_.idl
[13.000s] -- Up-to-date: C:/Users/SSAFY/Desktop/tt/catkin_ws/catkin_ws/install/ssafy_msgs/share/ssafy_msgs/msg/dds_connext/HandControl_.idl
[13.000s] -- Up-to-date: C:/Users/SSAFY/Desktop/tt/catkin_ws/catkin_ws/install/ssafy_msgs/share/ssafy_msgs/msg/dds_connext/Num_.idl
[13.000s] -- Up-to-date: C:/Users/SSAFY/Desktop/tt/catkin_ws/catkin_ws/install/ssafy_msgs/share/ssafy_msgs/msg/dds_connext/ObjectInfo_.idl
[13.000s] -- Up-to-date: C:/Users/SSAFY/Desktop/tt/catkin_ws/catkin_ws/install/ssafy_msgs/share/ssafy_msgs/msg/dds_connext/TurtlebotStatus_.idl
[13.000s] -- Up-to-date: C:/Users/SSAFY/Desktop/tt/catkin_ws/catkin_ws/install/ssafy_msgs/include/ssafy_msgs
[13.000s] -- Up-to-date: C:/Users/SSAFY/Desktop/tt/catkin_ws/catkin_ws/install/ssafy_msgs/include/ssafy_msgs/msg
[13.000s] -- Up-to-date: C:/Users/SSAFY/Desktop/tt/catkin_ws/catkin_ws/install/ssafy_msgs/include/ssafy_msgs/msg/b_box__rosidl_typesupport_connext_cpp.hpp
[13.000s] -- Up-to-date: C:/Users/SSAFY/Desktop/tt/catkin_ws/catkin_ws/install/ssafy_msgs/include/ssafy_msgs/msg/custom_object_info__rosidl_typesupport_connext_cpp.hpp
[13.000s] -- Up-to-date: C:/Users/SSAFY/Desktop/tt/catkin_ws/catkin_ws/install/ssafy_msgs/include/ssafy_msgs/msg/dds_connext
[13.000s] -- Up-to-date: C:/Users/SSAFY/Desktop/tt/catkin_ws/catkin_ws/install/ssafy_msgs/include/ssafy_msgs/msg/dds_connext/BBox_.cxx
[13.000s] -- Up-to-date: C:/Users/SSAFY/Desktop/tt/catkin_ws/catkin_ws/install/ssafy_msgs/include/ssafy_msgs/msg/dds_connext/BBox_.h
[13.000s] -- Up-to-date: C:/Users/SSAFY/Desktop/tt/catkin_ws/catkin_ws/install/ssafy_msgs/include/ssafy_msgs/msg/dds_connext/BBox_Plugin.cxx
[13.000s] -- Up-to-date: C:/Users/SSAFY/Desktop/tt/catkin_ws/catkin_ws/install/ssafy_msgs/include/ssafy_msgs/msg/dds_connext/BBox_Plugin.h
[13.000s] -- Up-to-date: C:/Users/SSAFY/Desktop/tt/catkin_ws/catkin_ws/install/ssafy_msgs/include/ssafy_msgs/msg/dds_connext/BBox_Support.cxx
[13.000s] -- Up-to-date: C:/Users/SSAFY/Desktop/tt/catkin_ws/catkin_ws/install/ssafy_msgs/include/ssafy_msgs/msg/dds_connext/BBox_Support.h
[13.000s] -- Up-to-date: C:/Users/SSAFY/Desktop/tt/catkin_ws/catkin_ws/install/ssafy_msgs/include/ssafy_msgs/msg/dds_connext/CustomObjectInfo_.cxx
[13.016s] -- Up-to-date: C:/Users/SSAFY/Desktop/tt/catkin_ws/catkin_ws/install/ssafy_msgs/include/ssafy_msgs/msg/dds_connext/CustomObjectInfo_.h
[13.016s] -- Up-to-date: C:/Users/SSAFY/Desktop/tt/catkin_ws/catkin_ws/install/ssafy_msgs/include/ssafy_msgs/msg/dds_connext/CustomObjectInfo_Plugin.cxx
[13.016s] -- Up-to-date: C:/Users/SSAFY/Desktop/tt/catkin_ws/catkin_ws/install/ssafy_msgs/include/ssafy_msgs/msg/dds_connext/CustomObjectInfo_Plugin.h
[13.016s] -- Up-to-date: C:/Users/SSAFY/Desktop/tt/catkin_ws/catkin_ws/install/ssafy_msgs/include/ssafy_msgs/msg/dds_connext/CustomObjectInfo_Support.cxx
[13.016s] -- Up-to-date: C:/Users/SSAFY/Desktop/tt/catkin_ws/catkin_ws/install/ssafy_msgs/include/ssafy_msgs/msg/dds_connext/CustomObjectInfo_Support.h
[13.016s] -- Up-to-date: C:/Users/SSAFY/Desktop/tt/catkin_ws/catkin_ws/install/ssafy_msgs/include/ssafy_msgs/msg/dds_connext/EnviromentStatus_.cxx
[13.016s] -- Up-to-date: C:/Users/SSAFY/Desktop/tt/catkin_ws/catkin_ws/install/ssafy_msgs/include/ssafy_msgs/msg/dds_connext/EnviromentStatus_.h
[13.016s] -- Up-to-date: C:/Users/SSAFY/Desktop/tt/catkin_ws/catkin_ws/install/ssafy_msgs/include/ssafy_msgs/msg/dds_connext/EnviromentStatus_Plugin.cxx
[13.016s] -- Up-to-date: C:/Users/SSAFY/Desktop/tt/catkin_ws/catkin_ws/install/ssafy_msgs/include/ssafy_msgs/msg/dds_connext/EnviromentStatus_Plugin.h
[13.016s] -- Up-to-date: C:/Users/SSAFY/Desktop/tt/catkin_ws/catkin_ws/install/ssafy_msgs/include/ssafy_msgs/msg/dds_connext/EnviromentStatus_Support.cxx
[13.016s] -- Up-to-date: C:/Users/SSAFY/Desktop/tt/catkin_ws/catkin_ws/install/ssafy_msgs/include/ssafy_msgs/msg/dds_connext/EnviromentStatus_Support.h
[13.016s] -- Up-to-date: C:/Users/SSAFY/Desktop/tt/catkin_ws/catkin_ws/install/ssafy_msgs/include/ssafy_msgs/msg/dds_connext/HandControl_.cxx
[13.016s] -- Up-to-date: C:/Users/SSAFY/Desktop/tt/catkin_ws/catkin_ws/install/ssafy_msgs/include/ssafy_msgs/msg/dds_connext/HandControl_.h
[13.016s] -- Up-to-date: C:/Users/SSAFY/Desktop/tt/catkin_ws/catkin_ws/install/ssafy_msgs/include/ssafy_msgs/msg/dds_connext/HandControl_Plugin.cxx
[13.016s] -- Up-to-date: C:/Users/SSAFY/Desktop/tt/catkin_ws/catkin_ws/install/ssafy_msgs/include/ssafy_msgs/msg/dds_connext/HandControl_Plugin.h
[13.016s] -- Up-to-date: C:/Users/SSAFY/Desktop/tt/catkin_ws/catkin_ws/install/ssafy_msgs/include/ssafy_msgs/msg/dds_connext/HandControl_Support.cxx
[13.016s] -- Up-to-date: C:/Users/SSAFY/Desktop/tt/catkin_ws/catkin_ws/install/ssafy_msgs/include/ssafy_msgs/msg/dds_connext/HandControl_Support.h
[13.016s] -- Up-to-date: C:/Users/SSAFY/Desktop/tt/catkin_ws/catkin_ws/install/ssafy_msgs/include/ssafy_msgs/msg/dds_connext/Num_.cxx
[13.016s] -- Up-to-date: C:/Users/SSAFY/Desktop/tt/catkin_ws/catkin_ws/install/ssafy_msgs/include/ssafy_msgs/msg/dds_connext/Num_.h
[13.016s] -- Up-to-date: C:/Users/SSAFY/Desktop/tt/catkin_ws/catkin_ws/install/ssafy_msgs/include/ssafy_msgs/msg/dds_connext/Num_Plugin.cxx
[13.016s] -- Up-to-date: C:/Users/SSAFY/Desktop/tt/catkin_ws/catkin_ws/install/ssafy_msgs/include/ssafy_msgs/msg/dds_connext/Num_Plugin.h
[13.016s] -- Up-to-date: C:/Users/SSAFY/Desktop/tt/catkin_ws/catkin_ws/install/ssafy_msgs/include/ssafy_msgs/msg/dds_connext/Num_Support.cxx
[13.016s] -- Up-to-date: C:/Users/SSAFY/Desktop/tt/catkin_ws/catkin_ws/install/ssafy_msgs/include/ssafy_msgs/msg/dds_connext/Num_Support.h
[13.016s] -- Up-to-date: C:/Users/SSAFY/Desktop/tt/catkin_ws/catkin_ws/install/ssafy_msgs/include/ssafy_msgs/msg/dds_connext/ObjectInfo_.cxx
[13.016s] -- Up-to-date: C:/Users/SSAFY/Desktop/tt/catkin_ws/catkin_ws/install/ssafy_msgs/include/ssafy_msgs/msg/dds_connext/ObjectInfo_.h
[13.016s] -- Up-to-date: C:/Users/SSAFY/Desktop/tt/catkin_ws/catkin_ws/install/ssafy_msgs/include/ssafy_msgs/msg/dds_connext/ObjectInfo_Plugin.cxx
[13.016s] -- Up-to-date: C:/Users/SSAFY/Desktop/tt/catkin_ws/catkin_ws/install/ssafy_msgs/include/ssafy_msgs/msg/dds_connext/ObjectInfo_Plugin.h
[13.031s] -- Up-to-date: C:/Users/SSAFY/Desktop/tt/catkin_ws/catkin_ws/install/ssafy_msgs/include/ssafy_msgs/msg/dds_connext/ObjectInfo_Support.cxx
[13.031s] -- Up-to-date: C:/Users/SSAFY/Desktop/tt/catkin_ws/catkin_ws/install/ssafy_msgs/include/ssafy_msgs/msg/dds_connext/ObjectInfo_Support.h
[13.031s] -- Up-to-date: C:/Users/SSAFY/Desktop/tt/catkin_ws/catkin_ws/install/ssafy_msgs/include/ssafy_msgs/msg/dds_connext/TurtlebotStatus_.cxx
[13.031s] -- Up-to-date: C:/Users/SSAFY/Desktop/tt/catkin_ws/catkin_ws/install/ssafy_msgs/include/ssafy_msgs/msg/dds_connext/TurtlebotStatus_.h
[13.031s] -- Up-to-date: C:/Users/SSAFY/Desktop/tt/catkin_ws/catkin_ws/install/ssafy_msgs/include/ssafy_msgs/msg/dds_connext/TurtlebotStatus_Plugin.cxx
[13.031s] -- Up-to-date: C:/Users/SSAFY/Desktop/tt/catkin_ws/catkin_ws/install/ssafy_msgs/include/ssafy_msgs/msg/dds_connext/TurtlebotStatus_Plugin.h
[13.031s] -- Up-to-date: C:/Users/SSAFY/Desktop/tt/catkin_ws/catkin_ws/install/ssafy_msgs/include/ssafy_msgs/msg/dds_connext/TurtlebotStatus_Support.cxx
[13.031s] -- Up-to-date: C:/Users/SSAFY/Desktop/tt/catkin_ws/catkin_ws/install/ssafy_msgs/include/ssafy_msgs/msg/dds_connext/TurtlebotStatus_Support.h
[13.031s] -- Up-to-date: C:/Users/SSAFY/Desktop/tt/catkin_ws/catkin_ws/install/ssafy_msgs/include/ssafy_msgs/msg/enviroment_status__rosidl_typesupport_connext_cpp.hpp
[13.031s] -- Up-to-date: C:/Users/SSAFY/Desktop/tt/catkin_ws/catkin_ws/install/ssafy_msgs/include/ssafy_msgs/msg/hand_control__rosidl_typesupport_connext_cpp.hpp
[13.031s] -- Up-to-date: C:/Users/SSAFY/Desktop/tt/catkin_ws/catkin_ws/install/ssafy_msgs/include/ssafy_msgs/msg/num__rosidl_typesupport_connext_cpp.hpp
[13.031s] -- Up-to-date: C:/Users/SSAFY/Desktop/tt/catkin_ws/catkin_ws/install/ssafy_msgs/include/ssafy_msgs/msg/object_info__rosidl_typesupport_connext_cpp.hpp
[13.031s] -- Up-to-date: C:/Users/SSAFY/Desktop/tt/catkin_ws/catkin_ws/install/ssafy_msgs/include/ssafy_msgs/msg/rosidl_typesupport_connext_cpp__visibility_control.h
[13.031s] -- Up-to-date: C:/Users/SSAFY/Desktop/tt/catkin_ws/catkin_ws/install/ssafy_msgs/include/ssafy_msgs/msg/turtlebot_status__rosidl_typesupport_connext_cpp.hpp
[13.031s] -- Up-to-date: C:/Users/SSAFY/Desktop/tt/catkin_ws/catkin_ws/install/ssafy_msgs/lib/ssafy_msgs__rosidl_typesupport_connext_cpp.lib
[13.031s] -- Up-to-date: C:/Users/SSAFY/Desktop/tt/catkin_ws/catkin_ws/install/ssafy_msgs/bin/ssafy_msgs__rosidl_typesupport_connext_cpp.dll
[13.031s] -- Up-to-date: C:/Users/SSAFY/Desktop/tt/catkin_ws/catkin_ws/install/ssafy_msgs/include/ssafy_msgs
[13.031s] -- Up-to-date: C:/Users/SSAFY/Desktop/tt/catkin_ws/catkin_ws/install/ssafy_msgs/include/ssafy_msgs/msg
[13.031s] -- Up-to-date: C:/Users/SSAFY/Desktop/tt/catkin_ws/catkin_ws/install/ssafy_msgs/include/ssafy_msgs/msg/b_box.hpp
[13.031s] -- Up-to-date: C:/Users/SSAFY/Desktop/tt/catkin_ws/catkin_ws/install/ssafy_msgs/include/ssafy_msgs/msg/b_box__struct.hpp
[13.031s] -- Up-to-date: C:/Users/SSAFY/Desktop/tt/catkin_ws/catkin_ws/install/ssafy_msgs/include/ssafy_msgs/msg/b_box__traits.hpp
[13.031s] -- Up-to-date: C:/Users/SSAFY/Desktop/tt/catkin_ws/catkin_ws/install/ssafy_msgs/include/ssafy_msgs/msg/custom_object_info.hpp
[13.031s] -- Up-to-date: C:/Users/SSAFY/Desktop/tt/catkin_ws/catkin_ws/install/ssafy_msgs/include/ssafy_msgs/msg/custom_object_info__struct.hpp
[13.047s] -- Up-to-date: C:/Users/SSAFY/Desktop/tt/catkin_ws/catkin_ws/install/ssafy_msgs/include/ssafy_msgs/msg/custom_object_info__traits.hpp
[13.047s] -- Up-to-date: C:/Users/SSAFY/Desktop/tt/catkin_ws/catkin_ws/install/ssafy_msgs/include/ssafy_msgs/msg/enviroment_status.hpp
[13.047s] -- Up-to-date: C:/Users/SSAFY/Desktop/tt/catkin_ws/catkin_ws/install/ssafy_msgs/include/ssafy_msgs/msg/enviroment_status__struct.hpp
[13.047s] -- Up-to-date: C:/Users/SSAFY/Desktop/tt/catkin_ws/catkin_ws/install/ssafy_msgs/include/ssafy_msgs/msg/enviroment_status__traits.hpp
[13.047s] -- Up-to-date: C:/Users/SSAFY/Desktop/tt/catkin_ws/catkin_ws/install/ssafy_msgs/include/ssafy_msgs/msg/hand_control.hpp
[13.047s] -- Up-to-date: C:/Users/SSAFY/Desktop/tt/catkin_ws/catkin_ws/install/ssafy_msgs/include/ssafy_msgs/msg/hand_control__struct.hpp
[13.047s] -- Up-to-date: C:/Users/SSAFY/Desktop/tt/catkin_ws/catkin_ws/install/ssafy_msgs/include/ssafy_msgs/msg/hand_control__traits.hpp
[13.047s] -- Up-to-date: C:/Users/SSAFY/Desktop/tt/catkin_ws/catkin_ws/install/ssafy_msgs/include/ssafy_msgs/msg/num.hpp
[13.047s] -- Up-to-date: C:/Users/SSAFY/Desktop/tt/catkin_ws/catkin_ws/install/ssafy_msgs/include/ssafy_msgs/msg/num__struct.hpp
[13.047s] -- Up-to-date: C:/Users/SSAFY/Desktop/tt/catkin_ws/catkin_ws/install/ssafy_msgs/include/ssafy_msgs/msg/num__traits.hpp
[13.047s] -- Up-to-date: C:/Users/SSAFY/Desktop/tt/catkin_ws/catkin_ws/install/ssafy_msgs/include/ssafy_msgs/msg/object_info.hpp
[13.047s] -- Up-to-date: C:/Users/SSAFY/Desktop/tt/catkin_ws/catkin_ws/install/ssafy_msgs/include/ssafy_msgs/msg/object_info__struct.hpp
[13.047s] -- Up-to-date: C:/Users/SSAFY/Desktop/tt/catkin_ws/catkin_ws/install/ssafy_msgs/include/ssafy_msgs/msg/object_info__traits.hpp
[13.047s] -- Up-to-date: C:/Users/SSAFY/Desktop/tt/catkin_ws/catkin_ws/install/ssafy_msgs/include/ssafy_msgs/msg/turtlebot_status.hpp
[13.047s] -- Up-to-date: C:/Users/SSAFY/Desktop/tt/catkin_ws/catkin_ws/install/ssafy_msgs/include/ssafy_msgs/msg/turtlebot_status__struct.hpp
[13.047s] -- Up-to-date: C:/Users/SSAFY/Desktop/tt/catkin_ws/catkin_ws/install/ssafy_msgs/include/ssafy_msgs/msg/turtlebot_status__traits.hpp
[13.047s] -- Up-to-date: C:/Users/SSAFY/Desktop/tt/catkin_ws/catkin_ws/install/ssafy_msgs/include/ssafy_msgs
[13.047s] -- Up-to-date: C:/Users/SSAFY/Desktop/tt/catkin_ws/catkin_ws/install/ssafy_msgs/include/ssafy_msgs/msg
[13.047s] -- Up-to-date: C:/Users/SSAFY/Desktop/tt/catkin_ws/catkin_ws/install/ssafy_msgs/include/ssafy_msgs/msg/b_box__rosidl_typesupport_fastrtps_c.h
[13.047s] -- Up-to-date: C:/Users/SSAFY/Desktop/tt/catkin_ws/catkin_ws/install/ssafy_msgs/include/ssafy_msgs/msg/custom_object_info__rosidl_typesupport_fastrtps_c.h
[13.047s] -- Up-to-date: C:/Users/SSAFY/Desktop/tt/catkin_ws/catkin_ws/install/ssafy_msgs/include/ssafy_msgs/msg/enviroment_status__rosidl_typesupport_fastrtps_c.h
[13.047s] -- Up-to-date: C:/Users/SSAFY/Desktop/tt/catkin_ws/catkin_ws/install/ssafy_msgs/include/ssafy_msgs/msg/hand_control__rosidl_typesupport_fastrtps_c.h
[13.047s] -- Up-to-date: C:/Users/SSAFY/Desktop/tt/catkin_ws/catkin_ws/install/ssafy_msgs/include/ssafy_msgs/msg/num__rosidl_typesupport_fastrtps_c.h
[13.047s] -- Up-to-date: C:/Users/SSAFY/Desktop/tt/catkin_ws/catkin_ws/install/ssafy_msgs/include/ssafy_msgs/msg/object_info__rosidl_typesupport_fastrtps_c.h
[13.047s] -- Up-to-date: C:/Users/SSAFY/Desktop/tt/catkin_ws/catkin_ws/install/ssafy_msgs/include/ssafy_msgs/msg/rosidl_typesupport_fastrtps_c__visibility_control.h
[13.047s] -- Up-to-date: C:/Users/SSAFY/Desktop/tt/catkin_ws/catkin_ws/install/ssafy_msgs/include/ssafy_msgs/msg/turtlebot_status__rosidl_typesupport_fastrtps_c.h
[13.047s] -- Up-to-date: C:/Users/SSAFY/Desktop/tt/catkin_ws/catkin_ws/install/ssafy_msgs/lib/ssafy_msgs__rosidl_typesupport_fastrtps_c.lib
[13.047s] -- Up-to-date: C:/Users/SSAFY/Desktop/tt/catkin_ws/catkin_ws/install/ssafy_msgs/bin/ssafy_msgs__rosidl_typesupport_fastrtps_c.dll
[13.047s] -- Up-to-date: C:/Users/SSAFY/Desktop/tt/catkin_ws/catkin_ws/install/ssafy_msgs/include/ssafy_msgs
[13.047s] -- Up-to-date: C:/Users/SSAFY/Desktop/tt/catkin_ws/catkin_ws/install/ssafy_msgs/include/ssafy_msgs/msg
[13.047s] -- Up-to-date: C:/Users/SSAFY/Desktop/tt/catkin_ws/catkin_ws/install/ssafy_msgs/include/ssafy_msgs/msg/b_box__rosidl_typesupport_fastrtps_cpp.hpp
[13.062s] -- Up-to-date: C:/Users/SSAFY/Desktop/tt/catkin_ws/catkin_ws/install/ssafy_msgs/include/ssafy_msgs/msg/custom_object_info__rosidl_typesupport_fastrtps_cpp.hpp
[13.062s] -- Up-to-date: C:/Users/SSAFY/Desktop/tt/catkin_ws/catkin_ws/install/ssafy_msgs/include/ssafy_msgs/msg/dds_fastrtps
[13.062s] -- Up-to-date: C:/Users/SSAFY/Desktop/tt/catkin_ws/catkin_ws/install/ssafy_msgs/include/ssafy_msgs/msg/enviroment_status__rosidl_typesupport_fastrtps_cpp.hpp
[13.062s] -- Up-to-date: C:/Users/SSAFY/Desktop/tt/catkin_ws/catkin_ws/install/ssafy_msgs/include/ssafy_msgs/msg/hand_control__rosidl_typesupport_fastrtps_cpp.hpp
[13.062s] -- Up-to-date: C:/Users/SSAFY/Desktop/tt/catkin_ws/catkin_ws/install/ssafy_msgs/include/ssafy_msgs/msg/num__rosidl_typesupport_fastrtps_cpp.hpp
[13.062s] -- Up-to-date: C:/Users/SSAFY/Desktop/tt/catkin_ws/catkin_ws/install/ssafy_msgs/include/ssafy_msgs/msg/object_info__rosidl_typesupport_fastrtps_cpp.hpp
[13.062s] -- Up-to-date: C:/Users/SSAFY/Desktop/tt/catkin_ws/catkin_ws/install/ssafy_msgs/include/ssafy_msgs/msg/rosidl_typesupport_fastrtps_cpp__visibility_control.h
[13.062s] -- Up-to-date: C:/Users/SSAFY/Desktop/tt/catkin_ws/catkin_ws/install/ssafy_msgs/include/ssafy_msgs/msg/turtlebot_status__rosidl_typesupport_fastrtps_cpp.hpp
[13.062s] -- Up-to-date: C:/Users/SSAFY/Desktop/tt/catkin_ws/catkin_ws/install/ssafy_msgs/lib/ssafy_msgs__rosidl_typesupport_fastrtps_cpp.lib
[13.062s] -- Up-to-date: C:/Users/SSAFY/Desktop/tt/catkin_ws/catkin_ws/install/ssafy_msgs/bin/ssafy_msgs__rosidl_typesupport_fastrtps_cpp.dll
[13.062s] -- Up-to-date: C:/Users/SSAFY/Desktop/tt/catkin_ws/catkin_ws/install/ssafy_msgs/include/ssafy_msgs
[13.062s] -- Up-to-date: C:/Users/SSAFY/Desktop/tt/catkin_ws/catkin_ws/install/ssafy_msgs/include/ssafy_msgs/msg
[13.062s] -- Up-to-date: C:/Users/SSAFY/Desktop/tt/catkin_ws/catkin_ws/install/ssafy_msgs/include/ssafy_msgs/msg/b_box__rosidl_typesupport_introspection_c.h
[13.062s] -- Up-to-date: C:/Users/SSAFY/Desktop/tt/catkin_ws/catkin_ws/install/ssafy_msgs/include/ssafy_msgs/msg/b_box__type_support.c
[13.062s] -- Up-to-date: C:/Users/SSAFY/Desktop/tt/catkin_ws/catkin_ws/install/ssafy_msgs/include/ssafy_msgs/msg/custom_object_info__rosidl_typesupport_introspection_c.h
[13.062s] -- Up-to-date: C:/Users/SSAFY/Desktop/tt/catkin_ws/catkin_ws/install/ssafy_msgs/include/ssafy_msgs/msg/custom_object_info__type_support.c
[13.062s] -- Up-to-date: C:/Users/SSAFY/Desktop/tt/catkin_ws/catkin_ws/install/ssafy_msgs/include/ssafy_msgs/msg/enviroment_status__rosidl_typesupport_introspection_c.h
[13.062s] -- Up-to-date: C:/Users/SSAFY/Desktop/tt/catkin_ws/catkin_ws/install/ssafy_msgs/include/ssafy_msgs/msg/enviroment_status__type_support.c
[13.062s] -- Up-to-date: C:/Users/SSAFY/Desktop/tt/catkin_ws/catkin_ws/install/ssafy_msgs/include/ssafy_msgs/msg/hand_control__rosidl_typesupport_introspection_c.h
[13.062s] -- Up-to-date: C:/Users/SSAFY/Desktop/tt/catkin_ws/catkin_ws/install/ssafy_msgs/include/ssafy_msgs/msg/hand_control__type_support.c
[13.062s] -- Up-to-date: C:/Users/SSAFY/Desktop/tt/catkin_ws/catkin_ws/install/ssafy_msgs/include/ssafy_msgs/msg/num__rosidl_typesupport_introspection_c.h
[13.062s] -- Up-to-date: C:/Users/SSAFY/Desktop/tt/catkin_ws/catkin_ws/install/ssafy_msgs/include/ssafy_msgs/msg/num__type_support.c
[13.062s] -- Up-to-date: C:/Users/SSAFY/Desktop/tt/catkin_ws/catkin_ws/install/ssafy_msgs/include/ssafy_msgs/msg/object_info__rosidl_typesupport_introspection_c.h
[13.062s] -- Up-to-date: C:/Users/SSAFY/Desktop/tt/catkin_ws/catkin_ws/install/ssafy_msgs/include/ssafy_msgs/msg/object_info__type_support.c
[13.062s] -- Up-to-date: C:/Users/SSAFY/Desktop/tt/catkin_ws/catkin_ws/install/ssafy_msgs/include/ssafy_msgs/msg/rosidl_typesupport_introspection_c__visibility_control.h
[13.062s] -- Up-to-date: C:/Users/SSAFY/Desktop/tt/catkin_ws/catkin_ws/install/ssafy_msgs/include/ssafy_msgs/msg/turtlebot_status__rosidl_typesupport_introspection_c.h
[13.062s] -- Up-to-date: C:/Users/SSAFY/Desktop/tt/catkin_ws/catkin_ws/install/ssafy_msgs/include/ssafy_msgs/msg/turtlebot_status__type_support.c
[13.062s] -- Up-to-date: C:/Users/SSAFY/Desktop/tt/catkin_ws/catkin_ws/install/ssafy_msgs/lib/ssafy_msgs__rosidl_typesupport_introspection_c.lib
[13.062s] -- Up-to-date: C:/Users/SSAFY/Desktop/tt/catkin_ws/catkin_ws/install/ssafy_msgs/bin/ssafy_msgs__rosidl_typesupport_introspection_c.dll
[13.062s] -- Up-to-date: C:/Users/SSAFY/Desktop/tt/catkin_ws/catkin_ws/install/ssafy_msgs/include/ssafy_msgs
[13.062s] -- Up-to-date: C:/Users/SSAFY/Desktop/tt/catkin_ws/catkin_ws/install/ssafy_msgs/include/ssafy_msgs/msg
[13.062s] -- Up-to-date: C:/Users/SSAFY/Desktop/tt/catkin_ws/catkin_ws/install/ssafy_msgs/include/ssafy_msgs/msg/b_box__rosidl_typesupport_opensplice_c.h
[13.078s] -- Up-to-date: C:/Users/SSAFY/Desktop/tt/catkin_ws/catkin_ws/install/ssafy_msgs/include/ssafy_msgs/msg/custom_object_info__rosidl_typesupport_opensplice_c.h
[13.078s] -- Up-to-date: C:/Users/SSAFY/Desktop/tt/catkin_ws/catkin_ws/install/ssafy_msgs/include/ssafy_msgs/msg/dds_opensplice_c
[13.078s] -- Up-to-date: C:/Users/SSAFY/Desktop/tt/catkin_ws/catkin_ws/install/ssafy_msgs/include/ssafy_msgs/msg/enviroment_status__rosidl_typesupport_opensplice_c.h
[13.078s] -- Up-to-date: C:/Users/SSAFY/Desktop/tt/catkin_ws/catkin_ws/install/ssafy_msgs/include/ssafy_msgs/msg/hand_control__rosidl_typesupport_opensplice_c.h
[13.078s] -- Up-to-date: C:/Users/SSAFY/Desktop/tt/catkin_ws/catkin_ws/install/ssafy_msgs/include/ssafy_msgs/msg/num__rosidl_typesupport_opensplice_c.h
[13.078s] -- Up-to-date: C:/Users/SSAFY/Desktop/tt/catkin_ws/catkin_ws/install/ssafy_msgs/include/ssafy_msgs/msg/object_info__rosidl_typesupport_opensplice_c.h
[13.078s] -- Up-to-date: C:/Users/SSAFY/Desktop/tt/catkin_ws/catkin_ws/install/ssafy_msgs/include/ssafy_msgs/msg/rosidl_typesupport_opensplice_c__visibility_control.h
[13.078s] -- Up-to-date: C:/Users/SSAFY/Desktop/tt/catkin_ws/catkin_ws/install/ssafy_msgs/include/ssafy_msgs/msg/turtlebot_status__rosidl_typesupport_opensplice_c.h
[13.078s] -- Up-to-date: C:/Users/SSAFY/Desktop/tt/catkin_ws/catkin_ws/install/ssafy_msgs/lib/ssafy_msgs__rosidl_typesupport_opensplice_c.lib
[13.078s] -- Up-to-date: C:/Users/SSAFY/Desktop/tt/catkin_ws/catkin_ws/install/ssafy_msgs/bin/ssafy_msgs__rosidl_typesupport_opensplice_c.dll
[13.078s] -- Up-to-date: C:/Users/SSAFY/Desktop/tt/catkin_ws/catkin_ws/install/ssafy_msgs/share/ssafy_msgs/msg/dds_opensplice
[13.078s] -- Up-to-date: C:/Users/SSAFY/Desktop/tt/catkin_ws/catkin_ws/install/ssafy_msgs/share/ssafy_msgs/msg/dds_opensplice/BBox_.idl
[13.078s] -- Up-to-date: C:/Users/SSAFY/Desktop/tt/catkin_ws/catkin_ws/install/ssafy_msgs/share/ssafy_msgs/msg/dds_opensplice/CustomObjectInfo_.idl
[13.078s] -- Up-to-date: C:/Users/SSAFY/Desktop/tt/catkin_ws/catkin_ws/install/ssafy_msgs/share/ssafy_msgs/msg/dds_opensplice/EnviromentStatus_.idl
[13.078s] -- Up-to-date: C:/Users/SSAFY/Desktop/tt/catkin_ws/catkin_ws/install/ssafy_msgs/share/ssafy_msgs/msg/dds_opensplice/HandControl_.idl
[13.078s] -- Up-to-date: C:/Users/SSAFY/Desktop/tt/catkin_ws/catkin_ws/install/ssafy_msgs/share/ssafy_msgs/msg/dds_opensplice/Num_.idl
[13.078s] -- Up-to-date: C:/Users/SSAFY/Desktop/tt/catkin_ws/catkin_ws/install/ssafy_msgs/share/ssafy_msgs/msg/dds_opensplice/ObjectInfo_.idl
[13.078s] -- Up-to-date: C:/Users/SSAFY/Desktop/tt/catkin_ws/catkin_ws/install/ssafy_msgs/share/ssafy_msgs/msg/dds_opensplice/TurtlebotStatus_.idl
[13.078s] -- Up-to-date: C:/Users/SSAFY/Desktop/tt/catkin_ws/catkin_ws/install/ssafy_msgs/include/ssafy_msgs
[13.078s] -- Up-to-date: C:/Users/SSAFY/Desktop/tt/catkin_ws/catkin_ws/install/ssafy_msgs/include/ssafy_msgs/msg
[13.078s] -- Up-to-date: C:/Users/SSAFY/Desktop/tt/catkin_ws/catkin_ws/install/ssafy_msgs/include/ssafy_msgs/msg/b_box__rosidl_typesupport_opensplice_cpp.hpp
[13.078s] -- Up-to-date: C:/Users/SSAFY/Desktop/tt/catkin_ws/catkin_ws/install/ssafy_msgs/include/ssafy_msgs/msg/custom_object_info__rosidl_typesupport_opensplice_cpp.hpp
[13.078s] -- Up-to-date: C:/Users/SSAFY/Desktop/tt/catkin_ws/catkin_ws/install/ssafy_msgs/include/ssafy_msgs/msg/dds_opensplice
[13.078s] -- Up-to-date: C:/Users/SSAFY/Desktop/tt/catkin_ws/catkin_ws/install/ssafy_msgs/include/ssafy_msgs/msg/dds_opensplice/BBox_.h
[13.078s] -- Up-to-date: C:/Users/SSAFY/Desktop/tt/catkin_ws/catkin_ws/install/ssafy_msgs/include/ssafy_msgs/msg/dds_opensplice/BBox_Dcps.h
[13.078s] -- Up-to-date: C:/Users/SSAFY/Desktop/tt/catkin_ws/catkin_ws/install/ssafy_msgs/include/ssafy_msgs/msg/dds_opensplice/BBox_Dcps.idl
[13.078s] -- Up-to-date: C:/Users/SSAFY/Desktop/tt/catkin_ws/catkin_ws/install/ssafy_msgs/include/ssafy_msgs/msg/dds_opensplice/BBox_Dcps_impl.h
[13.078s] -- Up-to-date: C:/Users/SSAFY/Desktop/tt/catkin_ws/catkin_ws/install/ssafy_msgs/include/ssafy_msgs/msg/dds_opensplice/BBox_SplDcps.h
[13.078s] -- Up-to-date: C:/Users/SSAFY/Desktop/tt/catkin_ws/catkin_ws/install/ssafy_msgs/include/ssafy_msgs/msg/dds_opensplice/ccpp_BBox_.h
[13.078s] -- Up-to-date: C:/Users/SSAFY/Desktop/tt/catkin_ws/catkin_ws/install/ssafy_msgs/include/ssafy_msgs/msg/dds_opensplice/ccpp_CustomObjectInfo_.h
[13.078s] -- Up-to-date: C:/Users/SSAFY/Desktop/tt/catkin_ws/catkin_ws/install/ssafy_msgs/include/ssafy_msgs/msg/dds_opensplice/ccpp_EnviromentStatus_.h
[13.078s] -- Up-to-date: C:/Users/SSAFY/Desktop/tt/catkin_ws/catkin_ws/install/ssafy_msgs/include/ssafy_msgs/msg/dds_opensplice/ccpp_HandControl_.h
[13.078s] -- Up-to-date: C:/Users/SSAFY/Desktop/tt/catkin_ws/catkin_ws/install/ssafy_msgs/include/ssafy_msgs/msg/dds_opensplice/ccpp_Num_.h
[13.078s] -- Up-to-date: C:/Users/SSAFY/Desktop/tt/catkin_ws/catkin_ws/install/ssafy_msgs/include/ssafy_msgs/msg/dds_opensplice/ccpp_ObjectInfo_.h
[13.094s] -- Up-to-date: C:/Users/SSAFY/Desktop/tt/catkin_ws/catkin_ws/install/ssafy_msgs/include/ssafy_msgs/msg/dds_opensplice/ccpp_TurtlebotStatus_.h
[13.094s] -- Up-to-date: C:/Users/SSAFY/Desktop/tt/catkin_ws/catkin_ws/install/ssafy_msgs/include/ssafy_msgs/msg/dds_opensplice/CustomObjectInfo_.h
[13.094s] -- Up-to-date: C:/Users/SSAFY/Desktop/tt/catkin_ws/catkin_ws/install/ssafy_msgs/include/ssafy_msgs/msg/dds_opensplice/CustomObjectInfo_Dcps.h
[13.094s] -- Up-to-date: C:/Users/SSAFY/Desktop/tt/catkin_ws/catkin_ws/install/ssafy_msgs/include/ssafy_msgs/msg/dds_opensplice/CustomObjectInfo_Dcps.idl
[13.094s] -- Up-to-date: C:/Users/SSAFY/Desktop/tt/catkin_ws/catkin_ws/install/ssafy_msgs/include/ssafy_msgs/msg/dds_opensplice/CustomObjectInfo_Dcps_impl.h
[13.094s] -- Up-to-date: C:/Users/SSAFY/Desktop/tt/catkin_ws/catkin_ws/install/ssafy_msgs/include/ssafy_msgs/msg/dds_opensplice/CustomObjectInfo_SplDcps.h
[13.094s] -- Up-to-date: C:/Users/SSAFY/Desktop/tt/catkin_ws/catkin_ws/install/ssafy_msgs/include/ssafy_msgs/msg/dds_opensplice/EnviromentStatus_.h
[13.094s] -- Up-to-date: C:/Users/SSAFY/Desktop/tt/catkin_ws/catkin_ws/install/ssafy_msgs/include/ssafy_msgs/msg/dds_opensplice/EnviromentStatus_Dcps.h
[13.094s] -- Up-to-date: C:/Users/SSAFY/Desktop/tt/catkin_ws/catkin_ws/install/ssafy_msgs/include/ssafy_msgs/msg/dds_opensplice/EnviromentStatus_Dcps.idl
[13.094s] -- Up-to-date: C:/Users/SSAFY/Desktop/tt/catkin_ws/catkin_ws/install/ssafy_msgs/include/ssafy_msgs/msg/dds_opensplice/EnviromentStatus_Dcps_impl.h
[13.094s] -- Up-to-date: C:/Users/SSAFY/Desktop/tt/catkin_ws/catkin_ws/install/ssafy_msgs/include/ssafy_msgs/msg/dds_opensplice/EnviromentStatus_SplDcps.h
[13.094s] -- Up-to-date: C:/Users/SSAFY/Desktop/tt/catkin_ws/catkin_ws/install/ssafy_msgs/include/ssafy_msgs/msg/dds_opensplice/HandControl_.h
[13.094s] -- Up-to-date: C:/Users/SSAFY/Desktop/tt/catkin_ws/catkin_ws/install/ssafy_msgs/include/ssafy_msgs/msg/dds_opensplice/HandControl_Dcps.h
[13.094s] -- Up-to-date: C:/Users/SSAFY/Desktop/tt/catkin_ws/catkin_ws/install/ssafy_msgs/include/ssafy_msgs/msg/dds_opensplice/HandControl_Dcps.idl
[13.094s] -- Up-to-date: C:/Users/SSAFY/Desktop/tt/catkin_ws/catkin_ws/install/ssafy_msgs/include/ssafy_msgs/msg/dds_opensplice/HandControl_Dcps_impl.h
[13.094s] -- Up-to-date: C:/Users/SSAFY/Desktop/tt/catkin_ws/catkin_ws/install/ssafy_msgs/include/ssafy_msgs/msg/dds_opensplice/HandControl_SplDcps.h
[13.094s] -- Up-to-date: C:/Users/SSAFY/Desktop/tt/catkin_ws/catkin_ws/install/ssafy_msgs/include/ssafy_msgs/msg/dds_opensplice/Num_.h
[13.094s] -- Up-to-date: C:/Users/SSAFY/Desktop/tt/catkin_ws/catkin_ws/install/ssafy_msgs/include/ssafy_msgs/msg/dds_opensplice/Num_Dcps.h
[13.094s] -- Up-to-date: C:/Users/SSAFY/Desktop/tt/catkin_ws/catkin_ws/install/ssafy_msgs/include/ssafy_msgs/msg/dds_opensplice/Num_Dcps_impl.h
[13.094s] -- Up-to-date: C:/Users/SSAFY/Desktop/tt/catkin_ws/catkin_ws/install/ssafy_msgs/include/ssafy_msgs/msg/dds_opensplice/Num_SplDcps.h
[13.094s] -- Up-to-date: C:/Users/SSAFY/Desktop/tt/catkin_ws/catkin_ws/install/ssafy_msgs/include/ssafy_msgs/msg/dds_opensplice/ObjectInfo_.h
[13.094s] -- Up-to-date: C:/Users/SSAFY/Desktop/tt/catkin_ws/catkin_ws/install/ssafy_msgs/include/ssafy_msgs/msg/dds_opensplice/ObjectInfo_Dcps.h
[13.094s] -- Up-to-date: C:/Users/SSAFY/Desktop/tt/catkin_ws/catkin_ws/install/ssafy_msgs/include/ssafy_msgs/msg/dds_opensplice/ObjectInfo_Dcps_impl.h
[13.094s] -- Up-to-date: C:/Users/SSAFY/Desktop/tt/catkin_ws/catkin_ws/install/ssafy_msgs/include/ssafy_msgs/msg/dds_opensplice/ObjectInfo_SplDcps.h
[13.094s] -- Up-to-date: C:/Users/SSAFY/Desktop/tt/catkin_ws/catkin_ws/install/ssafy_msgs/include/ssafy_msgs/msg/dds_opensplice/TurtlebotStatus_.h
[13.094s] -- Up-to-date: C:/Users/SSAFY/Desktop/tt/catkin_ws/catkin_ws/install/ssafy_msgs/include/ssafy_msgs/msg/dds_opensplice/TurtlebotStatus_Dcps.h
[13.094s] -- Up-to-date: C:/Users/SSAFY/Desktop/tt/catkin_ws/catkin_ws/install/ssafy_msgs/include/ssafy_msgs/msg/dds_opensplice/TurtlebotStatus_Dcps_impl.h
[13.094s] -- Up-to-date: C:/Users/SSAFY/Desktop/tt/catkin_ws/catkin_ws/install/ssafy_msgs/include/ssafy_msgs/msg/dds_opensplice/TurtlebotStatus_SplDcps.h
[13.094s] -- Up-to-date: C:/Users/SSAFY/Desktop/tt/catkin_ws/catkin_ws/install/ssafy_msgs/include/ssafy_msgs/msg/enviroment_status__rosidl_typesupport_opensplice_cpp.hpp
[13.094s] -- Up-to-date: C:/Users/SSAFY/Desktop/tt/catkin_ws/catkin_ws/install/ssafy_msgs/include/ssafy_msgs/msg/hand_control__rosidl_typesupport_opensplice_cpp.hpp
[13.094s] -- Up-to-date: C:/Users/SSAFY/Desktop/tt/catkin_ws/catkin_ws/install/ssafy_msgs/include/ssafy_msgs/msg/num__rosidl_typesupport_opensplice_cpp.hpp
[13.094s] -- Up-to-date: C:/Users/SSAFY/Desktop/tt/catkin_ws/catkin_ws/install/ssafy_msgs/include/ssafy_msgs/msg/object_info__rosidl_typesupport_opensplice_cpp.hpp
[13.094s] -- Up-to-date: C:/Users/SSAFY/Desktop/tt/catkin_ws/catkin_ws/install/ssafy_msgs/include/ssafy_msgs/msg/rosidl_typesupport_opensplice_cpp__visibility_control.h
[13.094s] -- Up-to-date: C:/Users/SSAFY/Desktop/tt/catkin_ws/catkin_ws/install/ssafy_msgs/include/ssafy_msgs/msg/turtlebot_status__rosidl_typesupport_opensplice_cpp.hpp
[13.094s] -- Up-to-date: C:/Users/SSAFY/Desktop/tt/catkin_ws/catkin_ws/install/ssafy_msgs/lib/ssafy_msgs__rosidl_typesupport_opensplice_cpp.lib
[13.109s] -- Up-to-date: C:/Users/SSAFY/Desktop/tt/catkin_ws/catkin_ws/install/ssafy_msgs/bin/ssafy_msgs__rosidl_typesupport_opensplice_cpp.dll
[13.109s] -- Up-to-date: C:/Users/SSAFY/Desktop/tt/catkin_ws/catkin_ws/install/ssafy_msgs/include/ssafy_msgs
[13.109s] -- Up-to-date: C:/Users/SSAFY/Desktop/tt/catkin_ws/catkin_ws/install/ssafy_msgs/include/ssafy_msgs/msg
[13.109s] -- Up-to-date: C:/Users/SSAFY/Desktop/tt/catkin_ws/catkin_ws/install/ssafy_msgs/include/ssafy_msgs/msg/b_box__rosidl_typesupport_introspection_cpp.hpp
[13.109s] -- Up-to-date: C:/Users/SSAFY/Desktop/tt/catkin_ws/catkin_ws/install/ssafy_msgs/include/ssafy_msgs/msg/b_box__type_support.cpp
[13.109s] -- Up-to-date: C:/Users/SSAFY/Desktop/tt/catkin_ws/catkin_ws/install/ssafy_msgs/include/ssafy_msgs/msg/custom_object_info__rosidl_typesupport_introspection_cpp.hpp
[13.109s] -- Up-to-date: C:/Users/SSAFY/Desktop/tt/catkin_ws/catkin_ws/install/ssafy_msgs/include/ssafy_msgs/msg/custom_object_info__type_support.cpp
[13.109s] -- Up-to-date: C:/Users/SSAFY/Desktop/tt/catkin_ws/catkin_ws/install/ssafy_msgs/include/ssafy_msgs/msg/enviroment_status__rosidl_typesupport_introspection_cpp.hpp
[13.109s] -- Up-to-date: C:/Users/SSAFY/Desktop/tt/catkin_ws/catkin_ws/install/ssafy_msgs/include/ssafy_msgs/msg/enviroment_status__type_support.cpp
[13.109s] -- Up-to-date: C:/Users/SSAFY/Desktop/tt/catkin_ws/catkin_ws/install/ssafy_msgs/include/ssafy_msgs/msg/hand_control__rosidl_typesupport_introspection_cpp.hpp
[13.109s] -- Up-to-date: C:/Users/SSAFY/Desktop/tt/catkin_ws/catkin_ws/install/ssafy_msgs/include/ssafy_msgs/msg/hand_control__type_support.cpp
[13.109s] -- Up-to-date: C:/Users/SSAFY/Desktop/tt/catkin_ws/catkin_ws/install/ssafy_msgs/include/ssafy_msgs/msg/num__rosidl_typesupport_introspection_cpp.hpp
[13.109s] -- Up-to-date: C:/Users/SSAFY/Desktop/tt/catkin_ws/catkin_ws/install/ssafy_msgs/include/ssafy_msgs/msg/num__type_support.cpp
[13.109s] -- Up-to-date: C:/Users/SSAFY/Desktop/tt/catkin_ws/catkin_ws/install/ssafy_msgs/include/ssafy_msgs/msg/object_info__rosidl_typesupport_introspection_cpp.hpp
[13.109s] -- Up-to-date: C:/Users/SSAFY/Desktop/tt/catkin_ws/catkin_ws/install/ssafy_msgs/include/ssafy_msgs/msg/object_info__type_support.cpp
[13.109s] -- Up-to-date: C:/Users/SSAFY/Desktop/tt/catkin_ws/catkin_ws/install/ssafy_msgs/include/ssafy_msgs/msg/turtlebot_status__rosidl_typesupport_introspection_cpp.hpp
[13.109s] -- Up-to-date: C:/Users/SSAFY/Desktop/tt/catkin_ws/catkin_ws/install/ssafy_msgs/include/ssafy_msgs/msg/turtlebot_status__type_support.cpp
[13.109s] -- Up-to-date: C:/Users/SSAFY/Desktop/tt/catkin_ws/catkin_ws/install/ssafy_msgs/lib/ssafy_msgs__rosidl_typesupport_introspection_cpp.lib
[13.109s] -- Up-to-date: C:/Users/SSAFY/Desktop/tt/catkin_ws/catkin_ws/install/ssafy_msgs/bin/ssafy_msgs__rosidl_typesupport_introspection_cpp.dll
[13.109s] -- Up-to-date: C:/Users/SSAFY/Desktop/tt/catkin_ws/catkin_ws/install/ssafy_msgs/share/ssafy_msgs/environment/pythonpath.bat
[13.109s] -- Installing: C:/Users/SSAFY/Desktop/tt/catkin_ws/catkin_ws/install/ssafy_msgs/share/ssafy_msgs/environment/pythonpath.dsv
[13.109s] -- Installing: C:/Users/SSAFY/Desktop/tt/catkin_ws/catkin_ws/install/ssafy_msgs/Lib/site-packages/ssafy_msgs/__init__.py
[13.172s] Compiling 'C:/Users/SSAFY/Desktop/tt/catkin_ws/catkin_ws/install/ssafy_msgs/Lib/site-packages/ssafy_msgs/__init__.py'...
[13.172s] -- Up-to-date: C:/Users/SSAFY/Desktop/tt/catkin_ws/catkin_ws/install/ssafy_msgs/Lib/site-packages/ssafy_msgs/msg
[13.172s] -- Up-to-date: C:/Users/SSAFY/Desktop/tt/catkin_ws/catkin_ws/install/ssafy_msgs/Lib/site-packages/ssafy_msgs/msg/_b_box.py
[13.172s] -- Up-to-date: C:/Users/SSAFY/Desktop/tt/catkin_ws/catkin_ws/install/ssafy_msgs/Lib/site-packages/ssafy_msgs/msg/_b_box_s.c
[13.172s] -- Up-to-date: C:/Users/SSAFY/Desktop/tt/catkin_ws/catkin_ws/install/ssafy_msgs/Lib/site-packages/ssafy_msgs/msg/_custom_object_info.py
[13.172s] -- Up-to-date: C:/Users/SSAFY/Desktop/tt/catkin_ws/catkin_ws/install/ssafy_msgs/Lib/site-packages/ssafy_msgs/msg/_custom_object_info_s.c
[13.172s] -- Up-to-date: C:/Users/SSAFY/Desktop/tt/catkin_ws/catkin_ws/install/ssafy_msgs/Lib/site-packages/ssafy_msgs/msg/_enviroment_status.py
[13.187s] -- Up-to-date: C:/Users/SSAFY/Desktop/tt/catkin_ws/catkin_ws/install/ssafy_msgs/Lib/site-packages/ssafy_msgs/msg/_enviroment_status_s.c
[13.187s] -- Up-to-date: C:/Users/SSAFY/Desktop/tt/catkin_ws/catkin_ws/install/ssafy_msgs/Lib/site-packages/ssafy_msgs/msg/_hand_control.py
[13.187s] -- Up-to-date: C:/Users/SSAFY/Desktop/tt/catkin_ws/catkin_ws/install/ssafy_msgs/Lib/site-packages/ssafy_msgs/msg/_hand_control_s.c
[13.187s] -- Up-to-date: C:/Users/SSAFY/Desktop/tt/catkin_ws/catkin_ws/install/ssafy_msgs/Lib/site-packages/ssafy_msgs/msg/_num.py
[13.187s] -- Up-to-date: C:/Users/SSAFY/Desktop/tt/catkin_ws/catkin_ws/install/ssafy_msgs/Lib/site-packages/ssafy_msgs/msg/_num_s.c
[13.187s] -- Up-to-date: C:/Users/SSAFY/Desktop/tt/catkin_ws/catkin_ws/install/ssafy_msgs/Lib/site-packages/ssafy_msgs/msg/_object_info.py
[13.187s] -- Up-to-date: C:/Users/SSAFY/Desktop/tt/catkin_ws/catkin_ws/install/ssafy_msgs/Lib/site-packages/ssafy_msgs/msg/_object_info_s.c
[13.187s] -- Up-to-date: C:/Users/SSAFY/Desktop/tt/catkin_ws/catkin_ws/install/ssafy_msgs/Lib/site-packages/ssafy_msgs/msg/_turtlebot_status.py
[13.187s] -- Up-to-date: C:/Users/SSAFY/Desktop/tt/catkin_ws/catkin_ws/install/ssafy_msgs/Lib/site-packages/ssafy_msgs/msg/_turtlebot_status_s.c
[13.187s] -- Up-to-date: C:/Users/SSAFY/Desktop/tt/catkin_ws/catkin_ws/install/ssafy_msgs/Lib/site-packages/ssafy_msgs/msg/__init__.py
[13.187s] -- Up-to-date: C:/Users/SSAFY/Desktop/tt/catkin_ws/catkin_ws/install/ssafy_msgs/Lib/site-packages/ssafy_msgs/ssafy_msgs_s__rosidl_typesupport_c.lib
[13.187s] -- Up-to-date: C:/Users/SSAFY/Desktop/tt/catkin_ws/catkin_ws/install/ssafy_msgs/Lib/site-packages/ssafy_msgs/ssafy_msgs_s__rosidl_typesupport_c.pyd
[13.187s] -- Up-to-date: C:/Users/SSAFY/Desktop/tt/catkin_ws/catkin_ws/install/ssafy_msgs/Lib/site-packages/ssafy_msgs/ssafy_msgs_s__rosidl_typesupport_connext_c.lib
[13.187s] -- Up-to-date: C:/Users/SSAFY/Desktop/tt/catkin_ws/catkin_ws/install/ssafy_msgs/Lib/site-packages/ssafy_msgs/ssafy_msgs_s__rosidl_typesupport_connext_c.pyd
[13.187s] -- Up-to-date: C:/Users/SSAFY/Desktop/tt/catkin_ws/catkin_ws/install/ssafy_msgs/Lib/site-packages/ssafy_msgs/ssafy_msgs_s__rosidl_typesupport_introspection_c.lib
[13.187s] -- Up-to-date: C:/Users/SSAFY/Desktop/tt/catkin_ws/catkin_ws/install/ssafy_msgs/Lib/site-packages/ssafy_msgs/ssafy_msgs_s__rosidl_typesupport_introspection_c.pyd
[13.187s] -- Up-to-date: C:/Users/SSAFY/Desktop/tt/catkin_ws/catkin_ws/install/ssafy_msgs/Lib/site-packages/ssafy_msgs/ssafy_msgs_s__rosidl_typesupport_fastrtps_c.lib
[13.187s] -- Up-to-date: C:/Users/SSAFY/Desktop/tt/catkin_ws/catkin_ws/install/ssafy_msgs/Lib/site-packages/ssafy_msgs/ssafy_msgs_s__rosidl_typesupport_fastrtps_c.pyd
[13.187s] -- Up-to-date: C:/Users/SSAFY/Desktop/tt/catkin_ws/catkin_ws/install/ssafy_msgs/Lib/site-packages/ssafy_msgs/ssafy_msgs_s__rosidl_typesupport_opensplice_c.lib
[13.187s] -- Up-to-date: C:/Users/SSAFY/Desktop/tt/catkin_ws/catkin_ws/install/ssafy_msgs/Lib/site-packages/ssafy_msgs/ssafy_msgs_s__rosidl_typesupport_opensplice_c.pyd
[13.187s] -- Up-to-date: C:/Users/SSAFY/Desktop/tt/catkin_ws/catkin_ws/install/ssafy_msgs/lib/ssafy_msgs__python.lib
[13.187s] -- Up-to-date: C:/Users/SSAFY/Desktop/tt/catkin_ws/catkin_ws/install/ssafy_msgs/bin/ssafy_msgs__python.dll
[13.187s] -- Up-to-date: C:/Users/SSAFY/Desktop/tt/catkin_ws/catkin_ws/install/ssafy_msgs/share/ssafy_msgs/msg/Num.idl
[13.187s] -- Up-to-date: C:/Users/SSAFY/Desktop/tt/catkin_ws/catkin_ws/install/ssafy_msgs/share/ssafy_msgs/msg/EnviromentStatus.idl
[13.187s] -- Up-to-date: C:/Users/SSAFY/Desktop/tt/catkin_ws/catkin_ws/install/ssafy_msgs/share/ssafy_msgs/msg/TurtlebotStatus.idl
[13.187s] -- Up-to-date: C:/Users/SSAFY/Desktop/tt/catkin_ws/catkin_ws/install/ssafy_msgs/share/ssafy_msgs/msg/BBox.idl
[13.203s] -- Up-to-date: C:/Users/SSAFY/Desktop/tt/catkin_ws/catkin_ws/install/ssafy_msgs/share/ssafy_msgs/msg/ObjectInfo.idl
[13.203s] -- Up-to-date: C:/Users/SSAFY/Desktop/tt/catkin_ws/catkin_ws/install/ssafy_msgs/share/ssafy_msgs/msg/HandControl.idl
[13.203s] -- Up-to-date: C:/Users/SSAFY/Desktop/tt/catkin_ws/catkin_ws/install/ssafy_msgs/share/ssafy_msgs/msg/CustomObjectInfo.idl
[13.203s] -- Up-to-date: C:/Users/SSAFY/Desktop/tt/catkin_ws/catkin_ws/install/ssafy_msgs/share/ssafy_msgs/msg/Num.msg
[13.203s] -- Up-to-date: C:/Users/SSAFY/Desktop/tt/catkin_ws/catkin_ws/install/ssafy_msgs/share/ssafy_msgs/msg/EnviromentStatus.msg
[13.203s] -- Up-to-date: C:/Users/SSAFY/Desktop/tt/catkin_ws/catkin_ws/install/ssafy_msgs/share/ssafy_msgs/msg/TurtlebotStatus.msg
[13.203s] -- Up-to-date: C:/Users/SSAFY/Desktop/tt/catkin_ws/catkin_ws/install/ssafy_msgs/share/ssafy_msgs/msg/BBox.msg
[13.203s] -- Up-to-date: C:/Users/SSAFY/Desktop/tt/catkin_ws/catkin_ws/install/ssafy_msgs/share/ssafy_msgs/msg/ObjectInfo.msg
[13.203s] -- Up-to-date: C:/Users/SSAFY/Desktop/tt/catkin_ws/catkin_ws/install/ssafy_msgs/share/ssafy_msgs/msg/HandControl.msg
[13.203s] -- Up-to-date: C:/Users/SSAFY/Desktop/tt/catkin_ws/catkin_ws/install/ssafy_msgs/share/ssafy_msgs/msg/CustomObjectInfo.msg
[13.203s] -- Up-to-date: C:/Users/SSAFY/Desktop/tt/catkin_ws/catkin_ws/install/ssafy_msgs/share/ament_index/resource_index/package_run_dependencies/ssafy_msgs
[13.203s] -- Up-to-date: C:/Users/SSAFY/Desktop/tt/catkin_ws/catkin_ws/install/ssafy_msgs/share/ament_index/resource_index/parent_prefix_path/ssafy_msgs
[13.203s] -- Up-to-date: C:/Users/SSAFY/Desktop/tt/catkin_ws/catkin_ws/install/ssafy_msgs/share/ssafy_msgs/environment/ament_prefix_path.bat
[13.203s] -- Installing: C:/Users/SSAFY/Desktop/tt/catkin_ws/catkin_ws/install/ssafy_msgs/share/ssafy_msgs/environment/ament_prefix_path.dsv
[13.203s] -- Up-to-date: C:/Users/SSAFY/Desktop/tt/catkin_ws/catkin_ws/install/ssafy_msgs/share/ssafy_msgs/environment/path.bat
[13.203s] -- Installing: C:/Users/SSAFY/Desktop/tt/catkin_ws/catkin_ws/install/ssafy_msgs/share/ssafy_msgs/environment/path.dsv
[13.203s] -- Up-to-date: C:/Users/SSAFY/Desktop/tt/catkin_ws/catkin_ws/install/ssafy_msgs/share/ssafy_msgs/local_setup.bat
[13.203s] -- Installing: C:/Users/SSAFY/Desktop/tt/catkin_ws/catkin_ws/install/ssafy_msgs/share/ssafy_msgs/local_setup.dsv
[13.203s] -- Installing: C:/Users/SSAFY/Desktop/tt/catkin_ws/catkin_ws/install/ssafy_msgs/share/ssafy_msgs/package.dsv
[13.219s] -- Up-to-date: C:/Users/SSAFY/Desktop/tt/catkin_ws/catkin_ws/install/ssafy_msgs/share/ament_index/resource_index/packages/ssafy_msgs
[13.219s] -- Up-to-date: C:/Users/SSAFY/Desktop/tt/catkin_ws/catkin_ws/install/ssafy_msgs/share/ssafy_msgs/cmake/rosidl_cmake-extras.cmake
[13.219s] -- Up-to-date: C:/Users/SSAFY/Desktop/tt/catkin_ws/catkin_ws/install/ssafy_msgs/share/ssafy_msgs/cmake/ament_cmake_export_dependencies-extras.cmake
[13.219s] -- Up-to-date: C:/Users/SSAFY/Desktop/tt/catkin_ws/catkin_ws/install/ssafy_msgs/share/ssafy_msgs/cmake/ament_cmake_export_libraries-extras.cmake
[13.219s] -- Up-to-date: C:/Users/SSAFY/Desktop/tt/catkin_ws/catkin_ws/install/ssafy_msgs/share/ssafy_msgs/cmake/ament_cmake_export_include_directories-extras.cmake
[13.219s] -- Up-to-date: C:/Users/SSAFY/Desktop/tt/catkin_ws/catkin_ws/install/ssafy_msgs/share/ssafy_msgs/cmake/rosidl_cmake_export_typesupport_libraries-extras.cmake
[13.219s] -- Up-to-date: C:/Users/SSAFY/Desktop/tt/catkin_ws/catkin_ws/install/ssafy_msgs/share/ssafy_msgs/cmake/ssafy_msgsConfig.cmake
[13.219s] -- Up-to-date: C:/Users/SSAFY/Desktop/tt/catkin_ws/catkin_ws/install/ssafy_msgs/share/ssafy_msgs/cmake/ssafy_msgsConfig-version.cmake
[13.219s] -- Up-to-date: C:/Users/SSAFY/Desktop/tt/catkin_ws/catkin_ws/install/ssafy_msgs/share/ssafy_msgs/package.xml
[13.234s] Invoked command in 'C:\Users\SSAFY\Desktop\tt\catkin_ws\catkin_ws\build\ssafy_msgs' returned '0': installDir=%installDir%
IntelliJ IDEA=C:\Program Files\JetBrains\IntelliJ IDEA 2023.1.3\bin; C:\Program Files\CMake\bin\cmake.EXE --install C:\Users\SSAFY\Desktop\tt\catkin_ws\catkin_ws\build\ssafy_msgs --config Release
