[1.406s] Invoking command in 'C:\Users\SSAFY\Desktop\tt\catkin_ws\catkin_ws\src\ssafy_bridge': PYTHONPATH=C:\Users\SSAFY\Desktop\tt\catkin_ws\catkin_ws\build\ssafy_bridge\prefix_override;C:\Users\SSAFY\Desktop\tt\catkin_ws\catkin_ws\install\ssafy_bridge\Lib\site-packages;%PYTHONPATH% installDir=%installDir%
IntelliJ IDEA=C:\Program Files\JetBrains\IntelliJ IDEA 2023.1.3\bin; c:\python37\python.exe setup.py egg_info --egg-base ..\..\build\ssafy_bridge build --build-base C:\Users\SSAFY\Desktop\tt\catkin_ws\catkin_ws\build\ssafy_bridge\build install --record C:\Users\SSAFY\Desktop\tt\catkin_ws\catkin_ws\build\ssafy_bridge\install.log --install-scripts $base/lib/ssafy_bridge --single-version-externally-managed
[1.797s] running egg_info
[1.797s] creating ..\..\build\ssafy_bridge\ssafy_bridge.egg-info
[1.797s] writing ..\..\build\ssafy_bridge\ssafy_bridge.egg-info\PKG-INFO
[1.797s] writing dependency_links to ..\..\build\ssafy_bridge\ssafy_bridge.egg-info\dependency_links.txt
[1.797s] writing entry points to ..\..\build\ssafy_bridge\ssafy_bridge.egg-info\entry_points.txt
[1.797s] writing requirements to ..\..\build\ssafy_bridge\ssafy_bridge.egg-info\requires.txt
[1.797s] writing top-level names to ..\..\build\ssafy_bridge\ssafy_bridge.egg-info\top_level.txt
[1.797s] writing manifest file '..\..\build\ssafy_bridge\ssafy_bridge.egg-info\SOURCES.txt'
[1.812s] reading manifest file '..\..\build\ssafy_bridge\ssafy_bridge.egg-info\SOURCES.txt'
[1.812s] writing manifest file '..\..\build\ssafy_bridge\ssafy_bridge.egg-info\SOURCES.txt'
[1.812s] running build
[1.812s] running build_py
[1.812s] creating C:\Users\SSAFY\Desktop\tt\catkin_ws\catkin_ws\build\ssafy_bridge\build
[1.812s] creating C:\Users\SSAFY\Desktop\tt\catkin_ws\catkin_ws\build\ssafy_bridge\build\lib
[1.812s] creating C:\Users\SSAFY\Desktop\tt\catkin_ws\catkin_ws\build\ssafy_bridge\build\lib\ssafy_bridge
[1.812s] copying ssafy_bridge\cam_viewer.py -> C:\Users\SSAFY\Desktop\tt\catkin_ws\catkin_ws\build\ssafy_bridge\build\lib\ssafy_bridge
[1.828s] copying ssafy_bridge\ssafy_udp_parser.py -> C:\Users\SSAFY\Desktop\tt\catkin_ws\catkin_ws\build\ssafy_bridge\build\lib\ssafy_bridge
[1.828s] copying ssafy_bridge\sub_to_udp.py -> C:\Users\SSAFY\Desktop\tt\catkin_ws\catkin_ws\build\ssafy_bridge\build\lib\ssafy_bridge
[1.828s] copying ssafy_bridge\udp_to_cam.py -> C:\Users\SSAFY\Desktop\tt\catkin_ws\catkin_ws\build\ssafy_bridge\build\lib\ssafy_bridge
[1.828s] copying ssafy_bridge\udp_to_laser.py -> C:\Users\SSAFY\Desktop\tt\catkin_ws\catkin_ws\build\ssafy_bridge\build\lib\ssafy_bridge
[1.828s] copying ssafy_bridge\udp_to_pub.py -> C:\Users\SSAFY\Desktop\tt\catkin_ws\catkin_ws\build\ssafy_bridge\build\lib\ssafy_bridge
[1.828s] copying ssafy_bridge\utils.py -> C:\Users\SSAFY\Desktop\tt\catkin_ws\catkin_ws\build\ssafy_bridge\build\lib\ssafy_bridge
[1.828s] copying ssafy_bridge\__init__.py -> C:\Users\SSAFY\Desktop\tt\catkin_ws\catkin_ws\build\ssafy_bridge\build\lib\ssafy_bridge
[1.828s] running install
[1.828s] running install_lib
[1.828s] creating C:\Users\SSAFY\Desktop\tt\catkin_ws\catkin_ws\install\ssafy_bridge\Lib\site-packages\ssafy_bridge
[1.828s] copying C:\Users\SSAFY\Desktop\tt\catkin_ws\catkin_ws\build\ssafy_bridge\build\lib\ssafy_bridge\cam_viewer.py -> C:\Users\SSAFY\Desktop\tt\catkin_ws\catkin_ws\install\ssafy_bridge\Lib\site-packages\ssafy_bridge
[1.843s] copying C:\Users\SSAFY\Desktop\tt\catkin_ws\catkin_ws\build\ssafy_bridge\build\lib\ssafy_bridge\ssafy_udp_parser.py -> C:\Users\SSAFY\Desktop\tt\catkin_ws\catkin_ws\install\ssafy_bridge\Lib\site-packages\ssafy_bridge
[1.843s] copying C:\Users\SSAFY\Desktop\tt\catkin_ws\catkin_ws\build\ssafy_bridge\build\lib\ssafy_bridge\sub_to_udp.py -> C:\Users\SSAFY\Desktop\tt\catkin_ws\catkin_ws\install\ssafy_bridge\Lib\site-packages\ssafy_bridge
[1.843s] copying C:\Users\SSAFY\Desktop\tt\catkin_ws\catkin_ws\build\ssafy_bridge\build\lib\ssafy_bridge\udp_to_cam.py -> C:\Users\SSAFY\Desktop\tt\catkin_ws\catkin_ws\install\ssafy_bridge\Lib\site-packages\ssafy_bridge
[1.843s] copying C:\Users\SSAFY\Desktop\tt\catkin_ws\catkin_ws\build\ssafy_bridge\build\lib\ssafy_bridge\udp_to_laser.py -> C:\Users\SSAFY\Desktop\tt\catkin_ws\catkin_ws\install\ssafy_bridge\Lib\site-packages\ssafy_bridge
[1.843s] copying C:\Users\SSAFY\Desktop\tt\catkin_ws\catkin_ws\build\ssafy_bridge\build\lib\ssafy_bridge\udp_to_pub.py -> C:\Users\SSAFY\Desktop\tt\catkin_ws\catkin_ws\install\ssafy_bridge\Lib\site-packages\ssafy_bridge
[1.843s] copying C:\Users\SSAFY\Desktop\tt\catkin_ws\catkin_ws\build\ssafy_bridge\build\lib\ssafy_bridge\utils.py -> C:\Users\SSAFY\Desktop\tt\catkin_ws\catkin_ws\install\ssafy_bridge\Lib\site-packages\ssafy_bridge
[1.843s] copying C:\Users\SSAFY\Desktop\tt\catkin_ws\catkin_ws\build\ssafy_bridge\build\lib\ssafy_bridge\__init__.py -> C:\Users\SSAFY\Desktop\tt\catkin_ws\catkin_ws\install\ssafy_bridge\Lib\site-packages\ssafy_bridge
[1.843s] byte-compiling C:\Users\SSAFY\Desktop\tt\catkin_ws\catkin_ws\install\ssafy_bridge\Lib\site-packages\ssafy_bridge\cam_viewer.py to cam_viewer.cpython-37.pyc
[1.859s] byte-compiling C:\Users\SSAFY\Desktop\tt\catkin_ws\catkin_ws\install\ssafy_bridge\Lib\site-packages\ssafy_bridge\ssafy_udp_parser.py to ssafy_udp_parser.cpython-37.pyc
[1.859s] byte-compiling C:\Users\SSAFY\Desktop\tt\catkin_ws\catkin_ws\install\ssafy_bridge\Lib\site-packages\ssafy_bridge\sub_to_udp.py to sub_to_udp.cpython-37.pyc
[1.859s] byte-compiling C:\Users\SSAFY\Desktop\tt\catkin_ws\catkin_ws\install\ssafy_bridge\Lib\site-packages\ssafy_bridge\udp_to_cam.py to udp_to_cam.cpython-37.pyc
[1.859s] byte-compiling C:\Users\SSAFY\Desktop\tt\catkin_ws\catkin_ws\install\ssafy_bridge\Lib\site-packages\ssafy_bridge\udp_to_laser.py to udp_to_laser.cpython-37.pyc
[1.859s] byte-compiling C:\Users\SSAFY\Desktop\tt\catkin_ws\catkin_ws\install\ssafy_bridge\Lib\site-packages\ssafy_bridge\udp_to_pub.py to udp_to_pub.cpython-37.pyc
[1.875s] byte-compiling C:\Users\SSAFY\Desktop\tt\catkin_ws\catkin_ws\install\ssafy_bridge\Lib\site-packages\ssafy_bridge\utils.py to utils.cpython-37.pyc
[1.875s] byte-compiling C:\Users\SSAFY\Desktop\tt\catkin_ws\catkin_ws\install\ssafy_bridge\Lib\site-packages\ssafy_bridge\__init__.py to __init__.cpython-37.pyc
[1.875s] running install_data
[1.875s] creating C:\Users\SSAFY\Desktop\tt\catkin_ws\catkin_ws\install\ssafy_bridge\share\ament_index
[1.875s] creating C:\Users\SSAFY\Desktop\tt\catkin_ws\catkin_ws\install\ssafy_bridge\share\ament_index\resource_index
[1.875s] creating C:\Users\SSAFY\Desktop\tt\catkin_ws\catkin_ws\install\ssafy_bridge\share\ament_index\resource_index\packages
[1.875s] copying resource\ssafy_bridge -> C:\Users\SSAFY\Desktop\tt\catkin_ws\catkin_ws\install\ssafy_bridge\share\ament_index\resource_index\packages
[1.875s] copying package.xml -> C:\Users\SSAFY\Desktop\tt\catkin_ws\catkin_ws\install\ssafy_bridge\share\ssafy_bridge
[1.875s] running install_egg_info
[1.875s] Copying ..\..\build\ssafy_bridge\ssafy_bridge.egg-info to C:\Users\SSAFY\Desktop\tt\catkin_ws\catkin_ws\install\ssafy_bridge\Lib\site-packages\ssafy_bridge-0.0.0-py3.7.egg-info
[1.906s] running install_scripts
[1.922s] Installing cam_viewer-script.py script to C:\Users\SSAFY\Desktop\tt\catkin_ws\catkin_ws\install\ssafy_bridge\lib\ssafy_bridge
[1.922s] Installing cam_viewer.exe script to C:\Users\SSAFY\Desktop\tt\catkin_ws\catkin_ws\install\ssafy_bridge\lib\ssafy_bridge
[1.922s] Installing sub_to_udp-script.py script to C:\Users\SSAFY\Desktop\tt\catkin_ws\catkin_ws\install\ssafy_bridge\lib\ssafy_bridge
[1.922s] Installing sub_to_udp.exe script to C:\Users\SSAFY\Desktop\tt\catkin_ws\catkin_ws\install\ssafy_bridge\lib\ssafy_bridge
[1.922s] Installing udp_to_cam-script.py script to C:\Users\SSAFY\Desktop\tt\catkin_ws\catkin_ws\install\ssafy_bridge\lib\ssafy_bridge
[1.922s] Installing udp_to_cam.exe script to C:\Users\SSAFY\Desktop\tt\catkin_ws\catkin_ws\install\ssafy_bridge\lib\ssafy_bridge
[1.922s] Installing udp_to_laser-script.py script to C:\Users\SSAFY\Desktop\tt\catkin_ws\catkin_ws\install\ssafy_bridge\lib\ssafy_bridge
[1.922s] Installing udp_to_laser.exe script to C:\Users\SSAFY\Desktop\tt\catkin_ws\catkin_ws\install\ssafy_bridge\lib\ssafy_bridge
[1.937s] Installing udp_to_pub-script.py script to C:\Users\SSAFY\Desktop\tt\catkin_ws\catkin_ws\install\ssafy_bridge\lib\ssafy_bridge
[1.937s] Installing udp_to_pub.exe script to C:\Users\SSAFY\Desktop\tt\catkin_ws\catkin_ws\install\ssafy_bridge\lib\ssafy_bridge
[1.937s] writing list of installed files to 'C:\Users\SSAFY\Desktop\tt\catkin_ws\catkin_ws\build\ssafy_bridge\install.log'
[1.953s] Invoked command in 'C:\Users\SSAFY\Desktop\tt\catkin_ws\catkin_ws\src\ssafy_bridge' returned '0': PYTHONPATH=C:\Users\SSAFY\Desktop\tt\catkin_ws\catkin_ws\build\ssafy_bridge\prefix_override;C:\Users\SSAFY\Desktop\tt\catkin_ws\catkin_ws\install\ssafy_bridge\Lib\site-packages;%PYTHONPATH% installDir=%installDir%
IntelliJ IDEA=C:\Program Files\JetBrains\IntelliJ IDEA 2023.1.3\bin; c:\python37\python.exe setup.py egg_info --egg-base ..\..\build\ssafy_bridge build --build-base C:\Users\SSAFY\Desktop\tt\catkin_ws\catkin_ws\build\ssafy_bridge\build install --record C:\Users\SSAFY\Desktop\tt\catkin_ws\catkin_ws\build\ssafy_bridge\install.log --install-scripts $base/lib/ssafy_bridge --single-version-externally-managed
