running egg_info
creating ..\..\build\ssak3\ssak3.egg-info
writing ..\..\build\ssak3\ssak3.egg-info\PKG-INFO
writing dependency_links to ..\..\build\ssak3\ssak3.egg-info\dependency_links.txt
writing entry points to ..\..\build\ssak3\ssak3.egg-info\entry_points.txt
writing requirements to ..\..\build\ssak3\ssak3.egg-info\requires.txt
writing top-level names to ..\..\build\ssak3\ssak3.egg-info\top_level.txt
writing manifest file '..\..\build\ssak3\ssak3.egg-info\SOURCES.txt'
reading manifest file '..\..\build\ssak3\ssak3.egg-info\SOURCES.txt'
writing manifest file '..\..\build\ssak3\ssak3.egg-info\SOURCES.txt'
running build
running build_py
creating C:\Users\SSAFY\Desktop\project\S09P22B201\ros\catkin_ws\build\ssak3\build
creating C:\Users\SSAFY\Desktop\project\S09P22B201\ros\catkin_ws\build\ssak3\build\lib
creating C:\Users\SSAFY\Desktop\project\S09P22B201\ros\catkin_ws\build\ssak3\build\lib\ssak3
copying ssak3\my_node.py -> C:\Users\SSAFY\Desktop\project\S09P22B201\ros\catkin_ws\build\ssak3\build\lib\ssak3
copying ssak3\__init__.py -> C:\Users\SSAFY\Desktop\project\S09P22B201\ros\catkin_ws\build\ssak3\build\lib\ssak3
running install
running install_lib
creating C:\Users\SSAFY\Desktop\project\S09P22B201\ros\catkin_ws\install\ssak3\Lib\site-packages\ssak3
copying C:\Users\SSAFY\Desktop\project\S09P22B201\ros\catkin_ws\build\ssak3\build\lib\ssak3\my_node.py -> C:\Users\SSAFY\Desktop\project\S09P22B201\ros\catkin_ws\install\ssak3\Lib\site-packages\ssak3
copying C:\Users\SSAFY\Desktop\project\S09P22B201\ros\catkin_ws\build\ssak3\build\lib\ssak3\__init__.py -> C:\Users\SSAFY\Desktop\project\S09P22B201\ros\catkin_ws\install\ssak3\Lib\site-packages\ssak3
byte-compiling C:\Users\SSAFY\Desktop\project\S09P22B201\ros\catkin_ws\install\ssak3\Lib\site-packages\ssak3\my_node.py to my_node.cpython-37.pyc
byte-compiling C:\Users\SSAFY\Desktop\project\S09P22B201\ros\catkin_ws\install\ssak3\Lib\site-packages\ssak3\__init__.py to __init__.cpython-37.pyc
running install_data
creating C:\Users\SSAFY\Desktop\project\S09P22B201\ros\catkin_ws\install\ssak3\share\ament_index
creating C:\Users\SSAFY\Desktop\project\S09P22B201\ros\catkin_ws\install\ssak3\share\ament_index\resource_index
creating C:\Users\SSAFY\Desktop\project\S09P22B201\ros\catkin_ws\install\ssak3\share\ament_index\resource_index\packages
copying resource\ssak3 -> C:\Users\SSAFY\Desktop\project\S09P22B201\ros\catkin_ws\install\ssak3\share\ament_index\resource_index\packages
copying package.xml -> C:\Users\SSAFY\Desktop\project\S09P22B201\ros\catkin_ws\install\ssak3\share\ssak3
running install_egg_info
Copying ..\..\build\ssak3\ssak3.egg-info to C:\Users\SSAFY\Desktop\project\S09P22B201\ros\catkin_ws\install\ssak3\Lib\site-packages\ssak3-0.0.0-py3.7.egg-info
running install_scripts
Installing my_node-script.py script to C:\Users\SSAFY\Desktop\project\S09P22B201\ros\catkin_ws\install\ssak3\lib\ssak3
Installing my_node.exe script to C:\Users\SSAFY\Desktop\project\S09P22B201\ros\catkin_ws\install\ssak3\lib\ssak3
writing list of installed files to 'C:\Users\SSAFY\Desktop\project\S09P22B201\ros\catkin_ws\build\ssak3\install.log'
