[4.641s] Invoking command in 'C:\Users\SSAFY\Desktop\project\S09P22B201\ros\catkin_ws\src\ssafy_bridge': PYTHONPATH=C:\Users\SSAFY\Desktop\project\S09P22B201\ros\catkin_ws\build\ssafy_bridge\prefix_override;C:\Users\SSAFY\Desktop\project\S09P22B201\ros\catkin_ws\install\ssafy_bridge\Lib\site-packages;%PYTHONPATH% installDir=%installDir%
IntelliJ IDEA=C:\Program Files\JetBrains\IntelliJ IDEA 2023.1.3\bin; c:\python37\python.exe setup.py egg_info --egg-base ..\..\build\ssafy_bridge build --build-base C:\Users\SSAFY\Desktop\project\S09P22B201\ros\catkin_ws\build\ssafy_bridge\build install --record C:\Users\SSAFY\Desktop\project\S09P22B201\ros\catkin_ws\build\ssafy_bridge\install.log --install-scripts $base/lib/ssafy_bridge --single-version-externally-managed
[5.219s] running egg_info
[5.219s] creating ..\..\build\ssafy_bridge\ssafy_bridge.egg-info
[5.219s] writing ..\..\build\ssafy_bridge\ssafy_bridge.egg-info\PKG-INFO
[5.219s] writing dependency_links to ..\..\build\ssafy_bridge\ssafy_bridge.egg-info\dependency_links.txt
[5.219s] writing entry points to ..\..\build\ssafy_bridge\ssafy_bridge.egg-info\entry_points.txt
[5.219s] writing requirements to ..\..\build\ssafy_bridge\ssafy_bridge.egg-info\requires.txt
[5.219s] writing top-level names to ..\..\build\ssafy_bridge\ssafy_bridge.egg-info\top_level.txt
[5.219s] writing manifest file '..\..\build\ssafy_bridge\ssafy_bridge.egg-info\SOURCES.txt'
[5.250s] reading manifest file '..\..\build\ssafy_bridge\ssafy_bridge.egg-info\SOURCES.txt'
[5.250s] writing manifest file '..\..\build\ssafy_bridge\ssafy_bridge.egg-info\SOURCES.txt'
[5.250s] running build
[5.250s] running build_py
[5.250s] creating C:\Users\SSAFY\Desktop\project\S09P22B201\ros\catkin_ws\build\ssafy_bridge\build
[5.250s] creating C:\Users\SSAFY\Desktop\project\S09P22B201\ros\catkin_ws\build\ssafy_bridge\build\lib
[5.250s] creating C:\Users\SSAFY\Desktop\project\S09P22B201\ros\catkin_ws\build\ssafy_bridge\build\lib\ssafy_bridge
[5.250s] copying ssafy_bridge\cam_viewer.py -> C:\Users\SSAFY\Desktop\project\S09P22B201\ros\catkin_ws\build\ssafy_bridge\build\lib\ssafy_bridge
[5.266s] copying ssafy_bridge\ssafy_udp_parser.py -> C:\Users\SSAFY\Desktop\project\S09P22B201\ros\catkin_ws\build\ssafy_bridge\build\lib\ssafy_bridge
[5.266s] copying ssafy_bridge\sub_to_udp.py -> C:\Users\SSAFY\Desktop\project\S09P22B201\ros\catkin_ws\build\ssafy_bridge\build\lib\ssafy_bridge
[5.266s] copying ssafy_bridge\udp_to_cam.py -> C:\Users\SSAFY\Desktop\project\S09P22B201\ros\catkin_ws\build\ssafy_bridge\build\lib\ssafy_bridge
[5.266s] copying ssafy_bridge\udp_to_laser.py -> C:\Users\SSAFY\Desktop\project\S09P22B201\ros\catkin_ws\build\ssafy_bridge\build\lib\ssafy_bridge
[5.266s] copying ssafy_bridge\udp_to_pub.py -> C:\Users\SSAFY\Desktop\project\S09P22B201\ros\catkin_ws\build\ssafy_bridge\build\lib\ssafy_bridge
[5.266s] copying ssafy_bridge\utils.py -> C:\Users\SSAFY\Desktop\project\S09P22B201\ros\catkin_ws\build\ssafy_bridge\build\lib\ssafy_bridge
[5.266s] copying ssafy_bridge\__init__.py -> C:\Users\SSAFY\Desktop\project\S09P22B201\ros\catkin_ws\build\ssafy_bridge\build\lib\ssafy_bridge
[5.282s] running install
[5.282s] running install_lib
[5.282s] creating C:\Users\SSAFY\Desktop\project\S09P22B201\ros\catkin_ws\install\ssafy_bridge\Lib\site-packages\ssafy_bridge
[5.282s] copying C:\Users\SSAFY\Desktop\project\S09P22B201\ros\catkin_ws\build\ssafy_bridge\build\lib\ssafy_bridge\cam_viewer.py -> C:\Users\SSAFY\Desktop\project\S09P22B201\ros\catkin_ws\install\ssafy_bridge\Lib\site-packages\ssafy_bridge
[5.282s] copying C:\Users\SSAFY\Desktop\project\S09P22B201\ros\catkin_ws\build\ssafy_bridge\build\lib\ssafy_bridge\ssafy_udp_parser.py -> C:\Users\SSAFY\Desktop\project\S09P22B201\ros\catkin_ws\install\ssafy_bridge\Lib\site-packages\ssafy_bridge
[5.282s] copying C:\Users\SSAFY\Desktop\project\S09P22B201\ros\catkin_ws\build\ssafy_bridge\build\lib\ssafy_bridge\sub_to_udp.py -> C:\Users\SSAFY\Desktop\project\S09P22B201\ros\catkin_ws\install\ssafy_bridge\Lib\site-packages\ssafy_bridge
[5.282s] copying C:\Users\SSAFY\Desktop\project\S09P22B201\ros\catkin_ws\build\ssafy_bridge\build\lib\ssafy_bridge\udp_to_cam.py -> C:\Users\SSAFY\Desktop\project\S09P22B201\ros\catkin_ws\install\ssafy_bridge\Lib\site-packages\ssafy_bridge
[5.282s] copying C:\Users\SSAFY\Desktop\project\S09P22B201\ros\catkin_ws\build\ssafy_bridge\build\lib\ssafy_bridge\udp_to_laser.py -> C:\Users\SSAFY\Desktop\project\S09P22B201\ros\catkin_ws\install\ssafy_bridge\Lib\site-packages\ssafy_bridge
[5.297s] copying C:\Users\SSAFY\Desktop\project\S09P22B201\ros\catkin_ws\build\ssafy_bridge\build\lib\ssafy_bridge\udp_to_pub.py -> C:\Users\SSAFY\Desktop\project\S09P22B201\ros\catkin_ws\install\ssafy_bridge\Lib\site-packages\ssafy_bridge
[5.297s] copying C:\Users\SSAFY\Desktop\project\S09P22B201\ros\catkin_ws\build\ssafy_bridge\build\lib\ssafy_bridge\utils.py -> C:\Users\SSAFY\Desktop\project\S09P22B201\ros\catkin_ws\install\ssafy_bridge\Lib\site-packages\ssafy_bridge
[5.297s] copying C:\Users\SSAFY\Desktop\project\S09P22B201\ros\catkin_ws\build\ssafy_bridge\build\lib\ssafy_bridge\__init__.py -> C:\Users\SSAFY\Desktop\project\S09P22B201\ros\catkin_ws\install\ssafy_bridge\Lib\site-packages\ssafy_bridge
[5.297s] byte-compiling C:\Users\SSAFY\Desktop\project\S09P22B201\ros\catkin_ws\install\ssafy_bridge\Lib\site-packages\ssafy_bridge\cam_viewer.py to cam_viewer.cpython-37.pyc
[5.297s] byte-compiling C:\Users\SSAFY\Desktop\project\S09P22B201\ros\catkin_ws\install\ssafy_bridge\Lib\site-packages\ssafy_bridge\ssafy_udp_parser.py to ssafy_udp_parser.cpython-37.pyc
[5.313s] byte-compiling C:\Users\SSAFY\Desktop\project\S09P22B201\ros\catkin_ws\install\ssafy_bridge\Lib\site-packages\ssafy_bridge\sub_to_udp.py to sub_to_udp.cpython-37.pyc
[5.313s] byte-compiling C:\Users\SSAFY\Desktop\project\S09P22B201\ros\catkin_ws\install\ssafy_bridge\Lib\site-packages\ssafy_bridge\udp_to_cam.py to udp_to_cam.cpython-37.pyc
[5.313s] byte-compiling C:\Users\SSAFY\Desktop\project\S09P22B201\ros\catkin_ws\install\ssafy_bridge\Lib\site-packages\ssafy_bridge\udp_to_laser.py to udp_to_laser.cpython-37.pyc
[5.313s] byte-compiling C:\Users\SSAFY\Desktop\project\S09P22B201\ros\catkin_ws\install\ssafy_bridge\Lib\site-packages\ssafy_bridge\udp_to_pub.py to udp_to_pub.cpython-37.pyc
[5.328s] byte-compiling C:\Users\SSAFY\Desktop\project\S09P22B201\ros\catkin_ws\install\ssafy_bridge\Lib\site-packages\ssafy_bridge\utils.py to utils.cpython-37.pyc
[5.328s] byte-compiling C:\Users\SSAFY\Desktop\project\S09P22B201\ros\catkin_ws\install\ssafy_bridge\Lib\site-packages\ssafy_bridge\__init__.py to __init__.cpython-37.pyc
[5.328s] running install_data
[5.328s] creating C:\Users\SSAFY\Desktop\project\S09P22B201\ros\catkin_ws\install\ssafy_bridge\share\ament_index
[5.328s] creating C:\Users\SSAFY\Desktop\project\S09P22B201\ros\catkin_ws\install\ssafy_bridge\share\ament_index\resource_index
[5.328s] creating C:\Users\SSAFY\Desktop\project\S09P22B201\ros\catkin_ws\install\ssafy_bridge\share\ament_index\resource_index\packages
[5.328s] copying resource\ssafy_bridge -> C:\Users\SSAFY\Desktop\project\S09P22B201\ros\catkin_ws\install\ssafy_bridge\share\ament_index\resource_index\packages
[5.328s] copying package.xml -> C:\Users\SSAFY\Desktop\project\S09P22B201\ros\catkin_ws\install\ssafy_bridge\share\ssafy_bridge
[5.328s] running install_egg_info
[5.328s] Copying ..\..\build\ssafy_bridge\ssafy_bridge.egg-info to C:\Users\SSAFY\Desktop\project\S09P22B201\ros\catkin_ws\install\ssafy_bridge\Lib\site-packages\ssafy_bridge-0.0.0-py3.7.egg-info
[5.422s] running install_scripts
[5.422s] Installing cam_viewer-script.py script to C:\Users\SSAFY\Desktop\project\S09P22B201\ros\catkin_ws\install\ssafy_bridge\lib\ssafy_bridge
[5.422s] Installing cam_viewer.exe script to C:\Users\SSAFY\Desktop\project\S09P22B201\ros\catkin_ws\install\ssafy_bridge\lib\ssafy_bridge
[5.422s] Installing sub_to_udp-script.py script to C:\Users\SSAFY\Desktop\project\S09P22B201\ros\catkin_ws\install\ssafy_bridge\lib\ssafy_bridge
[5.422s] Installing sub_to_udp.exe script to C:\Users\SSAFY\Desktop\project\S09P22B201\ros\catkin_ws\install\ssafy_bridge\lib\ssafy_bridge
[5.422s] Installing udp_to_cam-script.py script to C:\Users\SSAFY\Desktop\project\S09P22B201\ros\catkin_ws\install\ssafy_bridge\lib\ssafy_bridge
[5.422s] Installing udp_to_cam.exe script to C:\Users\SSAFY\Desktop\project\S09P22B201\ros\catkin_ws\install\ssafy_bridge\lib\ssafy_bridge
[5.422s] Installing udp_to_laser-script.py script to C:\Users\SSAFY\Desktop\project\S09P22B201\ros\catkin_ws\install\ssafy_bridge\lib\ssafy_bridge
[5.422s] Installing udp_to_laser.exe script to C:\Users\SSAFY\Desktop\project\S09P22B201\ros\catkin_ws\install\ssafy_bridge\lib\ssafy_bridge
[5.422s] Installing udp_to_pub-script.py script to C:\Users\SSAFY\Desktop\project\S09P22B201\ros\catkin_ws\install\ssafy_bridge\lib\ssafy_bridge
[5.422s] Installing udp_to_pub.exe script to C:\Users\SSAFY\Desktop\project\S09P22B201\ros\catkin_ws\install\ssafy_bridge\lib\ssafy_bridge
[5.469s] writing list of installed files to 'C:\Users\SSAFY\Desktop\project\S09P22B201\ros\catkin_ws\build\ssafy_bridge\install.log'
[5.469s] Invoked command in 'C:\Users\SSAFY\Desktop\project\S09P22B201\ros\catkin_ws\src\ssafy_bridge' returned '0': PYTHONPATH=C:\Users\SSAFY\Desktop\project\S09P22B201\ros\catkin_ws\build\ssafy_bridge\prefix_override;C:\Users\SSAFY\Desktop\project\S09P22B201\ros\catkin_ws\install\ssafy_bridge\Lib\site-packages;%PYTHONPATH% installDir=%installDir%
IntelliJ IDEA=C:\Program Files\JetBrains\IntelliJ IDEA 2023.1.3\bin; c:\python37\python.exe setup.py egg_info --egg-base ..\..\build\ssafy_bridge build --build-base C:\Users\SSAFY\Desktop\project\S09P22B201\ros\catkin_ws\build\ssafy_bridge\build install --record C:\Users\SSAFY\Desktop\project\S09P22B201\ros\catkin_ws\build\ssafy_bridge\install.log --install-scripts $base/lib/ssafy_bridge --single-version-externally-managed
